<?xml version="1.0" encoding="UTF-8"?>
<testsuite name="alessandro.stamera.wherewolfserver.classi.TestProtezioni" tests="3" skipped="0" failures="0" errors="0" timestamp="2026-03-18T23:34:15" hostname="ALESSANDRO" time="0.054">
  <properties/>
  <testcase name="testPerdiProtezioni()" classname="alessandro.stamera.wherewolfserver.classi.TestProtezioni" time="0.021"/>
  <testcase name="[1] nome=Capo branco" classname="alessandro.stamera.wherewolfserver.classi.TestProtezioni" time="0.006"/>
  <testcase name="[1] nome=Capo branco" classname="alessandro.stamera.wherewolfserver.classi.TestProtezioni" time="0.005"/>
  <system-out><![CDATA[[]
[]
[]
[]
[]
[]
[]
[]
[]
[]
[]
[]
[]
[]
[]
[]
[]
[]
[]
[]
[]
[]
[]
[]
[]
[]
[]
[]
[]
[]
[]
[]
[]
[]
[]
[alessandro.stamera.wherewolfserver.classi.CapoBranco@33e01298, alessandro.stamera.wherewolfserver.classi.GiovaneLupo@31e75d13, alessandro.stamera.wherewolfserver.classi.LupoBranco@a5b0b86, alessandro.stamera.wherewolfserver.classi.LupoReietto@4b3c354a, alessandro.stamera.wherewolfserver.classi.LupoSolitario@78fb9a67]
[alessandro.stamera.wherewolfserver.classi.Becchino@7829b776, alessandro.stamera.wherewolfserver.classi.CapoBranco@33e01298, alessandro.stamera.wherewolfserver.classi.GiovaneLupo@31e75d13, alessandro.stamera.wherewolfserver.classi.LupoBranco@a5b0b86, alessandro.stamera.wherewolfserver.classi.LupoReietto@4b3c354a, alessandro.stamera.wherewolfserver.classi.LupoSolitario@78fb9a67]
]]></system-out>
  <system-err><![CDATA[]]></system-err>
</testsuite>
