<?xml version="1.0" encoding="UTF-8"?>
<testsuite name="alessandro.stamera.wherewolfserver.classi.TestLupo" tests="10" skipped="0" failures="0" errors="0" timestamp="2026-02-03T14:18:10" hostname="ALESSANDRO" time="0.225">
  <properties/>
  <testcase name="testLupoBranco()" classname="alessandro.stamera.wherewolfserver.classi.TestLupo" time="0.094"/>
  <testcase name="[1] lune=1" classname="alessandro.stamera.wherewolfserver.classi.TestLupo" time="0.015"/>
  <testcase name="[1] lune=1" classname="alessandro.stamera.wherewolfserver.classi.TestLupo" time="0.007"/>
  <testcase name="testLupoSolitario()" classname="alessandro.stamera.wherewolfserver.classi.TestLupo" time="0.005"/>
  <testcase name="testLupoReietto()" classname="alessandro.stamera.wherewolfserver.classi.TestLupo" time="0.016"/>
  <testcase name="[1] lune=1" classname="alessandro.stamera.wherewolfserver.classi.TestLupo" time="0.003"/>
  <testcase name="testMistico()" classname="alessandro.stamera.wherewolfserver.classi.TestLupo" time="0.013"/>
  <testcase name="testAzzeccagarbugli()" classname="alessandro.stamera.wherewolfserver.classi.TestLupo" time="0.002"/>
  <testcase name="testCapoBranco()" classname="alessandro.stamera.wherewolfserver.classi.TestLupo" time="0.003"/>
  <testcase name="[1] lune=1" classname="alessandro.stamera.wherewolfserver.classi.TestLupo" time="0.003"/>
  <system-out><![CDATA[]]></system-out>
  <system-err><![CDATA[]]></system-err>
</testsuite>
