<?xml version="1.0" encoding="UTF-8"?>
<testsuite name="alessandro.stamera.wherewolfserver.classi.TestAzzeccagarbugli" tests="9" skipped="0" failures="0" errors="0" timestamp="2026-04-08T08:55:46" hostname="ALESSANDRO" time="0.14">
  <properties/>
  <testcase name="testControlloMedium()" classname="alessandro.stamera.wherewolfserver.classi.TestAzzeccagarbugli" time="0.015"/>
  <testcase name="testCitta()" classname="alessandro.stamera.wherewolfserver.classi.TestAzzeccagarbugli" time="0.002"/>
  <testcase name="testAura()" classname="alessandro.stamera.wherewolfserver.classi.TestAzzeccagarbugli" time="0.038"/>
  <testcase name="testNome()" classname="alessandro.stamera.wherewolfserver.classi.TestAzzeccagarbugli" time="0.005"/>
  <testcase name="testBoccaDiRosa()" classname="alessandro.stamera.wherewolfserver.classi.TestAzzeccagarbugli" time="0.009"/>
  <testcase name="testMercante()" classname="alessandro.stamera.wherewolfserver.classi.TestAzzeccagarbugli" time="0.008"/>
  <testcase name="testAzzeccagarbugli()" classname="alessandro.stamera.wherewolfserver.classi.TestAzzeccagarbugli" time="0.01"/>
  <testcase name="testBorgomastro()" classname="alessandro.stamera.wherewolfserver.classi.TestAzzeccagarbugli" time="0.004"/>
  <testcase name="testDescrizione()" classname="alessandro.stamera.wherewolfserver.classi.TestAzzeccagarbugli" time="0.006"/>
  <system-out><![CDATA[]]></system-out>
  <system-err><![CDATA[]]></system-err>
</testsuite>
