<?xml version="1.0" encoding="UTF-8"?>
<testsuite name="alessandro.stamera.wherewolfserver.classi.ruoli.TestBecchino" tests="35" skipped="0" failures="0" errors="0" timestamp="2026-05-19T20:08:16" hostname="ALESSANDRO" time="0.648">
  <properties/>
  <testcase name="testEremita()" classname="alessandro.stamera.wherewolfserver.classi.ruoli.TestBecchino" time="0.005"/>
  <testcase name="testControlloMedium()" classname="alessandro.stamera.wherewolfserver.classi.ruoli.TestBecchino" time="0.005"/>
  <testcase name="testBardo()" classname="alessandro.stamera.wherewolfserver.classi.ruoli.TestBecchino" time="0.009"/>
  <testcase name="testNonna()" classname="alessandro.stamera.wherewolfserver.classi.ruoli.TestBecchino" time="0.015"/>
  <testcase name="testPrete()" classname="alessandro.stamera.wherewolfserver.classi.ruoli.TestBecchino" time="0.013"/>
  <testcase name="testAura()" classname="alessandro.stamera.wherewolfserver.classi.ruoli.TestBecchino" time="0.007"/>
  <testcase name="testLune()" classname="alessandro.stamera.wherewolfserver.classi.ruoli.TestBecchino" time="0.004"/>
  <testcase name="testMago()" classname="alessandro.stamera.wherewolfserver.classi.ruoli.TestBecchino" time="0.008"/>
  <testcase name="testNome()" classname="alessandro.stamera.wherewolfserver.classi.ruoli.TestBecchino" time="0.006"/>
  <testcase name="testOste()" classname="alessandro.stamera.wherewolfserver.classi.ruoli.TestBecchino" time="0.008"/>
  <testcase name="testRiconoscimentoNegromante()" classname="alessandro.stamera.wherewolfserver.classi.ruoli.TestBecchino" time="0.006"/>
  <testcase name="testCacciatore()" classname="alessandro.stamera.wherewolfserver.classi.ruoli.TestBecchino" time="0.006"/>
  <testcase name="[1] partita=alessandro.stamera.wherewolfserver.classi.gestione_partita.Partita@49e4c2d5, esito=VITTORIA" classname="alessandro.stamera.wherewolfserver.classi.ruoli.TestBecchino" time="0.009"/>
  <testcase name="[2] partita=alessandro.stamera.wherewolfserver.classi.gestione_partita.Partita@24a2e565, esito=VITTORIA" classname="alessandro.stamera.wherewolfserver.classi.ruoli.TestBecchino" time="0.007"/>
  <testcase name="[3] partita=alessandro.stamera.wherewolfserver.classi.gestione_partita.Partita@3e36b7a0, esito=SCONFITTA" classname="alessandro.stamera.wherewolfserver.classi.ruoli.TestBecchino" time="0.009"/>
  <testcase name="[4] partita=alessandro.stamera.wherewolfserver.classi.gestione_partita.Partita@60c1663c, esito=SCONFITTA" classname="alessandro.stamera.wherewolfserver.classi.ruoli.TestBecchino" time="0.004"/>
  <testcase name="[5] partita=alessandro.stamera.wherewolfserver.classi.gestione_partita.Partita@f5cf29b, esito=NON_FINITO" classname="alessandro.stamera.wherewolfserver.classi.ruoli.TestBecchino" time="0.012"/>
  <testcase name="[6] partita=alessandro.stamera.wherewolfserver.classi.gestione_partita.Partita@3c66b7d8, esito=SCONFITTA" classname="alessandro.stamera.wherewolfserver.classi.ruoli.TestBecchino" time="0.008"/>
  <testcase name="[1] partita=alessandro.stamera.wherewolfserver.classi.gestione_partita.Partita@37e69c43, esito=VITTORIA" classname="alessandro.stamera.wherewolfserver.classi.ruoli.TestBecchino" time="0.01"/>
  <testcase name="[2] partita=alessandro.stamera.wherewolfserver.classi.gestione_partita.Partita@5c7dfc05, esito=SCONFITTA" classname="alessandro.stamera.wherewolfserver.classi.ruoli.TestBecchino" time="0.008"/>
  <testcase name="testGuardia()" classname="alessandro.stamera.wherewolfserver.classi.ruoli.TestBecchino" time="0.007"/>
  <testcase name="testCacciatoreDiVampiri()" classname="alessandro.stamera.wherewolfserver.classi.ruoli.TestBecchino" time="0.015"/>
  <testcase name="testContadino()" classname="alessandro.stamera.wherewolfserver.classi.ruoli.TestBecchino" time="0.045"/>
  <testcase name="testCappuccettoRosso()" classname="alessandro.stamera.wherewolfserver.classi.ruoli.TestBecchino" time="0.011"/>
  <testcase name="testGuaritore()" classname="alessandro.stamera.wherewolfserver.classi.ruoli.TestBecchino" time="0.009"/>
  <testcase name="testPeccatore()" classname="alessandro.stamera.wherewolfserver.classi.ruoli.TestBecchino" time="0.008"/>
  <testcase name="testMistico()" classname="alessandro.stamera.wherewolfserver.classi.ruoli.TestBecchino" time="0.004"/>
  <testcase name="testVillaggio()" classname="alessandro.stamera.wherewolfserver.classi.ruoli.TestBecchino" time="0.008"/>
  <testcase name="testBracconiere()" classname="alessandro.stamera.wherewolfserver.classi.ruoli.TestBecchino" time="0.015"/>
  <testcase name="testSensitiva()" classname="alessandro.stamera.wherewolfserver.classi.ruoli.TestBecchino" time="0.006"/>
  <testcase name="testMedium()" classname="alessandro.stamera.wherewolfserver.classi.ruoli.TestBecchino" time="0.008"/>
  <testcase name="testMonaco()" classname="alessandro.stamera.wherewolfserver.classi.ruoli.TestBecchino" time="0.007"/>
  <testcase name="testNegromante()" classname="alessandro.stamera.wherewolfserver.classi.ruoli.TestBecchino" time="0.041"/>
  <testcase name="testDescrizione()" classname="alessandro.stamera.wherewolfserver.classi.ruoli.TestBecchino" time="0.01"/>
  <testcase name="testBecchino()" classname="alessandro.stamera.wherewolfserver.classi.ruoli.TestBecchino" time="0.007"/>
  <system-out><![CDATA[]]></system-out>
  <system-err><![CDATA[]]></system-err>
</testsuite>
