<?xml version="1.0" encoding="UTF-8"?>
<testsuite name="alessandro.stamera.wherewolfserver.classi.fazioni.TestVillaggio" tests="19" skipped="0" failures="0" errors="0" timestamp="2026-07-21T09:42:46" hostname="ALESSANDRO" time="0.167">
  <properties/>
  <testcase name="testCategoria()" classname="alessandro.stamera.wherewolfserver.classi.fazioni.TestVillaggio" time="0.004"/>
  <testcase name="testPiccoloPopolo()" classname="alessandro.stamera.wherewolfserver.classi.fazioni.TestVillaggio" time="0.003"/>
  <testcase name="testPosseduto()" classname="alessandro.stamera.wherewolfserver.classi.fazioni.TestVillaggio" time="0.002"/>
  <testcase name="testFazione()" classname="alessandro.stamera.wherewolfserver.classi.fazioni.TestVillaggio" time="0.002"/>
  <testcase name="testCitta()" classname="alessandro.stamera.wherewolfserver.classi.fazioni.TestVillaggio" time="0.002"/>
  <testcase name="testPazzo()" classname="alessandro.stamera.wherewolfserver.classi.fazioni.TestVillaggio" time="0.001"/>
  <testcase name="testLupo()" classname="alessandro.stamera.wherewolfserver.classi.fazioni.TestVillaggio" time="0.002"/>
  <testcase name="[1] partita=alessandro.stamera.wherewolfserver.classi.gestione_partita.Partita@6754ef00, esito=VITTORIA" classname="alessandro.stamera.wherewolfserver.classi.fazioni.TestVillaggio" time="0.031"/>
  <testcase name="[2] partita=alessandro.stamera.wherewolfserver.classi.gestione_partita.Partita@4acf72b6, esito=VITTORIA" classname="alessandro.stamera.wherewolfserver.classi.fazioni.TestVillaggio" time="0.004"/>
  <testcase name="[3] partita=alessandro.stamera.wherewolfserver.classi.gestione_partita.Partita@7561db12, esito=SCONFITTA" classname="alessandro.stamera.wherewolfserver.classi.fazioni.TestVillaggio" time="0.003"/>
  <testcase name="testControlloSensitiva()" classname="alessandro.stamera.wherewolfserver.classi.fazioni.TestVillaggio" time="0.003"/>
  <testcase name="testVampiro()" classname="alessandro.stamera.wherewolfserver.classi.fazioni.TestVillaggio" time="0.002"/>
  <testcase name="testVillaggio()" classname="alessandro.stamera.wherewolfserver.classi.fazioni.TestVillaggio" time="0.001"/>
  <testcase name="testCriminale()" classname="alessandro.stamera.wherewolfserver.classi.fazioni.TestVillaggio" time="0.001"/>
  <testcase name="testAmanti()" classname="alessandro.stamera.wherewolfserver.classi.fazioni.TestVillaggio" time="0.005"/>
  <testcase name="[1] partita=alessandro.stamera.wherewolfserver.classi.gestione_partita.Partita@3301500b, esito=SCONFITTA" classname="alessandro.stamera.wherewolfserver.classi.fazioni.TestVillaggio" time="0.006"/>
  <testcase name="[2] partita=alessandro.stamera.wherewolfserver.classi.gestione_partita.Partita@24b52d3e, esito=SCONFITTA" classname="alessandro.stamera.wherewolfserver.classi.fazioni.TestVillaggio" time="0.007"/>
  <testcase name="[3] partita=alessandro.stamera.wherewolfserver.classi.gestione_partita.Partita@15deb1dc, esito=VITTORIA" classname="alessandro.stamera.wherewolfserver.classi.fazioni.TestVillaggio" time="0.004"/>
  <testcase name="testNosferatu()" classname="alessandro.stamera.wherewolfserver.classi.fazioni.TestVillaggio" time="0.004"/>
  <system-out><![CDATA[]]></system-out>
  <system-err><![CDATA[]]></system-err>
</testsuite>
