<?xml version="1.0" encoding="UTF-8"?>
<testsuite name="alessandro.stamera.wherewolfserver.classi.TestBoia" tests="10" skipped="0" failures="0" errors="0" timestamp="2026-02-20T10:25:26" hostname="ALESSANDRO" time="0.11">
  <properties/>
  <testcase name="testAngeloCustode()" classname="alessandro.stamera.wherewolfserver.classi.TestBoia" time="0.003"/>
  <testcase name="testFazione()" classname="alessandro.stamera.wherewolfserver.classi.TestBoia" time="0.008"/>
  <testcase name="testCitta()" classname="alessandro.stamera.wherewolfserver.classi.TestBoia" time="0.005"/>
  <testcase name="testAura()" classname="alessandro.stamera.wherewolfserver.classi.TestBoia" time="0.008"/>
  <testcase name="testLune()" classname="alessandro.stamera.wherewolfserver.classi.TestBoia" time="0.002"/>
  <testcase name="testNome()" classname="alessandro.stamera.wherewolfserver.classi.TestBoia" time="0.006"/>
  <testcase name="testMistico()" classname="alessandro.stamera.wherewolfserver.classi.TestBoia" time="0.008"/>
  <testcase name="testVillaggio()" classname="alessandro.stamera.wherewolfserver.classi.TestBoia" time="0.011"/>
  <testcase name="testCriminale()" classname="alessandro.stamera.wherewolfserver.classi.TestBoia" time="0.01"/>
  <testcase name="testDescrizione()" classname="alessandro.stamera.wherewolfserver.classi.TestBoia" time="0.006"/>
  <system-out><![CDATA[]]></system-out>
  <system-err><![CDATA[]]></system-err>
</testsuite>
