<?xml version="1.0" encoding="UTF-8"?>
<testsuite name="alessandro.stamera.wherewolfserver.classi.ruoli.TestOste" tests="23" skipped="0" failures="0" errors="0" timestamp="2026-05-26T20:42:03" hostname="ALESSANDRO" time="0.123">
  <properties/>
  <testcase name="testEremita()" classname="alessandro.stamera.wherewolfserver.classi.ruoli.TestOste" time="0.003"/>
  <testcase name="testControlloMedium()" classname="alessandro.stamera.wherewolfserver.classi.ruoli.TestOste" time="0.005"/>
  <testcase name="testBardo()" classname="alessandro.stamera.wherewolfserver.classi.ruoli.TestOste" time="0.004"/>
  <testcase name="testNonna()" classname="alessandro.stamera.wherewolfserver.classi.ruoli.TestOste" time="0.01"/>
  <testcase name="testAura()" classname="alessandro.stamera.wherewolfserver.classi.ruoli.TestOste" time="0.003"/>
  <testcase name="testLune()" classname="alessandro.stamera.wherewolfserver.classi.ruoli.TestOste" time="0.005"/>
  <testcase name="testMago()" classname="alessandro.stamera.wherewolfserver.classi.ruoli.TestOste" time="0.002"/>
  <testcase name="testNome()" classname="alessandro.stamera.wherewolfserver.classi.ruoli.TestOste" time="0.003"/>
  <testcase name="testOste()" classname="alessandro.stamera.wherewolfserver.classi.ruoli.TestOste" time="0.004"/>
  <testcase name="testCacciatore()" classname="alessandro.stamera.wherewolfserver.classi.ruoli.TestOste" time="0.004"/>
  <testcase name="testGuardia()" classname="alessandro.stamera.wherewolfserver.classi.ruoli.TestOste" time="0.003"/>
  <testcase name="testCacciatoreDiVampiri()" classname="alessandro.stamera.wherewolfserver.classi.ruoli.TestOste" time="0.002"/>
  <testcase name="testCappuccettoRosso()" classname="alessandro.stamera.wherewolfserver.classi.ruoli.TestOste" time="0.002"/>
  <testcase name="testGuaritore()" classname="alessandro.stamera.wherewolfserver.classi.ruoli.TestOste" time="0.003"/>
  <testcase name="testPeccatore()" classname="alessandro.stamera.wherewolfserver.classi.ruoli.TestOste" time="0.001"/>
  <testcase name="testMistico()" classname="alessandro.stamera.wherewolfserver.classi.ruoli.TestOste" time="0.003"/>
  <testcase name="testVillaggio()" classname="alessandro.stamera.wherewolfserver.classi.ruoli.TestOste" time="0.003"/>
  <testcase name="testBracconiere()" classname="alessandro.stamera.wherewolfserver.classi.ruoli.TestOste" time="0.006"/>
  <testcase name="testSensitiva()" classname="alessandro.stamera.wherewolfserver.classi.ruoli.TestOste" time="0.005"/>
  <testcase name="testMedium()" classname="alessandro.stamera.wherewolfserver.classi.ruoli.TestOste" time="0.006"/>
  <testcase name="testMonaco()" classname="alessandro.stamera.wherewolfserver.classi.ruoli.TestOste" time="0.001"/>
  <testcase name="testDescrizione()" classname="alessandro.stamera.wherewolfserver.classi.ruoli.TestOste" time="0.0"/>
  <testcase name="testBecchino()" classname="alessandro.stamera.wherewolfserver.classi.ruoli.TestOste" time="0.001"/>
  <system-out><![CDATA[alessandro.stamera.wherewolfserver.classi.ruoli.Oste@5b5b59
alessandro.stamera.wherewolfserver.classi.ruoli.Oste@5b5b59
alessandro.stamera.wherewolfserver.classi.ruoli.Oste@5b5b59
alessandro.stamera.wherewolfserver.classi.ruoli.Oste@5b5b59
alessandro.stamera.wherewolfserver.classi.ruoli.Oste@5b5b59
alessandro.stamera.wherewolfserver.classi.ruoli.Oste@5b5b59
alessandro.stamera.wherewolfserver.classi.ruoli.Oste@5b5b59
alessandro.stamera.wherewolfserver.classi.ruoli.Oste@5b5b59
alessandro.stamera.wherewolfserver.classi.ruoli.Oste@5b5b59
alessandro.stamera.wherewolfserver.classi.ruoli.Oste@5b5b59
alessandro.stamera.wherewolfserver.classi.ruoli.Oste@5b5b59
alessandro.stamera.wherewolfserver.classi.ruoli.Oste@5b5b59
alessandro.stamera.wherewolfserver.classi.ruoli.Oste@5b5b59
alessandro.stamera.wherewolfserver.classi.ruoli.Oste@5b5b59
alessandro.stamera.wherewolfserver.classi.ruoli.Oste@5b5b59
alessandro.stamera.wherewolfserver.classi.ruoli.Oste@5b5b59
alessandro.stamera.wherewolfserver.classi.ruoli.Oste@5b5b59
alessandro.stamera.wherewolfserver.classi.ruoli.Oste@5b5b59
alessandro.stamera.wherewolfserver.classi.ruoli.Oste@5b5b59
alessandro.stamera.wherewolfserver.classi.ruoli.Oste@5b5b59
alessandro.stamera.wherewolfserver.classi.ruoli.Oste@5b5b59
alessandro.stamera.wherewolfserver.classi.ruoli.Oste@5b5b59
alessandro.stamera.wherewolfserver.classi.ruoli.Oste@5b5b59
]]></system-out>
  <system-err><![CDATA[]]></system-err>
</testsuite>
