<?xml version="1.0" encoding="UTF-8"?>
<testsuite name="alessandro.stamera.wherewolfserver.classi.ruoli.contadini.TestContadinoMostro" tests="21" skipped="0" failures="0" errors="0" timestamp="2026-05-28T13:13:50" hostname="ALESSANDRO" time="0.225">
  <properties/>
  <testcase name="[1] nome=Capo branco" classname="alessandro.stamera.wherewolfserver.classi.ruoli.contadini.TestContadinoMostro" time="0.025"/>
  <testcase name="testMaledetto()" classname="alessandro.stamera.wherewolfserver.classi.ruoli.contadini.TestContadinoMostro" time="0.004"/>
  <testcase name="testFazione()" classname="alessandro.stamera.wherewolfserver.classi.ruoli.contadini.TestContadinoMostro" time="0.004"/>
  <testcase name="testNome()" classname="alessandro.stamera.wherewolfserver.classi.ruoli.contadini.TestContadinoMostro" time="0.006"/>
  <testcase name="testVoti()" classname="alessandro.stamera.wherewolfserver.classi.ruoli.contadini.TestContadinoMostro" time="0.009"/>
  <testcase name="testAttaccoNosferatu()" classname="alessandro.stamera.wherewolfserver.classi.ruoli.contadini.TestContadinoMostro" time="0.008"/>
  <testcase name="testAttaccoNegromanteRomeizzato()" classname="alessandro.stamera.wherewolfserver.classi.ruoli.contadini.TestContadinoMostro" time="0.01"/>
  <testcase name="testAttaccoAssassino()" classname="alessandro.stamera.wherewolfserver.classi.ruoli.contadini.TestContadinoMostro" time="0.011"/>
  <testcase name="testContadinoEroe()" classname="alessandro.stamera.wherewolfserver.classi.ruoli.contadini.TestContadinoMostro" time="0.008"/>
  <testcase name="testContadinoLupo()" classname="alessandro.stamera.wherewolfserver.classi.ruoli.contadini.TestContadinoMostro" time="0.004"/>
  <testcase name="testGildata()" classname="alessandro.stamera.wherewolfserver.classi.ruoli.contadini.TestContadinoMostro" time="0.0"/>
  <testcase name="testContadinoNormale()" classname="alessandro.stamera.wherewolfserver.classi.ruoli.contadini.TestContadinoMostro" time="0.001"/>
  <testcase name="testContadino()" classname="alessandro.stamera.wherewolfserver.classi.ruoli.contadini.TestContadinoMostro" time="0.0"/>
  <testcase name="testAttaccoNegromante()" classname="alessandro.stamera.wherewolfserver.classi.ruoli.contadini.TestContadinoMostro" time="0.001"/>
  <testcase name="testContadinoMostro()" classname="alessandro.stamera.wherewolfserver.classi.ruoli.contadini.TestContadinoMostro" time="0.0"/>
  <testcase name="testNonMorto()" classname="alessandro.stamera.wherewolfserver.classi.ruoli.contadini.TestContadinoMostro" time="0.002"/>
  <testcase name="[1] nome=Capo branco" classname="alessandro.stamera.wherewolfserver.classi.ruoli.contadini.TestContadinoMostro" time="0.06"/>
  <testcase name="[2] nome=Lupo del branco" classname="alessandro.stamera.wherewolfserver.classi.ruoli.contadini.TestContadinoMostro" time="0.005"/>
  <testcase name="[3] nome=Lupo reietto" classname="alessandro.stamera.wherewolfserver.classi.ruoli.contadini.TestContadinoMostro" time="0.002"/>
  <testcase name="[4] nome=Lupo solitario" classname="alessandro.stamera.wherewolfserver.classi.ruoli.contadini.TestContadinoMostro" time="0.002"/>
  <testcase name="[5] nome=Contadino discendente dei lupi" classname="alessandro.stamera.wherewolfserver.classi.ruoli.contadini.TestContadinoMostro" time="0.002"/>
  <system-out><![CDATA[alessandro.stamera.wherewolfserver.classi.ruoli.contadini.ContadinoMostro@37baddde
alessandro.stamera.wherewolfserver.classi.ruoli.lupi.CapoBranco@18371d89
alessandro.stamera.wherewolfserver.classi.ruoli.contadini.ContadinoMostro@37baddde
alessandro.stamera.wherewolfserver.classi.ruoli.contadini.ContadinoMostro@37baddde
alessandro.stamera.wherewolfserver.classi.ruoli.contadini.ContadinoMostro@37baddde
alessandro.stamera.wherewolfserver.classi.ruoli.contadini.ContadinoMostro@37baddde
alessandro.stamera.wherewolfserver.classi.ruoli.contadini.ContadinoMostro@37baddde
alessandro.stamera.wherewolfserver.classi.ruoli.contadini.ContadinoMostro@37baddde
alessandro.stamera.wherewolfserver.classi.ruoli.contadini.ContadinoLupo@68565bc7
alessandro.stamera.wherewolfserver.classi.ruoli.contadini.ContadinoMostro@37baddde
alessandro.stamera.wherewolfserver.classi.ruoli.contadini.ContadinoMostro@37baddde
alessandro.stamera.wherewolfserver.classi.ruoli.contadini.ContadinoMostro@37baddde
alessandro.stamera.wherewolfserver.classi.ruoli.contadini.ContadinoMostro@37baddde
alessandro.stamera.wherewolfserver.classi.ruoli.contadini.ContadinoMostro@37baddde
alessandro.stamera.wherewolfserver.classi.ruoli.contadini.ContadinoMostro@37baddde
alessandro.stamera.wherewolfserver.classi.ruoli.contadini.ContadinoMostro@37baddde
alessandro.stamera.wherewolfserver.classi.ruoli.contadini.ContadinoMostro@37baddde
alessandro.stamera.wherewolfserver.classi.ruoli.contadini.ContadinoMostro@37baddde
alessandro.stamera.wherewolfserver.classi.ruoli.contadini.ContadinoMostro@37baddde
alessandro.stamera.wherewolfserver.classi.ruoli.contadini.ContadinoLupo@68565bc7
alessandro.stamera.wherewolfserver.classi.ruoli.lupi.CapoBranco@18371d89
alessandro.stamera.wherewolfserver.classi.ruoli.contadini.ContadinoMostro@37baddde
alessandro.stamera.wherewolfserver.classi.ruoli.contadini.ContadinoLupo@68565bc7
alessandro.stamera.wherewolfserver.classi.ruoli.lupi.LupoBranco@6fbb4061
alessandro.stamera.wherewolfserver.classi.ruoli.contadini.ContadinoMostro@37baddde
alessandro.stamera.wherewolfserver.classi.ruoli.contadini.ContadinoLupo@68565bc7
alessandro.stamera.wherewolfserver.classi.ruoli.lupi.LupoReietto@63d5874f
alessandro.stamera.wherewolfserver.classi.ruoli.contadini.ContadinoMostro@37baddde
alessandro.stamera.wherewolfserver.classi.ruoli.contadini.ContadinoLupo@68565bc7
alessandro.stamera.wherewolfserver.classi.ruoli.lupi.LupoSolitario@60c73e58
alessandro.stamera.wherewolfserver.classi.ruoli.contadini.ContadinoMostro@37baddde
alessandro.stamera.wherewolfserver.classi.ruoli.contadini.ContadinoLupo@68565bc7
alessandro.stamera.wherewolfserver.classi.ruoli.contadini.ContadinoLupo@68565bc7
]]></system-out>
  <system-err><![CDATA[]]></system-err>
</testsuite>
