<?xml version="1.0" encoding="UTF-8"?>
<testsuite name="alessandro.stamera.wherewolfserver.classi.eccezioni.TestEccezioneAssassinoAmato" tests="1" skipped="0" failures="0" errors="0" timestamp="2026-07-29T12:00:38" hostname="ALESSANDRO" time="0.012">
  <properties/>
  <testcase name="testMessaggio()" classname="alessandro.stamera.wherewolfserver.classi.eccezioni.TestEccezioneAssassinoAmato" time="0.012"/>
  <system-out><![CDATA[]]></system-out>
  <system-err><![CDATA[]]></system-err>
</testsuite>
