<?xml version="1.0" encoding="UTF-8"?>
<testsuite name="alessandro.stamera.wherewolfserver.classi.TestGuardiaCorrotta" tests="6" skipped="0" failures="0" errors="0" timestamp="2026-04-01T21:54:08" hostname="ALESSANDRO" time="0.012">
  <properties/>
  <testcase name="testGuardiaCorrotta()" classname="alessandro.stamera.wherewolfserver.classi.TestGuardiaCorrotta" time="0.001"/>
  <testcase name="testFazione()" classname="alessandro.stamera.wherewolfserver.classi.TestGuardiaCorrotta" time="0.001"/>
  <testcase name="testControlloMedium()" classname="alessandro.stamera.wherewolfserver.classi.TestGuardiaCorrotta" time="0.002"/>
  <testcase name="testAura()" classname="alessandro.stamera.wherewolfserver.classi.TestGuardiaCorrotta" time="0.001"/>
  <testcase name="testNome()" classname="alessandro.stamera.wherewolfserver.classi.TestGuardiaCorrotta" time="0.001"/>
  <testcase name="testDescrizione()" classname="alessandro.stamera.wherewolfserver.classi.TestGuardiaCorrotta" time="0.001"/>
  <system-out><![CDATA[]]></system-out>
  <system-err><![CDATA[]]></system-err>
</testsuite>
