<?xml version="1.0" encoding="UTF-8"?>
<testsuite name="alessandro.stamera.wherewolfserver.classi.ruoli.TestBallottaggio" tests="3" skipped="0" failures="0" errors="0" timestamp="2026-04-27T19:25:18" hostname="ALESSANDRO" time="0.017">
  <properties/>
  <testcase name="testAmatoAssente()" classname="alessandro.stamera.wherewolfserver.classi.ruoli.TestBallottaggio" time="0.003"/>
  <testcase name="testNessunaSegnalazione()" classname="alessandro.stamera.wherewolfserver.classi.ruoli.TestBallottaggio" time="0.006"/>
  <testcase name="testAmatoPresente()" classname="alessandro.stamera.wherewolfserver.classi.ruoli.TestBallottaggio" time="0.006"/>
  <system-out><![CDATA[]]></system-out>
  <system-err><![CDATA[]]></system-err>
</testsuite>
