<?xml version="1.0" encoding="UTF-8"?>
<testsuite name="alessandro.stamera.wherewolfserver.classi.eccezioni.TestEccezioneProgenizzazioneNonRiuscita" tests="2" skipped="0" failures="0" errors="0" timestamp="2026-07-02T09:38:24" hostname="ALESSANDRO" time="0.013">
  <properties/>
  <testcase name="testAvvisoMorteAngeloCustode()" classname="alessandro.stamera.wherewolfserver.classi.eccezioni.TestEccezioneProgenizzazioneNonRiuscita" time="0.004"/>
  <testcase name="testAvvisoMorteGhoul()" classname="alessandro.stamera.wherewolfserver.classi.eccezioni.TestEccezioneProgenizzazioneNonRiuscita" time="0.007"/>
  <system-out><![CDATA[]]></system-out>
  <system-err><![CDATA[]]></system-err>
</testsuite>
