<?xml version="1.0" encoding="UTF-8"?>
<testsuite name="alessandro.stamera.wherewolfserver.classi.TestAura" tests="4" skipped="0" failures="0" errors="0" timestamp="2026-04-24T16:47:36" hostname="ALESSANDRO" time="0.099">
  <properties/>
  <testcase name="[1] descrizione=Bianca, aura=BIANCA" classname="alessandro.stamera.wherewolfserver.classi.TestAura" time="0.016"/>
  <testcase name="[2] descrizione=Nera, aura=NERA" classname="alessandro.stamera.wherewolfserver.classi.TestAura" time="0.002"/>
  <testcase name="[1] aura=BIANCA, messaggio=Bianca" classname="alessandro.stamera.wherewolfserver.classi.TestAura" time="0.033"/>
  <testcase name="[2] aura=NERA, messaggio=Nera" classname="alessandro.stamera.wherewolfserver.classi.TestAura" time="0.006"/>
  <system-out><![CDATA[]]></system-out>
  <system-err><![CDATA[]]></system-err>
</testsuite>
