<?xml version="1.0" encoding="UTF-8"?>
<testsuite name="alessandro.stamera.wherewolfserver.classi.ruoli.guardie.TestGuardiaPrincipale" tests="5" skipped="0" failures="0" errors="0" timestamp="2026-08-01T13:54:29" hostname="ALESSANDRO" time="0.08">
  <properties/>
  <testcase name="testGuardiaCorrotta()" classname="alessandro.stamera.wherewolfserver.classi.ruoli.guardie.TestGuardiaPrincipale" time="0.001"/>
  <testcase name="testControlloMedium()" classname="alessandro.stamera.wherewolfserver.classi.ruoli.guardie.TestGuardiaPrincipale" time="0.001"/>
  <testcase name="testAura()" classname="alessandro.stamera.wherewolfserver.classi.ruoli.guardie.TestGuardiaPrincipale" time="0.003"/>
  <testcase name="testNome()" classname="alessandro.stamera.wherewolfserver.classi.ruoli.guardie.TestGuardiaPrincipale" time="0.023"/>
  <testcase name="testDescrizione()" classname="alessandro.stamera.wherewolfserver.classi.ruoli.guardie.TestGuardiaPrincipale" time="0.002"/>
  <system-out><![CDATA[]]></system-out>
  <system-err><![CDATA[]]></system-err>
</testsuite>
