<?xml version="1.0" encoding="UTF-8"?>
<testsuite name="alessandro.stamera.wherewolfserver.classi.TestGiocatoriVivi" tests="16" skipped="0" failures="0" errors="0" timestamp="2026-04-22T09:54:51" hostname="ALESSANDRO" time="0.541">
  <properties/>
  <testcase name="testAttaccoLupiAngeloCustode()" classname="alessandro.stamera.wherewolfserver.classi.TestGiocatoriVivi" time="0.244"/>
  <testcase name="testBallottaggioPuro()" classname="alessandro.stamera.wherewolfserver.classi.TestGiocatoriVivi" time="0.025"/>
  <testcase name="testSegnalazioneInquisitoreMisticoAssente()" classname="alessandro.stamera.wherewolfserver.classi.TestGiocatoriVivi" time="0.011"/>
  <testcase name="testSegnalazioneAzzeccagarbugliAmato()" classname="alessandro.stamera.wherewolfserver.classi.TestGiocatoriVivi" time="0.037"/>
  <testcase name="testAttaccoAmatoAssassino()" classname="alessandro.stamera.wherewolfserver.classi.TestGiocatoriVivi" time="0.006"/>
  <testcase name="testPareggioPrimoPosto()" classname="alessandro.stamera.wherewolfserver.classi.TestGiocatoriVivi" time="0.007"/>
  <testcase name="testAttaccoAssassino()" classname="alessandro.stamera.wherewolfserver.classi.TestGiocatoriVivi" time="0.011"/>
  <testcase name="testSegnalazioneInquisitoreMisticoPresente()" classname="alessandro.stamera.wherewolfserver.classi.TestGiocatoriVivi" time="0.016"/>
  <testcase name="testSegnalazioneInquisitoreMisticoAssenteAmato()" classname="alessandro.stamera.wherewolfserver.classi.TestGiocatoriVivi" time="0.01"/>
  <testcase name="testAngeloCustodeAccusatoNonPresente()" classname="alessandro.stamera.wherewolfserver.classi.TestGiocatoriVivi" time="0.025"/>
  <testcase name="testPareggioSecondoPosto()" classname="alessandro.stamera.wherewolfserver.classi.TestGiocatoriVivi" time="0.005"/>
  <testcase name="testSegnalazioneAngeloCustode()" classname="alessandro.stamera.wherewolfserver.classi.TestGiocatoriVivi" time="0.014"/>
  <testcase name="testUnanimita()" classname="alessandro.stamera.wherewolfserver.classi.TestGiocatoriVivi" time="0.0"/>
  <testcase name="testSegnalazioneAzzeccagarbugli()" classname="alessandro.stamera.wherewolfserver.classi.TestGiocatoriVivi" time="0.002"/>
  <testcase name="testAttaccoLupiAmato()" classname="alessandro.stamera.wherewolfserver.classi.TestGiocatoriVivi" time="0.004"/>
  <testcase name="testAngeloCustodeAccusatoPresente()" classname="alessandro.stamera.wherewolfserver.classi.TestGiocatoriVivi" time="0.007"/>
  <system-out><![CDATA[]]></system-out>
  <system-err><![CDATA[]]></system-err>
</testsuite>
