<?xml version="1.0" encoding="UTF-8"?>
<testsuite name="alessandro.stamera.wherewolfserver.classi.TestMercante" tests="10" skipped="0" failures="0" errors="0" timestamp="2026-04-22T13:10:51" hostname="ALESSANDRO" time="0.029">
  <properties/>
  <testcase name="testOratore()" classname="alessandro.stamera.wherewolfserver.classi.TestMercante" time="0.001"/>
  <testcase name="testControlloMedium()" classname="alessandro.stamera.wherewolfserver.classi.TestMercante" time="0.002"/>
  <testcase name="testCitta()" classname="alessandro.stamera.wherewolfserver.classi.TestMercante" time="0.0"/>
  <testcase name="testAura()" classname="alessandro.stamera.wherewolfserver.classi.TestMercante" time="0.001"/>
  <testcase name="testNome()" classname="alessandro.stamera.wherewolfserver.classi.TestMercante" time="0.004"/>
  <testcase name="testBoccaDiRosa()" classname="alessandro.stamera.wherewolfserver.classi.TestMercante" time="0.001"/>
  <testcase name="testMercante()" classname="alessandro.stamera.wherewolfserver.classi.TestMercante" time="0.001"/>
  <testcase name="testAzzeccagarbugli()" classname="alessandro.stamera.wherewolfserver.classi.TestMercante" time="0.001"/>
  <testcase name="testBorgomastro()" classname="alessandro.stamera.wherewolfserver.classi.TestMercante" time="0.01"/>
  <testcase name="testDescrizione()" classname="alessandro.stamera.wherewolfserver.classi.TestMercante" time="0.0"/>
  <system-out><![CDATA[]]></system-out>
  <system-err><![CDATA[]]></system-err>
</testsuite>
