<?xml version="1.0" encoding="UTF-8"?>
<testsuite name="alessandro.stamera.wherewolfserver.classi.ruoli.TestBorgomastro" tests="10" skipped="0" failures="0" errors="0" timestamp="2026-08-09T21:22:46" hostname="ALESSANDRO" time="0.16">
  <properties/>
  <testcase name="testOratore()" classname="alessandro.stamera.wherewolfserver.classi.ruoli.TestBorgomastro" time="0.011"/>
  <testcase name="testControlloMedium()" classname="alessandro.stamera.wherewolfserver.classi.ruoli.TestBorgomastro" time="0.001"/>
  <testcase name="testCitta()" classname="alessandro.stamera.wherewolfserver.classi.ruoli.TestBorgomastro" time="0.007"/>
  <testcase name="testAura()" classname="alessandro.stamera.wherewolfserver.classi.ruoli.TestBorgomastro" time="0.004"/>
  <testcase name="testNome()" classname="alessandro.stamera.wherewolfserver.classi.ruoli.TestBorgomastro" time="0.005"/>
  <testcase name="testBoccaDiRosa()" classname="alessandro.stamera.wherewolfserver.classi.ruoli.TestBorgomastro" time="0.008"/>
  <testcase name="testMercante()" classname="alessandro.stamera.wherewolfserver.classi.ruoli.TestBorgomastro" time="0.034"/>
  <testcase name="testAzzeccagarbugli()" classname="alessandro.stamera.wherewolfserver.classi.ruoli.TestBorgomastro" time="0.013"/>
  <testcase name="testBorgomastro()" classname="alessandro.stamera.wherewolfserver.classi.ruoli.TestBorgomastro" time="0.01"/>
  <testcase name="testDescrizione()" classname="alessandro.stamera.wherewolfserver.classi.ruoli.TestBorgomastro" time="0.02"/>
  <system-out><![CDATA[]]></system-out>
  <system-err><![CDATA[]]></system-err>
</testsuite>
