<?xml version="1.0" encoding="UTF-8"?>
<testsuite name="alessandro.stamera.wherewolfserver.classi.ruoli.TestAngeloCustode" tests="8" skipped="0" failures="0" errors="0" timestamp="2026-04-27T14:28:23" hostname="ALESSANDRO" time="0.694">
  <properties/>
  <testcase name="testVittoriaRomeo()" classname="alessandro.stamera.wherewolfserver.classi.ruoli.TestAngeloCustode" time="0.451"/>
  <testcase name="testAngeloCustode()" classname="alessandro.stamera.wherewolfserver.classi.ruoli.TestAngeloCustode" time="0.039"/>
  <testcase name="testAmato()" classname="alessandro.stamera.wherewolfserver.classi.ruoli.TestAngeloCustode" time="0.007"/>
  <testcase name="testNome()" classname="alessandro.stamera.wherewolfserver.classi.ruoli.TestAngeloCustode" time="0.005"/>
  <testcase name="testPartitaNonFinita()" classname="alessandro.stamera.wherewolfserver.classi.ruoli.TestAngeloCustode" time="0.035"/>
  <testcase name="testSconfittaViaggio()" classname="alessandro.stamera.wherewolfserver.classi.ruoli.TestAngeloCustode" time="0.021"/>
  <testcase name="testGiulietta()" classname="alessandro.stamera.wherewolfserver.classi.ruoli.TestAngeloCustode" time="0.009"/>
  <testcase name="testDescrizione()" classname="alessandro.stamera.wherewolfserver.classi.ruoli.TestAngeloCustode" time="0.003"/>
  <system-out><![CDATA[]]></system-out>
  <system-err><![CDATA[]]></system-err>
</testsuite>
