<?xml version="1.0" encoding="UTF-8"?>
<testsuite name="alessandro.stamera.wherewolfserver.classi.TestBallottaggio" tests="2" skipped="0" failures="0" errors="0" timestamp="2026-04-21T13:09:23" hostname="ALESSANDRO" time="0.02">
  <properties/>
  <testcase name="testAmatoAssente()" classname="alessandro.stamera.wherewolfserver.classi.TestBallottaggio" time="0.015"/>
  <testcase name="testAmatoPresente()" classname="alessandro.stamera.wherewolfserver.classi.TestBallottaggio" time="0.003"/>
  <system-out><![CDATA[]]></system-out>
  <system-err><![CDATA[]]></system-err>
</testsuite>
