<?xml version="1.0" encoding="UTF-8"?>
<testsuite name="alessandro.stamera.wherewolfserver.classi.ruoli.classi_generiche.TestRuolo" tests="25" skipped="0" failures="0" errors="0" timestamp="2026-06-01T14:47:40" hostname="ALESSANDRO" time="0.162">
  <properties/>
  <testcase name="testAttaccoNegromanteRomeo()" classname="alessandro.stamera.wherewolfserver.classi.ruoli.classi_generiche.TestRuolo" time="0.003"/>
  <testcase name="[1] nome=Capo branco" classname="alessandro.stamera.wherewolfserver.classi.ruoli.classi_generiche.TestRuolo" time="0.001"/>
  <testcase name="attaccoAssassinoAmato()" classname="alessandro.stamera.wherewolfserver.classi.ruoli.classi_generiche.TestRuolo" time="0.001"/>
  <testcase name="testVoti()" classname="alessandro.stamera.wherewolfserver.classi.ruoli.classi_generiche.TestRuolo" time="0.001"/>
  <testcase name="[1] partita=Mock for Partita, hashCode: 1262638455, esito=NON_FINITO" classname="alessandro.stamera.wherewolfserver.classi.ruoli.classi_generiche.TestRuolo" time="0.002"/>
  <testcase name="[2] partita=alessandro.stamera.wherewolfserver.classi.gestione_partita.Partita@1c628f6a, esito=SCONFITTA" classname="alessandro.stamera.wherewolfserver.classi.ruoli.classi_generiche.TestRuolo" time="0.001"/>
  <testcase name="testControlloSensitiva()" classname="alessandro.stamera.wherewolfserver.classi.ruoli.classi_generiche.TestRuolo" time="0.002"/>
  <testcase name="testAttaccoNosferatu()" classname="alessandro.stamera.wherewolfserver.classi.ruoli.classi_generiche.TestRuolo" time="0.001"/>
  <testcase name="testGildata()" classname="alessandro.stamera.wherewolfserver.classi.ruoli.classi_generiche.TestRuolo" time="0.001"/>
  <testcase name="[1] nomeCreaturaOmbra=Capo branco" classname="alessandro.stamera.wherewolfserver.classi.ruoli.classi_generiche.TestRuolo" time="0.004"/>
  <testcase name="vampirizzazione()" classname="alessandro.stamera.wherewolfserver.classi.ruoli.classi_generiche.TestRuolo" time="0.001"/>
  <testcase name="testInizializzazione()" classname="alessandro.stamera.wherewolfserver.classi.ruoli.classi_generiche.TestRuolo" time="0.001"/>
  <testcase name="testSegnalazioneInquisitore()" classname="alessandro.stamera.wherewolfserver.classi.ruoli.classi_generiche.TestRuolo" time="0.001"/>
  <testcase name="[1] nome=Capo branco" classname="alessandro.stamera.wherewolfserver.classi.ruoli.classi_generiche.TestRuolo" time="0.002"/>
  <testcase name="testSegnalazioneOratore()" classname="alessandro.stamera.wherewolfserver.classi.ruoli.classi_generiche.TestRuolo" time="0.001"/>
  <testcase name="attaccoAssassino()" classname="alessandro.stamera.wherewolfserver.classi.ruoli.classi_generiche.TestRuolo" time="0.001"/>
  <testcase name="testSegnalazioneBoia()" classname="alessandro.stamera.wherewolfserver.classi.ruoli.classi_generiche.TestRuolo" time="0.002"/>
  <testcase name="testAttaccoNegromante()" classname="alessandro.stamera.wherewolfserver.classi.ruoli.classi_generiche.TestRuolo" time="0.0"/>
  <testcase name="testAttaccoNosferatuAmato()" classname="alessandro.stamera.wherewolfserver.classi.ruoli.classi_generiche.TestRuolo" time="0.003"/>
  <testcase name="testSegnalazioneAzzeccagarbugli()" classname="alessandro.stamera.wherewolfserver.classi.ruoli.classi_generiche.TestRuolo" time="0.001"/>
  <testcase name="[1] nome=Capo branco" classname="alessandro.stamera.wherewolfserver.classi.ruoli.classi_generiche.TestRuolo" time="0.003"/>
  <testcase name="[2] nome=Lupo del branco" classname="alessandro.stamera.wherewolfserver.classi.ruoli.classi_generiche.TestRuolo" time="0.009"/>
  <testcase name="[3] nome=Lupo solitario" classname="alessandro.stamera.wherewolfserver.classi.ruoli.classi_generiche.TestRuolo" time="0.007"/>
  <testcase name="[4] nome=Lupo reietto" classname="alessandro.stamera.wherewolfserver.classi.ruoli.classi_generiche.TestRuolo" time="0.005"/>
  <testcase name="[5] nome=Contadino discendente dei lupi" classname="alessandro.stamera.wherewolfserver.classi.ruoli.classi_generiche.TestRuolo" time="0.006"/>
  <system-out><![CDATA[alessandro.stamera.wherewolfserver.classi.ruoli.contadini.ContadinoLupo@5a034157
alessandro.stamera.wherewolfserver.classi.ruoli.contadini.ContadinoLupo@5a034157
alessandro.stamera.wherewolfserver.classi.ruoli.lupi.CapoBranco@7a45d714
alessandro.stamera.wherewolfserver.classi.ruoli.contadini.ContadinoLupo@5a034157
alessandro.stamera.wherewolfserver.classi.ruoli.contadini.ContadinoLupo@5a034157
alessandro.stamera.wherewolfserver.classi.ruoli.lupi.CapoBranco@7a45d714
alessandro.stamera.wherewolfserver.classi.ruoli.lupi.CapoBranco@7a45d714
alessandro.stamera.wherewolfserver.classi.ruoli.contadini.ContadinoLupo@5a034157
alessandro.stamera.wherewolfserver.classi.ruoli.contadini.ContadinoLupo@5a034157
alessandro.stamera.wherewolfserver.classi.ruoli.lupi.CapoBranco@7a45d714
alessandro.stamera.wherewolfserver.classi.ruoli.contadini.ContadinoLupo@5a034157
alessandro.stamera.wherewolfserver.classi.ruoli.lupi.LupoBranco@2ae62bb6
alessandro.stamera.wherewolfserver.classi.ruoli.contadini.ContadinoLupo@5a034157
alessandro.stamera.wherewolfserver.classi.ruoli.lupi.LupoSolitario@56b859a6
alessandro.stamera.wherewolfserver.classi.ruoli.contadini.ContadinoLupo@5a034157
alessandro.stamera.wherewolfserver.classi.ruoli.lupi.LupoReietto@68ed3f30
alessandro.stamera.wherewolfserver.classi.ruoli.contadini.ContadinoLupo@5a034157
alessandro.stamera.wherewolfserver.classi.ruoli.contadini.ContadinoLupo@5a034157
]]></system-out>
  <system-err><![CDATA[]]></system-err>
</testsuite>
