<?xml version="1.0" encoding="UTF-8"?>
<testsuite name="alessandro.stamera.wherewolfserver.classi.ruoli.classi_generiche.TestCreatureOmbra" tests="2" skipped="0" failures="0" errors="0" timestamp="2026-06-29T13:34:57" hostname="ALESSANDRO" time="0.492">
  <properties/>
  <testcase name="[1] partita=alessandro.stamera.wherewolfserver.classi.gestione_partita.Partita@64da6cbd, esito=SCONFITTA" classname="alessandro.stamera.wherewolfserver.classi.ruoli.classi_generiche.TestCreatureOmbra" time="0.484"/>
  <testcase name="[2] partita=alessandro.stamera.wherewolfserver.classi.gestione_partita.Partita@57f8951a, esito=NON_FINITO" classname="alessandro.stamera.wherewolfserver.classi.ruoli.classi_generiche.TestCreatureOmbra" time="0.007"/>
  <system-out><![CDATA[]]></system-out>
  <system-err><![CDATA[]]></system-err>
</testsuite>
