<?xml version="1.0" encoding="UTF-8"?>
<testsuite name="alessandro.stamera.wherewolfserver.classi.TestAura" tests="4" skipped="0" failures="0" errors="0" timestamp="2026-01-19T14:28:16" hostname="ALESSANDRO" time="0.166">
  <properties/>
  <testcase name="[1] descrizione=Bianca, aura=BIANCA" classname="alessandro.stamera.wherewolfserver.classi.TestAura" time="0.111"/>
  <testcase name="[2] descrizione=Nera, aura=NERA" classname="alessandro.stamera.wherewolfserver.classi.TestAura" time="0.002"/>
  <testcase name="[1] aura=BIANCA, messaggio=Bianca" classname="alessandro.stamera.wherewolfserver.classi.TestAura" time="0.01"/>
  <testcase name="[2] aura=NERA, messaggio=Nera" classname="alessandro.stamera.wherewolfserver.classi.TestAura" time="0.005"/>
  <system-out><![CDATA[]]></system-out>
  <system-err><![CDATA[]]></system-err>
</testsuite>
