<?xml version="1.0" encoding="UTF-8"?>
<testsuite name="alessandro.stamera.wherewolfserver.classi.fazioni.TestInquisizione" tests="22" skipped="0" failures="0" errors="0" timestamp="2026-06-23T11:34:18" hostname="ALESSANDRO" time="0.073">
  <properties/>
  <testcase name="testCategoria()" classname="alessandro.stamera.wherewolfserver.classi.fazioni.TestInquisizione" time="0.006"/>
  <testcase name="testPiccoloPopolo()" classname="alessandro.stamera.wherewolfserver.classi.fazioni.TestInquisizione" time="0.004"/>
  <testcase name="testPosseduto()" classname="alessandro.stamera.wherewolfserver.classi.fazioni.TestInquisizione" time="0.002"/>
  <testcase name="testFazione()" classname="alessandro.stamera.wherewolfserver.classi.fazioni.TestInquisizione" time="0.001"/>
  <testcase name="testCitta()" classname="alessandro.stamera.wherewolfserver.classi.fazioni.TestInquisizione" time="0.002"/>
  <testcase name="testGhoul()" classname="alessandro.stamera.wherewolfserver.classi.fazioni.TestInquisizione" time="0.002"/>
  <testcase name="testPazzo()" classname="alessandro.stamera.wherewolfserver.classi.fazioni.TestInquisizione" time="0.001"/>
  <testcase name="testLune()" classname="alessandro.stamera.wherewolfserver.classi.fazioni.TestInquisizione" time="0.001"/>
  <testcase name="testLupo()" classname="alessandro.stamera.wherewolfserver.classi.fazioni.TestInquisizione" time="0.0"/>
  <testcase name="[1] partita=alessandro.stamera.wherewolfserver.classi.gestione_partita.Partita@49d30c6f, esito=SCONFITTA" classname="alessandro.stamera.wherewolfserver.classi.fazioni.TestInquisizione" time="0.003"/>
  <testcase name="[2] partita=alessandro.stamera.wherewolfserver.classi.gestione_partita.Partita@1115433e, esito=VITTORIA" classname="alessandro.stamera.wherewolfserver.classi.fazioni.TestInquisizione" time="0.001"/>
  <testcase name="testVampiro()" classname="alessandro.stamera.wherewolfserver.classi.fazioni.TestInquisizione" time="0.0"/>
  <testcase name="testInquisizione()" classname="alessandro.stamera.wherewolfserver.classi.fazioni.TestInquisizione" time="0.001"/>
  <testcase name="testPeccatore()" classname="alessandro.stamera.wherewolfserver.classi.fazioni.TestInquisizione" time="0.0"/>
  <testcase name="testMistico()" classname="alessandro.stamera.wherewolfserver.classi.fazioni.TestInquisizione" time="0.003"/>
  <testcase name="testVillaggio()" classname="alessandro.stamera.wherewolfserver.classi.fazioni.TestInquisizione" time="0.001"/>
  <testcase name="testCriminale()" classname="alessandro.stamera.wherewolfserver.classi.fazioni.TestInquisizione" time="0.001"/>
  <testcase name="testAmanti()" classname="alessandro.stamera.wherewolfserver.classi.fazioni.TestInquisizione" time="0.001"/>
  <testcase name="testGoblin()" classname="alessandro.stamera.wherewolfserver.classi.fazioni.TestInquisizione" time="0.007"/>
  <testcase name="testMegera()" classname="alessandro.stamera.wherewolfserver.classi.fazioni.TestInquisizione" time="0.002"/>
  <testcase name="testNosferatu()" classname="alessandro.stamera.wherewolfserver.classi.fazioni.TestInquisizione" time="0.001"/>
  <testcase name="testGiullare()" classname="alessandro.stamera.wherewolfserver.classi.fazioni.TestInquisizione" time="0.001"/>
  <system-out><![CDATA[]]></system-out>
  <system-err><![CDATA[]]></system-err>
</testsuite>
