<?xml version="1.0" encoding="UTF-8"?>
<testsuite name="alessandro.stamera.wherewolfserver.classi.fazioni.TestLupo" tests="29" skipped="0" failures="0" errors="0" timestamp="2026-05-27T14:39:48" hostname="ALESSANDRO" time="0.198">
  <properties/>
  <testcase name="testCategoria()" classname="alessandro.stamera.wherewolfserver.classi.fazioni.TestLupo" time="0.004"/>
  <testcase name="testPiccoloPopolo()" classname="alessandro.stamera.wherewolfserver.classi.fazioni.TestLupo" time="0.002"/>
  <testcase name="testPosseduto()" classname="alessandro.stamera.wherewolfserver.classi.fazioni.TestLupo" time="0.002"/>
  <testcase name="testAngeloCustode()" classname="alessandro.stamera.wherewolfserver.classi.fazioni.TestLupo" time="0.043"/>
  <testcase name="testFazione()" classname="alessandro.stamera.wherewolfserver.classi.fazioni.TestLupo" time="0.001"/>
  <testcase name="testControlloMedium()" classname="alessandro.stamera.wherewolfserver.classi.fazioni.TestLupo" time="0.002"/>
  <testcase name="testAmato()" classname="alessandro.stamera.wherewolfserver.classi.fazioni.TestLupo" time="0.003"/>
  <testcase name="testCitta()" classname="alessandro.stamera.wherewolfserver.classi.fazioni.TestLupo" time="0.002"/>
  <testcase name="testGhoul()" classname="alessandro.stamera.wherewolfserver.classi.fazioni.TestLupo" time="0.002"/>
  <testcase name="testPazzo()" classname="alessandro.stamera.wherewolfserver.classi.fazioni.TestLupo" time="0.0"/>
  <testcase name="testAura()" classname="alessandro.stamera.wherewolfserver.classi.fazioni.TestLupo" time="0.001"/>
  <testcase name="testLupo()" classname="alessandro.stamera.wherewolfserver.classi.fazioni.TestLupo" time="0.001"/>
  <testcase name="[1] partita=alessandro.stamera.wherewolfserver.classi.gestione_partita.Partita@403c3a01, esito=VITTORIA" classname="alessandro.stamera.wherewolfserver.classi.fazioni.TestLupo" time="0.004"/>
  <testcase name="[2] partita=alessandro.stamera.wherewolfserver.classi.gestione_partita.Partita@2daf06fc, esito=SCONFITTA" classname="alessandro.stamera.wherewolfserver.classi.fazioni.TestLupo" time="0.001"/>
  <testcase name="[3] partita=alessandro.stamera.wherewolfserver.classi.gestione_partita.Partita@28237492, esito=NON_FINITO" classname="alessandro.stamera.wherewolfserver.classi.fazioni.TestLupo" time="0.001"/>
  <testcase name="testAttaccoNosferatu()" classname="alessandro.stamera.wherewolfserver.classi.fazioni.TestLupo" time="0.001"/>
  <testcase name="[1] nome=Capo branco" classname="alessandro.stamera.wherewolfserver.classi.fazioni.TestLupo" time="0.006"/>
  <testcase name="[1] nome=Capo branco" classname="alessandro.stamera.wherewolfserver.classi.fazioni.TestLupo" time="0.003"/>
  <testcase name="testGildata()" classname="alessandro.stamera.wherewolfserver.classi.fazioni.TestLupo" time="0.003"/>
  <testcase name="testInquisizione()" classname="alessandro.stamera.wherewolfserver.classi.fazioni.TestLupo" time="0.001"/>
  <testcase name="testSegnalazioneBoia()" classname="alessandro.stamera.wherewolfserver.classi.fazioni.TestLupo" time="0.001"/>
  <testcase name="testMistico()" classname="alessandro.stamera.wherewolfserver.classi.fazioni.TestLupo" time="0.002"/>
  <testcase name="testVillaggio()" classname="alessandro.stamera.wherewolfserver.classi.fazioni.TestLupo" time="0.002"/>
  <testcase name="testCriminale()" classname="alessandro.stamera.wherewolfserver.classi.fazioni.TestLupo" time="0.001"/>
  <testcase name="testAmanti()" classname="alessandro.stamera.wherewolfserver.classi.fazioni.TestLupo" time="0.0"/>
  <testcase name="testGoblin()" classname="alessandro.stamera.wherewolfserver.classi.fazioni.TestLupo" time="0.0"/>
  <testcase name="testMegera()" classname="alessandro.stamera.wherewolfserver.classi.fazioni.TestLupo" time="0.001"/>
  <testcase name="testNosferatu()" classname="alessandro.stamera.wherewolfserver.classi.fazioni.TestLupo" time="0.0"/>
  <testcase name="testGiullare()" classname="alessandro.stamera.wherewolfserver.classi.fazioni.TestLupo" time="0.001"/>
  <system-out><![CDATA[alessandro.stamera.wherewolfserver.classi.ruoli.contadini.ContadinoLupo@69afa141
alessandro.stamera.wherewolfserver.classi.ruoli.lupi.CapoBranco@17092fff
alessandro.stamera.wherewolfserver.classi.ruoli.lupi.LupoBranco@4f3faa70
alessandro.stamera.wherewolfserver.classi.ruoli.Pazzo@2ff7a73
alessandro.stamera.wherewolfserver.classi.ruoli.Azzeccagarbugli@6056232d
alessandro.stamera.wherewolfserver.classi.ruoli.Giullare@3e5fd2b1
alessandro.stamera.wherewolfserver.classi.ruoli.Guaritore@6d074b14
alessandro.stamera.wherewolfserver.classi.ruoli.Oratore@485e13d7
alessandro.stamera.wherewolfserver.classi.ruoli.lupi.CapoBranco@17092fff
alessandro.stamera.wherewolfserver.classi.ruoli.contadini.ContadinoLupo@69afa141
alessandro.stamera.wherewolfserver.classi.ruoli.lupi.CapoBranco@17092fff
alessandro.stamera.wherewolfserver.classi.ruoli.contadini.ContadinoLupo@69afa141
alessandro.stamera.wherewolfserver.classi.ruoli.lupi.CapoBranco@17092fff
]]></system-out>
  <system-err><![CDATA[]]></system-err>
</testsuite>
