<?xml version="1.0" encoding="UTF-8"?>
<testsuite name="alessandro.stamera.wherewolfserver.classi.gestione_partita.TestGiocatore" tests="3" skipped="0" failures="0" errors="0" timestamp="2026-07-29T14:12:27" hostname="ALESSANDRO" time="0.01">
  <properties/>
  <testcase name="testOratore()" classname="alessandro.stamera.wherewolfserver.classi.gestione_partita.TestGiocatore" time="0.001"/>
  <testcase name="testAmato()" classname="alessandro.stamera.wherewolfserver.classi.gestione_partita.TestGiocatore" time="0.0"/>
  <testcase name="testVoti()" classname="alessandro.stamera.wherewolfserver.classi.gestione_partita.TestGiocatore" time="0.003"/>
  <system-out><![CDATA[]]></system-out>
  <system-err><![CDATA[]]></system-err>
</testsuite>
