<?xml version="1.0" encoding="UTF-8"?>
<testsuite name="alessandro.stamera.wherewolfserver.classi.ruoli.contadini.TestContadinoEroe" tests="8" skipped="0" failures="0" errors="0" timestamp="2026-05-29T13:17:30" hostname="ALESSANDRO" time="0.02">
  <properties/>
  <testcase name="[1] nome=Capo branco" classname="alessandro.stamera.wherewolfserver.classi.ruoli.contadini.TestContadinoEroe" time="0.002"/>
  <testcase name="testFazione()" classname="alessandro.stamera.wherewolfserver.classi.ruoli.contadini.TestContadinoEroe" time="0.001"/>
  <testcase name="testNome()" classname="alessandro.stamera.wherewolfserver.classi.ruoli.contadini.TestContadinoEroe" time="0.001"/>
  <testcase name="testContadinoEroe()" classname="alessandro.stamera.wherewolfserver.classi.ruoli.contadini.TestContadinoEroe" time="0.001"/>
  <testcase name="testContadinoLupo()" classname="alessandro.stamera.wherewolfserver.classi.ruoli.contadini.TestContadinoEroe" time="0.001"/>
  <testcase name="testContadinoNormale()" classname="alessandro.stamera.wherewolfserver.classi.ruoli.contadini.TestContadinoEroe" time="0.006"/>
  <testcase name="testContadino()" classname="alessandro.stamera.wherewolfserver.classi.ruoli.contadini.TestContadinoEroe" time="0.001"/>
  <testcase name="testContadinoMostro()" classname="alessandro.stamera.wherewolfserver.classi.ruoli.contadini.TestContadinoEroe" time="0.002"/>
  <system-out><![CDATA[alessandro.stamera.wherewolfserver.classi.ruoli.contadini.ContadinoEroe@69c43e48
alessandro.stamera.wherewolfserver.classi.ruoli.lupi.CapoBranco@425357dd
alessandro.stamera.wherewolfserver.classi.ruoli.contadini.ContadinoEroe@69c43e48
alessandro.stamera.wherewolfserver.classi.ruoli.contadini.ContadinoEroe@69c43e48
alessandro.stamera.wherewolfserver.classi.ruoli.contadini.ContadinoEroe@69c43e48
alessandro.stamera.wherewolfserver.classi.ruoli.contadini.ContadinoEroe@69c43e48
alessandro.stamera.wherewolfserver.classi.ruoli.contadini.ContadinoEroe@69c43e48
alessandro.stamera.wherewolfserver.classi.ruoli.contadini.ContadinoEroe@69c43e48
alessandro.stamera.wherewolfserver.classi.ruoli.contadini.ContadinoEroe@69c43e48
]]></system-out>
  <system-err><![CDATA[]]></system-err>
</testsuite>
