<?xml version="1.0" encoding="UTF-8"?>
<testsuite name="alessandro.stamera.wherewolfserver.classi.ruoli.TestAngeloCustode" tests="6" skipped="0" failures="0" errors="0" timestamp="2026-05-28T08:53:32" hostname="ALESSANDRO" time="0.793">
  <properties/>
  <testcase name="testAngeloCustode()" classname="alessandro.stamera.wherewolfserver.classi.ruoli.TestAngeloCustode" time="0.009"/>
  <testcase name="testAmato()" classname="alessandro.stamera.wherewolfserver.classi.ruoli.TestAngeloCustode" time="0.003"/>
  <testcase name="testNome()" classname="alessandro.stamera.wherewolfserver.classi.ruoli.TestAngeloCustode" time="0.001"/>
  <testcase name="testSconfittaViaggio()" classname="alessandro.stamera.wherewolfserver.classi.ruoli.TestAngeloCustode" time="0.556"/>
  <testcase name="testGiulietta()" classname="alessandro.stamera.wherewolfserver.classi.ruoli.TestAngeloCustode" time="0.033"/>
  <testcase name="testDescrizione()" classname="alessandro.stamera.wherewolfserver.classi.ruoli.TestAngeloCustode" time="0.09"/>
  <system-out><![CDATA[alessandro.stamera.wherewolfserver.classi.ruoli.AngeloCustode@1e886a5b
alessandro.stamera.wherewolfserver.classi.ruoli.AngeloCustode@1e886a5b
alessandro.stamera.wherewolfserver.classi.ruoli.AngeloCustode@1e886a5b
alessandro.stamera.wherewolfserver.classi.ruoli.AngeloCustode@1e886a5b
alessandro.stamera.wherewolfserver.classi.ruoli.AngeloCustode@1e886a5b
alessandro.stamera.wherewolfserver.classi.ruoli.AngeloCustode@1e886a5b
]]></system-out>
  <system-err><![CDATA[]]></system-err>
</testsuite>
