<?xml version="1.0" encoding="UTF-8"?>
<testsuite name="alessandro.stamera.wherewolfserver.classi.TestBoia" tests="6" skipped="0" failures="0" errors="0" timestamp="2026-03-17T10:44:45" hostname="ALESSANDRO" time="0.033">
  <properties/>
  <testcase name="testAura()" classname="alessandro.stamera.wherewolfserver.classi.TestBoia" time="0.005"/>
  <testcase name="testBoia()" classname="alessandro.stamera.wherewolfserver.classi.TestBoia" time="0.003"/>
  <testcase name="testNome()" classname="alessandro.stamera.wherewolfserver.classi.TestBoia" time="0.003"/>
  <testcase name="testInquisizione()" classname="alessandro.stamera.wherewolfserver.classi.TestBoia" time="0.003"/>
  <testcase name="testInquisitore()" classname="alessandro.stamera.wherewolfserver.classi.TestBoia" time="0.002"/>
  <testcase name="testDescrizione()" classname="alessandro.stamera.wherewolfserver.classi.TestBoia" time="0.008"/>
  <system-out><![CDATA[]]></system-out>
  <system-err><![CDATA[]]></system-err>
</testsuite>
