<?xml version="1.0" encoding="UTF-8"?>
<testsuite name="alessandro.stamera.wherewolfserver.classi.TestBorgomastro" tests="9" skipped="0" failures="0" errors="0" timestamp="2026-04-01T19:17:25" hostname="ALESSANDRO" time="0.073">
  <properties/>
  <testcase name="testControlloMedium()" classname="alessandro.stamera.wherewolfserver.classi.TestBorgomastro" time="0.003"/>
  <testcase name="testCitta()" classname="alessandro.stamera.wherewolfserver.classi.TestBorgomastro" time="0.003"/>
  <testcase name="testAura()" classname="alessandro.stamera.wherewolfserver.classi.TestBorgomastro" time="0.002"/>
  <testcase name="testNome()" classname="alessandro.stamera.wherewolfserver.classi.TestBorgomastro" time="0.002"/>
  <testcase name="testBoccaDiRosa()" classname="alessandro.stamera.wherewolfserver.classi.TestBorgomastro" time="0.002"/>
  <testcase name="testMercante()" classname="alessandro.stamera.wherewolfserver.classi.TestBorgomastro" time="0.004"/>
  <testcase name="testAzzeccagarbugli()" classname="alessandro.stamera.wherewolfserver.classi.TestBorgomastro" time="0.008"/>
  <testcase name="testBorgomastro()" classname="alessandro.stamera.wherewolfserver.classi.TestBorgomastro" time="0.011"/>
  <testcase name="testDescrizione()" classname="alessandro.stamera.wherewolfserver.classi.TestBorgomastro" time="0.017"/>
  <system-out><![CDATA[]]></system-out>
  <system-err><![CDATA[]]></system-err>
</testsuite>
