<?xml version="1.0" encoding="UTF-8"?>
<testsuite name="alessandro.stamera.wherewolfserver.classi.fazioni.TestVillaggio" tests="18" skipped="0" failures="0" errors="0" timestamp="2026-06-12T16:14:56" hostname="ALESSANDRO" time="0.234">
  <properties/>
  <testcase name="testCategoria()" classname="alessandro.stamera.wherewolfserver.classi.fazioni.TestVillaggio" time="0.002"/>
  <testcase name="testPiccoloPopolo()" classname="alessandro.stamera.wherewolfserver.classi.fazioni.TestVillaggio" time="0.001"/>
  <testcase name="testPosseduto()" classname="alessandro.stamera.wherewolfserver.classi.fazioni.TestVillaggio" time="0.001"/>
  <testcase name="testFazione()" classname="alessandro.stamera.wherewolfserver.classi.fazioni.TestVillaggio" time="0.006"/>
  <testcase name="testCitta()" classname="alessandro.stamera.wherewolfserver.classi.fazioni.TestVillaggio" time="0.003"/>
  <testcase name="testPazzo()" classname="alessandro.stamera.wherewolfserver.classi.fazioni.TestVillaggio" time="0.009"/>
  <testcase name="testLupo()" classname="alessandro.stamera.wherewolfserver.classi.fazioni.TestVillaggio" time="0.014"/>
  <testcase name="[1] partita=alessandro.stamera.wherewolfserver.classi.gestione_partita.Partita@42a0501e, esito=VITTORIA" classname="alessandro.stamera.wherewolfserver.classi.fazioni.TestVillaggio" time="0.005"/>
  <testcase name="[2] partita=alessandro.stamera.wherewolfserver.classi.gestione_partita.Partita@6aa3bfc, esito=VITTORIA" classname="alessandro.stamera.wherewolfserver.classi.fazioni.TestVillaggio" time="0.005"/>
  <testcase name="[3] partita=alessandro.stamera.wherewolfserver.classi.gestione_partita.Partita@6e4599c0, esito=SCONFITTA" classname="alessandro.stamera.wherewolfserver.classi.fazioni.TestVillaggio" time="0.003"/>
  <testcase name="testControlloSensitiva()" classname="alessandro.stamera.wherewolfserver.classi.fazioni.TestVillaggio" time="0.001"/>
  <testcase name="testVillaggio()" classname="alessandro.stamera.wherewolfserver.classi.fazioni.TestVillaggio" time="0.003"/>
  <testcase name="testCriminale()" classname="alessandro.stamera.wherewolfserver.classi.fazioni.TestVillaggio" time="0.001"/>
  <testcase name="testAmanti()" classname="alessandro.stamera.wherewolfserver.classi.fazioni.TestVillaggio" time="0.002"/>
  <testcase name="[1] partita=alessandro.stamera.wherewolfserver.classi.gestione_partita.Partita@7dffda8b, esito=SCONFITTA" classname="alessandro.stamera.wherewolfserver.classi.fazioni.TestVillaggio" time="0.007"/>
  <testcase name="[2] partita=alessandro.stamera.wherewolfserver.classi.gestione_partita.Partita@3d1f558a, esito=SCONFITTA" classname="alessandro.stamera.wherewolfserver.classi.fazioni.TestVillaggio" time="0.024"/>
  <testcase name="[3] partita=alessandro.stamera.wherewolfserver.classi.gestione_partita.Partita@6abdec0e, esito=VITTORIA" classname="alessandro.stamera.wherewolfserver.classi.fazioni.TestVillaggio" time="0.006"/>
  <testcase name="testNosferatu()" classname="alessandro.stamera.wherewolfserver.classi.fazioni.TestVillaggio" time="0.002"/>
  <system-out><![CDATA[]]></system-out>
  <system-err><![CDATA[]]></system-err>
</testsuite>
