<?xml version="1.0" encoding="UTF-8"?>
<testsuite name="alessandro.stamera.wherewolfserver.classi.ruoli.TestBoia" tests="12" skipped="0" failures="0" errors="0" timestamp="2026-05-06T09:45:00" hostname="ALESSANDRO" time="0.206">
  <properties/>
  <testcase name="testControlloMedium()" classname="alessandro.stamera.wherewolfserver.classi.ruoli.TestBoia" time="0.003"/>
  <testcase name="testAura()" classname="alessandro.stamera.wherewolfserver.classi.ruoli.TestBoia" time="0.001"/>
  <testcase name="testBoia()" classname="alessandro.stamera.wherewolfserver.classi.ruoli.TestBoia" time="0.001"/>
  <testcase name="testNome()" classname="alessandro.stamera.wherewolfserver.classi.ruoli.TestBoia" time="0.003"/>
  <testcase name="testTemplare()" classname="alessandro.stamera.wherewolfserver.classi.ruoli.TestBoia" time="0.001"/>
  <testcase name="testInquisizione()" classname="alessandro.stamera.wherewolfserver.classi.ruoli.TestBoia" time="0.001"/>
  <testcase name="testInquisitore()" classname="alessandro.stamera.wherewolfserver.classi.ruoli.TestBoia" time="0.001"/>
  <testcase name="[1] partita=alessandro.stamera.wherewolfserver.classi.gestione_partita.Partita@4976085, esito=SCONFITTA" classname="alessandro.stamera.wherewolfserver.classi.ruoli.TestBoia" time="0.001"/>
  <testcase name="[2] partita=alessandro.stamera.wherewolfserver.classi.gestione_partita.Partita@777d191f, esito=NON_FINITO" classname="alessandro.stamera.wherewolfserver.classi.ruoli.TestBoia" time="0.001"/>
  <testcase name="[3] partita=alessandro.stamera.wherewolfserver.classi.gestione_partita.Partita@7fc420b8, esito=SCONFITTA" classname="alessandro.stamera.wherewolfserver.classi.ruoli.TestBoia" time="0.169"/>
  <testcase name="[4] partita=alessandro.stamera.wherewolfserver.classi.gestione_partita.Partita@31142d58, esito=VITTORIA" classname="alessandro.stamera.wherewolfserver.classi.ruoli.TestBoia" time="0.001"/>
  <testcase name="testDescrizione()" classname="alessandro.stamera.wherewolfserver.classi.ruoli.TestBoia" time="0.0"/>
  <system-out><![CDATA[]]></system-out>
  <system-err><![CDATA[]]></system-err>
</testsuite>
