<?xml version="1.0" encoding="UTF-8"?>
<testsuite name="alessandro.stamera.wherewolfserver.classi.TestBecchino" tests="7" skipped="0" failures="0" errors="0" timestamp="2026-01-27T10:30:42" hostname="ALESSANDRO" time="0.153">
  <properties/>
  <testcase name="testFazione()" classname="alessandro.stamera.wherewolfserver.classi.TestBecchino" time="0.014"/>
  <testcase name="testAura()" classname="alessandro.stamera.wherewolfserver.classi.TestBecchino" time="0.011"/>
  <testcase name="testLune()" classname="alessandro.stamera.wherewolfserver.classi.TestBecchino" time="0.017"/>
  <testcase name="testNome()" classname="alessandro.stamera.wherewolfserver.classi.TestBecchino" time="0.01"/>
  <testcase name="testNegromante()" classname="alessandro.stamera.wherewolfserver.classi.TestBecchino" time="0.008"/>
  <testcase name="testDescrizione()" classname="alessandro.stamera.wherewolfserver.classi.TestBecchino" time="0.01"/>
  <testcase name="testBecchino()" classname="alessandro.stamera.wherewolfserver.classi.TestBecchino" time="0.021"/>
  <system-out><![CDATA[]]></system-out>
  <system-err><![CDATA[]]></system-err>
</testsuite>
