<?xml version="1.0" encoding="UTF-8"?>
<testsuite name="alessandro.stamera.wherewolfserver.classi.gestione_partita.TestGiocatoriMortiNotte" tests="4" skipped="0" failures="0" errors="0" timestamp="2026-05-28T13:13:37" hostname="ALESSANDRO" time="0.017">
  <properties/>
  <testcase name="[1] nomeRuolo=Prete, esito=RIUSCITO" classname="alessandro.stamera.wherewolfserver.classi.gestione_partita.TestGiocatoriMortiNotte" time="0.004"/>
  <testcase name="[2] nomeRuolo=Eremita, esito=FALLITO" classname="alessandro.stamera.wherewolfserver.classi.gestione_partita.TestGiocatoriMortiNotte" time="0.003"/>
  <testcase name="testPazzo()" classname="alessandro.stamera.wherewolfserver.classi.gestione_partita.TestGiocatoriMortiNotte" time="0.003"/>
  <testcase name="testLupo()" classname="alessandro.stamera.wherewolfserver.classi.gestione_partita.TestGiocatoriMortiNotte" time="0.003"/>
  <system-out><![CDATA[alessandro.stamera.wherewolfserver.classi.ruoli.Prete@59fbb34
alessandro.stamera.wherewolfserver.classi.ruoli.contadini.ContadinoLupo@68565bc7
alessandro.stamera.wherewolfserver.classi.ruoli.Eremita@11e355ca
alessandro.stamera.wherewolfserver.classi.ruoli.Templare@6ca372ef
alessandro.stamera.wherewolfserver.classi.ruoli.Pazzo@1391af3b
alessandro.stamera.wherewolfserver.classi.ruoli.Nosferatu@1f67761b
alessandro.stamera.wherewolfserver.classi.ruoli.lupi.GiovaneLupo@e11ecfa
]]></system-out>
  <system-err><![CDATA[]]></system-err>
</testsuite>
