<?xml version="1.0" encoding="UTF-8"?>
<testsuite name="alessandro.stamera.wherewolfserver.classi.ruoli.TestBardo" tests="25" skipped="0" failures="0" errors="0" timestamp="2026-06-14T20:08:40" hostname="ALESSANDRO" time="0.294">
  <properties/>
  <testcase name="testEremita()" classname="alessandro.stamera.wherewolfserver.classi.ruoli.TestBardo" time="0.002"/>
  <testcase name="testControlloMedium()" classname="alessandro.stamera.wherewolfserver.classi.ruoli.TestBardo" time="0.002"/>
  <testcase name="testBardo()" classname="alessandro.stamera.wherewolfserver.classi.ruoli.TestBardo" time="0.001"/>
  <testcase name="testNonna()" classname="alessandro.stamera.wherewolfserver.classi.ruoli.TestBardo" time="0.001"/>
  <testcase name="testPrete()" classname="alessandro.stamera.wherewolfserver.classi.ruoli.TestBardo" time="0.001"/>
  <testcase name="testAura()" classname="alessandro.stamera.wherewolfserver.classi.ruoli.TestBardo" time="0.002"/>
  <testcase name="testLune()" classname="alessandro.stamera.wherewolfserver.classi.ruoli.TestBardo" time="0.006"/>
  <testcase name="testMago()" classname="alessandro.stamera.wherewolfserver.classi.ruoli.TestBardo" time="0.005"/>
  <testcase name="testNome()" classname="alessandro.stamera.wherewolfserver.classi.ruoli.TestBardo" time="0.003"/>
  <testcase name="testOste()" classname="alessandro.stamera.wherewolfserver.classi.ruoli.TestBardo" time="0.005"/>
  <testcase name="testCacciatore()" classname="alessandro.stamera.wherewolfserver.classi.ruoli.TestBardo" time="0.002"/>
  <testcase name="testGuardia()" classname="alessandro.stamera.wherewolfserver.classi.ruoli.TestBardo" time="0.004"/>
  <testcase name="testCacciatoreDiVampiri()" classname="alessandro.stamera.wherewolfserver.classi.ruoli.TestBardo" time="0.001"/>
  <testcase name="testContadino()" classname="alessandro.stamera.wherewolfserver.classi.ruoli.TestBardo" time="0.001"/>
  <testcase name="testCappuccettoRosso()" classname="alessandro.stamera.wherewolfserver.classi.ruoli.TestBardo" time="0.003"/>
  <testcase name="testGuaritore()" classname="alessandro.stamera.wherewolfserver.classi.ruoli.TestBardo" time="0.002"/>
  <testcase name="testPeccatore()" classname="alessandro.stamera.wherewolfserver.classi.ruoli.TestBardo" time="0.015"/>
  <testcase name="testMistico()" classname="alessandro.stamera.wherewolfserver.classi.ruoli.TestBardo" time="0.017"/>
  <testcase name="testVillaggio()" classname="alessandro.stamera.wherewolfserver.classi.ruoli.TestBardo" time="0.03"/>
  <testcase name="testBracconiere()" classname="alessandro.stamera.wherewolfserver.classi.ruoli.TestBardo" time="0.002"/>
  <testcase name="testSensitiva()" classname="alessandro.stamera.wherewolfserver.classi.ruoli.TestBardo" time="0.002"/>
  <testcase name="testMedium()" classname="alessandro.stamera.wherewolfserver.classi.ruoli.TestBardo" time="0.002"/>
  <testcase name="testMonaco()" classname="alessandro.stamera.wherewolfserver.classi.ruoli.TestBardo" time="0.013"/>
  <testcase name="testDescrizione()" classname="alessandro.stamera.wherewolfserver.classi.ruoli.TestBardo" time="0.001"/>
  <testcase name="testBecchino()" classname="alessandro.stamera.wherewolfserver.classi.ruoli.TestBardo" time="0.001"/>
  <system-out><![CDATA[]]></system-out>
  <system-err><![CDATA[]]></system-err>
</testsuite>
