<?xml version="1.0" encoding="UTF-8"?>
<testsuite name="alessandro.stamera.wherewolfserver.classi.ruoli.TestBecchino" tests="35" skipped="0" failures="0" errors="0" timestamp="2026-05-05T15:19:28" hostname="ALESSANDRO" time="0.501">
  <properties/>
  <testcase name="testEremita()" classname="alessandro.stamera.wherewolfserver.classi.ruoli.TestBecchino" time="0.026"/>
  <testcase name="testControlloMedium()" classname="alessandro.stamera.wherewolfserver.classi.ruoli.TestBecchino" time="0.001"/>
  <testcase name="testBardo()" classname="alessandro.stamera.wherewolfserver.classi.ruoli.TestBecchino" time="0.001"/>
  <testcase name="testNonna()" classname="alessandro.stamera.wherewolfserver.classi.ruoli.TestBecchino" time="0.001"/>
  <testcase name="testPrete()" classname="alessandro.stamera.wherewolfserver.classi.ruoli.TestBecchino" time="0.009"/>
  <testcase name="testAura()" classname="alessandro.stamera.wherewolfserver.classi.ruoli.TestBecchino" time="0.008"/>
  <testcase name="testLune()" classname="alessandro.stamera.wherewolfserver.classi.ruoli.TestBecchino" time="0.001"/>
  <testcase name="testMago()" classname="alessandro.stamera.wherewolfserver.classi.ruoli.TestBecchino" time="0.001"/>
  <testcase name="testNome()" classname="alessandro.stamera.wherewolfserver.classi.ruoli.TestBecchino" time="0.001"/>
  <testcase name="testOste()" classname="alessandro.stamera.wherewolfserver.classi.ruoli.TestBecchino" time="0.001"/>
  <testcase name="testRiconoscimentoNegromante()" classname="alessandro.stamera.wherewolfserver.classi.ruoli.TestBecchino" time="0.0"/>
  <testcase name="testCacciatore()" classname="alessandro.stamera.wherewolfserver.classi.ruoli.TestBecchino" time="0.059"/>
  <testcase name="[1] partita=alessandro.stamera.wherewolfserver.classi.gestione_partita.Partita@4e642ee1, esito=VITTORIA" classname="alessandro.stamera.wherewolfserver.classi.ruoli.TestBecchino" time="0.015"/>
  <testcase name="[2] partita=alessandro.stamera.wherewolfserver.classi.gestione_partita.Partita@29ebbdf4, esito=VITTORIA" classname="alessandro.stamera.wherewolfserver.classi.ruoli.TestBecchino" time="0.014"/>
  <testcase name="[3] partita=alessandro.stamera.wherewolfserver.classi.gestione_partita.Partita@2fd954f, esito=SCONFITTA" classname="alessandro.stamera.wherewolfserver.classi.ruoli.TestBecchino" time="0.008"/>
  <testcase name="[4] partita=alessandro.stamera.wherewolfserver.classi.gestione_partita.Partita@5731d3a, esito=SCONFITTA" classname="alessandro.stamera.wherewolfserver.classi.ruoli.TestBecchino" time="0.011"/>
  <testcase name="[5] partita=alessandro.stamera.wherewolfserver.classi.gestione_partita.Partita@6a0f2853, esito=NON_FINITO" classname="alessandro.stamera.wherewolfserver.classi.ruoli.TestBecchino" time="0.006"/>
  <testcase name="[6] partita=alessandro.stamera.wherewolfserver.classi.gestione_partita.Partita@1eff3cfb, esito=SCONFITTA" classname="alessandro.stamera.wherewolfserver.classi.ruoli.TestBecchino" time="0.007"/>
  <testcase name="[1] partita=alessandro.stamera.wherewolfserver.classi.gestione_partita.Partita@70c69586, esito=VITTORIA" classname="alessandro.stamera.wherewolfserver.classi.ruoli.TestBecchino" time="0.013"/>
  <testcase name="[2] partita=alessandro.stamera.wherewolfserver.classi.gestione_partita.Partita@6dc1dc69, esito=SCONFITTA" classname="alessandro.stamera.wherewolfserver.classi.ruoli.TestBecchino" time="0.002"/>
  <testcase name="testGuardia()" classname="alessandro.stamera.wherewolfserver.classi.ruoli.TestBecchino" time="0.001"/>
  <testcase name="testCacciatoreDiVampiri()" classname="alessandro.stamera.wherewolfserver.classi.ruoli.TestBecchino" time="0.001"/>
  <testcase name="testContadino()" classname="alessandro.stamera.wherewolfserver.classi.ruoli.TestBecchino" time="0.002"/>
  <testcase name="testCappuccettoRosso()" classname="alessandro.stamera.wherewolfserver.classi.ruoli.TestBecchino" time="0.011"/>
  <testcase name="testGuaritore()" classname="alessandro.stamera.wherewolfserver.classi.ruoli.TestBecchino" time="0.011"/>
  <testcase name="testPeccatore()" classname="alessandro.stamera.wherewolfserver.classi.ruoli.TestBecchino" time="0.015"/>
  <testcase name="testMistico()" classname="alessandro.stamera.wherewolfserver.classi.ruoli.TestBecchino" time="0.016"/>
  <testcase name="testVillaggio()" classname="alessandro.stamera.wherewolfserver.classi.ruoli.TestBecchino" time="0.011"/>
  <testcase name="testBracconiere()" classname="alessandro.stamera.wherewolfserver.classi.ruoli.TestBecchino" time="0.01"/>
  <testcase name="testSensitiva()" classname="alessandro.stamera.wherewolfserver.classi.ruoli.TestBecchino" time="0.009"/>
  <testcase name="testMedium()" classname="alessandro.stamera.wherewolfserver.classi.ruoli.TestBecchino" time="0.001"/>
  <testcase name="testMonaco()" classname="alessandro.stamera.wherewolfserver.classi.ruoli.TestBecchino" time="0.001"/>
  <testcase name="testNegromante()" classname="alessandro.stamera.wherewolfserver.classi.ruoli.TestBecchino" time="0.002"/>
  <testcase name="testDescrizione()" classname="alessandro.stamera.wherewolfserver.classi.ruoli.TestBecchino" time="0.001"/>
  <testcase name="testBecchino()" classname="alessandro.stamera.wherewolfserver.classi.ruoli.TestBecchino" time="0.0"/>
  <system-out><![CDATA[]]></system-out>
  <system-err><![CDATA[]]></system-err>
</testsuite>
