<?xml version="1.0" encoding="UTF-8"?>
<testsuite name="alessandro.stamera.wherewolfserver.classi.TestVillaggio" tests="3" skipped="0" failures="0" errors="0" timestamp="2026-02-18T16:36:35" hostname="ALESSANDRO" time="0.025">
  <properties/>
  <testcase name="testCategoria()" classname="alessandro.stamera.wherewolfserver.classi.TestVillaggio" time="0.002"/>
  <testcase name="testFazione()" classname="alessandro.stamera.wherewolfserver.classi.TestVillaggio" time="0.003"/>
  <testcase name="testGildata()" classname="alessandro.stamera.wherewolfserver.classi.TestVillaggio" time="0.005"/>
  <system-out><![CDATA[]]></system-out>
  <system-err><![CDATA[]]></system-err>
</testsuite>
