<?xml version="1.0" encoding="UTF-8"?>
<testsuite name="alessandro.stamera.wherewolfserver.classi.TestGiocatoriVivi" tests="9" skipped="0" failures="0" errors="0" timestamp="2026-04-21T16:57:24" hostname="ALESSANDRO" time="0.031">
  <properties/>
  <testcase name="testBallottaggioPuro()" classname="alessandro.stamera.wherewolfserver.classi.TestGiocatoriVivi" time="0.002"/>
  <testcase name="testAttaccoAmatoAssassino()" classname="alessandro.stamera.wherewolfserver.classi.TestGiocatoriVivi" time="0.001"/>
  <testcase name="testPareggioPrimoPosto()" classname="alessandro.stamera.wherewolfserver.classi.TestGiocatoriVivi" time="0.003"/>
  <testcase name="testAttaccoAssassino()" classname="alessandro.stamera.wherewolfserver.classi.TestGiocatoriVivi" time="0.001"/>
  <testcase name="testAngeloCustodeAccusatoNonPresente()" classname="alessandro.stamera.wherewolfserver.classi.TestGiocatoriVivi" time="0.003"/>
  <testcase name="testPareggioSecondoPosto()" classname="alessandro.stamera.wherewolfserver.classi.TestGiocatoriVivi" time="0.002"/>
  <testcase name="testSegnalazioneAngeloCustode()" classname="alessandro.stamera.wherewolfserver.classi.TestGiocatoriVivi" time="0.001"/>
  <testcase name="testUnanimita()" classname="alessandro.stamera.wherewolfserver.classi.TestGiocatoriVivi" time="0.001"/>
  <testcase name="testAngeloCustodeAccusatoPresente()" classname="alessandro.stamera.wherewolfserver.classi.TestGiocatoriVivi" time="0.002"/>
  <system-out><![CDATA[]]></system-out>
  <system-err><![CDATA[]]></system-err>
</testsuite>
