<?xml version="1.0" encoding="UTF-8"?>
<testsuite name="alessandro.stamera.wherewolfserver.classi.ruoli.TestNegromante" tests="11" skipped="0" failures="0" errors="0" timestamp="2026-05-05T14:47:24" hostname="ALESSANDRO" time="0.102">
  <properties/>
  <testcase name="testFazione()" classname="alessandro.stamera.wherewolfserver.classi.ruoli.TestNegromante" time="0.032"/>
  <testcase name="testAura()" classname="alessandro.stamera.wherewolfserver.classi.ruoli.TestNegromante" time="0.0"/>
  <testcase name="testLune()" classname="alessandro.stamera.wherewolfserver.classi.ruoli.TestNegromante" time="0.001"/>
  <testcase name="testNome()" classname="alessandro.stamera.wherewolfserver.classi.ruoli.TestNegromante" time="0.031"/>
  <testcase name="[1] partita=alessandro.stamera.wherewolfserver.classi.gestione_partita.Partita@40d60f2, esito=VITTORIA" classname="alessandro.stamera.wherewolfserver.classi.ruoli.TestNegromante" time="0.002"/>
  <testcase name="[2] partita=alessandro.stamera.wherewolfserver.classi.gestione_partita.Partita@3382cf68, esito=SCONFITTA" classname="alessandro.stamera.wherewolfserver.classi.ruoli.TestNegromante" time="0.001"/>
  <testcase name="testFazioneNegromante()" classname="alessandro.stamera.wherewolfserver.classi.ruoli.TestNegromante" time="0.006"/>
  <testcase name="testMistico()" classname="alessandro.stamera.wherewolfserver.classi.ruoli.TestNegromante" time="0.001"/>
  <testcase name="testNegromante()" classname="alessandro.stamera.wherewolfserver.classi.ruoli.TestNegromante" time="0.001"/>
  <testcase name="testDescrizione()" classname="alessandro.stamera.wherewolfserver.classi.ruoli.TestNegromante" time="0.001"/>
  <testcase name="testBecchino()" classname="alessandro.stamera.wherewolfserver.classi.ruoli.TestNegromante" time="0.0"/>
  <system-out><![CDATA[]]></system-out>
  <system-err><![CDATA[]]></system-err>
</testsuite>
