<?xml version="1.0" encoding="UTF-8"?>
<testsuite name="alessandro.stamera.wherewolfserver.classi.TestContadinoMostro" tests="13" skipped="0" failures="0" errors="0" timestamp="2026-04-13T08:14:38" hostname="ALESSANDRO" time="0.122">
  <properties/>
  <testcase name="[1] nome=Capo branco" classname="alessandro.stamera.wherewolfserver.classi.TestContadinoMostro" time="0.008"/>
  <testcase name="testMaledetto()" classname="alessandro.stamera.wherewolfserver.classi.TestContadinoMostro" time="0.0"/>
  <testcase name="testFazione()" classname="alessandro.stamera.wherewolfserver.classi.TestContadinoMostro" time="0.0"/>
  <testcase name="testNome()" classname="alessandro.stamera.wherewolfserver.classi.TestContadinoMostro" time="0.002"/>
  <testcase name="testVoti()" classname="alessandro.stamera.wherewolfserver.classi.TestContadinoMostro" time="0.0"/>
  <testcase name="testAttaccoNosferatu()" classname="alessandro.stamera.wherewolfserver.classi.TestContadinoMostro" time="0.019"/>
  <testcase name="testContadinoEroe()" classname="alessandro.stamera.wherewolfserver.classi.TestContadinoMostro" time="0.007"/>
  <testcase name="testContadinoLupo()" classname="alessandro.stamera.wherewolfserver.classi.TestContadinoMostro" time="0.009"/>
  <testcase name="testContadinoNormale()" classname="alessandro.stamera.wherewolfserver.classi.TestContadinoMostro" time="0.006"/>
  <testcase name="testContadino()" classname="alessandro.stamera.wherewolfserver.classi.TestContadinoMostro" time="0.002"/>
  <testcase name="testContadinoMostro()" classname="alessandro.stamera.wherewolfserver.classi.TestContadinoMostro" time="0.004"/>
  <testcase name="testNonMorto()" classname="alessandro.stamera.wherewolfserver.classi.TestContadinoMostro" time="0.003"/>
  <testcase name="[1] nome=Capo branco" classname="alessandro.stamera.wherewolfserver.classi.TestContadinoMostro" time="0.005"/>
  <system-out><![CDATA[]]></system-out>
  <system-err><![CDATA[]]></system-err>
</testsuite>
