<?xml version="1.0" encoding="UTF-8"?>
<testsuite name="alessandro.stamera.wherewolfserver.classi.fazioni.TestCitta" tests="25" skipped="0" failures="0" errors="0" timestamp="2026-07-02T11:39:16" hostname="ALESSANDRO" time="0.149">
  <properties/>
  <testcase name="testCategoria()" classname="alessandro.stamera.wherewolfserver.classi.fazioni.TestCitta" time="0.002"/>
  <testcase name="testVittoria()" classname="alessandro.stamera.wherewolfserver.classi.fazioni.TestCitta" time="0.031"/>
  <testcase name="testPiccoloPopolo()" classname="alessandro.stamera.wherewolfserver.classi.fazioni.TestCitta" time="0.0"/>
  <testcase name="testPosseduto()" classname="alessandro.stamera.wherewolfserver.classi.fazioni.TestCitta" time="0.002"/>
  <testcase name="testFazione()" classname="alessandro.stamera.wherewolfserver.classi.fazioni.TestCitta" time="0.002"/>
  <testcase name="testCitta()" classname="alessandro.stamera.wherewolfserver.classi.fazioni.TestCitta" time="0.001"/>
  <testcase name="testGhoul()" classname="alessandro.stamera.wherewolfserver.classi.fazioni.TestCitta" time="0.004"/>
  <testcase name="testPazzo()" classname="alessandro.stamera.wherewolfserver.classi.fazioni.TestCitta" time="0.001"/>
  <testcase name="testBoia()" classname="alessandro.stamera.wherewolfserver.classi.fazioni.TestCitta" time="0.001"/>
  <testcase name="testLune()" classname="alessandro.stamera.wherewolfserver.classi.fazioni.TestCitta" time="0.001"/>
  <testcase name="testLupo()" classname="alessandro.stamera.wherewolfserver.classi.fazioni.TestCitta" time="0.001"/>
  <testcase name="testVampiro()" classname="alessandro.stamera.wherewolfserver.classi.fazioni.TestCitta" time="0.001"/>
  <testcase name="testInquisizione()" classname="alessandro.stamera.wherewolfserver.classi.fazioni.TestCitta" time="0.001"/>
  <testcase name="testPeccatore()" classname="alessandro.stamera.wherewolfserver.classi.fazioni.TestCitta" time="0.001"/>
  <testcase name="testMistico()" classname="alessandro.stamera.wherewolfserver.classi.fazioni.TestCitta" time="0.003"/>
  <testcase name="testVillaggio()" classname="alessandro.stamera.wherewolfserver.classi.fazioni.TestCitta" time="0.001"/>
  <testcase name="testCriminale()" classname="alessandro.stamera.wherewolfserver.classi.fazioni.TestCitta" time="0.002"/>
  <testcase name="testAmanti()" classname="alessandro.stamera.wherewolfserver.classi.fazioni.TestCitta" time="0.005"/>
  <testcase name="[1] partita=alessandro.stamera.wherewolfserver.classi.gestione_partita.Partita@794366a5, esito=SCONFITTA" classname="alessandro.stamera.wherewolfserver.classi.fazioni.TestCitta" time="0.003"/>
  <testcase name="[2] partita=alessandro.stamera.wherewolfserver.classi.gestione_partita.Partita@480b57e2, esito=SCONFITTA" classname="alessandro.stamera.wherewolfserver.classi.fazioni.TestCitta" time="0.002"/>
  <testcase name="[3] partita=alessandro.stamera.wherewolfserver.classi.gestione_partita.Partita@40f35e52, esito=VITTORIA" classname="alessandro.stamera.wherewolfserver.classi.fazioni.TestCitta" time="0.002"/>
  <testcase name="testGoblin()" classname="alessandro.stamera.wherewolfserver.classi.fazioni.TestCitta" time="0.004"/>
  <testcase name="testMegera()" classname="alessandro.stamera.wherewolfserver.classi.fazioni.TestCitta" time="0.006"/>
  <testcase name="testNosferatu()" classname="alessandro.stamera.wherewolfserver.classi.fazioni.TestCitta" time="0.002"/>
  <testcase name="testGiullare()" classname="alessandro.stamera.wherewolfserver.classi.fazioni.TestCitta" time="0.003"/>
  <system-out><![CDATA[]]></system-out>
  <system-err><![CDATA[]]></system-err>
</testsuite>
