<?xml version="1.0" encoding="UTF-8"?>
<testsuite name="alessandro.stamera.wherewolfserver.entity.TestGiocatoriRicorrenti" tests="4" skipped="0" failures="0" errors="0" timestamp="2026-04-07T14:51:43" hostname="ALESSANDRO" time="0.126">
  <properties/>
  <testcase name="ordineAlfabetico()" classname="alessandro.stamera.wherewolfserver.entity.TestGiocatoriRicorrenti" time="0.085"/>
  <testcase name="inserimentoGiocatoreNonRiuscito()" classname="alessandro.stamera.wherewolfserver.entity.TestGiocatoriRicorrenti" time="0.004"/>
  <testcase name="inserimentoGiocatoreRiuscito()" classname="alessandro.stamera.wherewolfserver.entity.TestGiocatoriRicorrenti" time="0.016"/>
  <testcase name="eliminazioneGiocatore()" classname="alessandro.stamera.wherewolfserver.entity.TestGiocatoriRicorrenti" time="0.01"/>
  <system-out><![CDATA[]]></system-out>
  <system-err><![CDATA[]]></system-err>
</testsuite>
