<?xml version="1.0" encoding="UTF-8"?>
<testsuite name="alessandro.stamera.wherewolfserver.classi.ruoli.TestTemplare" tests="7" skipped="0" failures="0" errors="0" timestamp="2026-05-28T12:45:44" hostname="ALESSANDRO" time="0.034">
  <properties/>
  <testcase name="testControlloMedium()" classname="alessandro.stamera.wherewolfserver.classi.ruoli.TestTemplare" time="0.007"/>
  <testcase name="testAura()" classname="alessandro.stamera.wherewolfserver.classi.ruoli.TestTemplare" time="0.004"/>
  <testcase name="testBoia()" classname="alessandro.stamera.wherewolfserver.classi.ruoli.TestTemplare" time="0.003"/>
  <testcase name="testNome()" classname="alessandro.stamera.wherewolfserver.classi.ruoli.TestTemplare" time="0.003"/>
  <testcase name="testTemplare()" classname="alessandro.stamera.wherewolfserver.classi.ruoli.TestTemplare" time="0.003"/>
  <testcase name="testInquisizione()" classname="alessandro.stamera.wherewolfserver.classi.ruoli.TestTemplare" time="0.001"/>
  <testcase name="testInquisitore()" classname="alessandro.stamera.wherewolfserver.classi.ruoli.TestTemplare" time="0.004"/>
  <system-out><![CDATA[alessandro.stamera.wherewolfserver.classi.ruoli.Templare@3a80515c
alessandro.stamera.wherewolfserver.classi.ruoli.Templare@3a80515c
alessandro.stamera.wherewolfserver.classi.ruoli.Templare@3a80515c
alessandro.stamera.wherewolfserver.classi.ruoli.Templare@3a80515c
alessandro.stamera.wherewolfserver.classi.ruoli.Templare@3a80515c
alessandro.stamera.wherewolfserver.classi.ruoli.Templare@3a80515c
alessandro.stamera.wherewolfserver.classi.ruoli.Templare@3a80515c
]]></system-out>
  <system-err><![CDATA[]]></system-err>
</testsuite>
