<?xml version="1.0" encoding="UTF-8"?>
<testsuite name="alessandro.stamera.wherewolfserver.classi.TestGuardiaPrincipale" tests="4" skipped="0" failures="0" errors="0" timestamp="2026-03-16T23:27:27" hostname="ALESSANDRO" time="0.029">
  <properties/>
  <testcase name="testGuardiaCorrotta()" classname="alessandro.stamera.wherewolfserver.classi.TestGuardiaPrincipale" time="0.01"/>
  <testcase name="testAura()" classname="alessandro.stamera.wherewolfserver.classi.TestGuardiaPrincipale" time="0.002"/>
  <testcase name="testNome()" classname="alessandro.stamera.wherewolfserver.classi.TestGuardiaPrincipale" time="0.006"/>
  <testcase name="testDescrizione()" classname="alessandro.stamera.wherewolfserver.classi.TestGuardiaPrincipale" time="0.006"/>
  <system-out><![CDATA[]]></system-out>
  <system-err><![CDATA[]]></system-err>
</testsuite>
