<?xml version="1.0" encoding="UTF-8"?>
<testsuite name="alessandro.stamera.wherewolfserver.classi.TestCitta" tests="9" skipped="0" failures="0" errors="0" timestamp="2026-02-21T11:03:08" hostname="ALESSANDRO" time="0.021">
  <properties/>
  <testcase name="testCategoria()" classname="alessandro.stamera.wherewolfserver.classi.TestCitta" time="0.001"/>
  <testcase name="testFazione()" classname="alessandro.stamera.wherewolfserver.classi.TestCitta" time="0.0"/>
  <testcase name="testCitta()" classname="alessandro.stamera.wherewolfserver.classi.TestCitta" time="0.001"/>
  <testcase name="testLune()" classname="alessandro.stamera.wherewolfserver.classi.TestCitta" time="0.001"/>
  <testcase name="testCacciatore()" classname="alessandro.stamera.wherewolfserver.classi.TestCitta" time="0.001"/>
  <testcase name="testGildata()" classname="alessandro.stamera.wherewolfserver.classi.TestCitta" time="0.001"/>
  <testcase name="testMistico()" classname="alessandro.stamera.wherewolfserver.classi.TestCitta" time="0.002"/>
  <testcase name="testBracconiere()" classname="alessandro.stamera.wherewolfserver.classi.TestCitta" time="0.002"/>
  <testcase name="testSegnalazioneAzzeccagarbugli()" classname="alessandro.stamera.wherewolfserver.classi.TestCitta" time="0.001"/>
  <system-out><![CDATA[]]></system-out>
  <system-err><![CDATA[]]></system-err>
</testsuite>
