<?xml version="1.0" encoding="UTF-8"?>
<testsuite name="alessandro.stamera.wherewolfserver.classi.TestCacciatore" tests="23" skipped="0" failures="0" errors="0" timestamp="2026-04-11T09:49:34" hostname="ALESSANDRO" time="0.057">
  <properties/>
  <testcase name="testEremita()" classname="alessandro.stamera.wherewolfserver.classi.TestCacciatore" time="0.004"/>
  <testcase name="testControlloMedium()" classname="alessandro.stamera.wherewolfserver.classi.TestCacciatore" time="0.002"/>
  <testcase name="testBardo()" classname="alessandro.stamera.wherewolfserver.classi.TestCacciatore" time="0.002"/>
  <testcase name="testNonna()" classname="alessandro.stamera.wherewolfserver.classi.TestCacciatore" time="0.001"/>
  <testcase name="testAura()" classname="alessandro.stamera.wherewolfserver.classi.TestCacciatore" time="0.002"/>
  <testcase name="testLune()" classname="alessandro.stamera.wherewolfserver.classi.TestCacciatore" time="0.002"/>
  <testcase name="testMago()" classname="alessandro.stamera.wherewolfserver.classi.TestCacciatore" time="0.001"/>
  <testcase name="testNome()" classname="alessandro.stamera.wherewolfserver.classi.TestCacciatore" time="0.001"/>
  <testcase name="testOste()" classname="alessandro.stamera.wherewolfserver.classi.TestCacciatore" time="0.001"/>
  <testcase name="testCacciatore()" classname="alessandro.stamera.wherewolfserver.classi.TestCacciatore" time="0.001"/>
  <testcase name="testGuardia()" classname="alessandro.stamera.wherewolfserver.classi.TestCacciatore" time="0.002"/>
  <testcase name="testCacciatoreDiVampiri()" classname="alessandro.stamera.wherewolfserver.classi.TestCacciatore" time="0.001"/>
  <testcase name="testContadino()" classname="alessandro.stamera.wherewolfserver.classi.TestCacciatore" time="0.002"/>
  <testcase name="testCappuccettoRosso()" classname="alessandro.stamera.wherewolfserver.classi.TestCacciatore" time="0.001"/>
  <testcase name="testGuaritore()" classname="alessandro.stamera.wherewolfserver.classi.TestCacciatore" time="0.001"/>
  <testcase name="testPeccatore()" classname="alessandro.stamera.wherewolfserver.classi.TestCacciatore" time="0.001"/>
  <testcase name="testMistico()" classname="alessandro.stamera.wherewolfserver.classi.TestCacciatore" time="0.001"/>
  <testcase name="testVillaggio()" classname="alessandro.stamera.wherewolfserver.classi.TestCacciatore" time="0.003"/>
  <testcase name="testBracconiere()" classname="alessandro.stamera.wherewolfserver.classi.TestCacciatore" time="0.001"/>
  <testcase name="testMedium()" classname="alessandro.stamera.wherewolfserver.classi.TestCacciatore" time="0.001"/>
  <testcase name="testMonaco()" classname="alessandro.stamera.wherewolfserver.classi.TestCacciatore" time="0.001"/>
  <testcase name="testDescrizione()" classname="alessandro.stamera.wherewolfserver.classi.TestCacciatore" time="0.002"/>
  <testcase name="testBecchino()" classname="alessandro.stamera.wherewolfserver.classi.TestCacciatore" time="0.001"/>
  <system-out><![CDATA[]]></system-out>
  <system-err><![CDATA[]]></system-err>
</testsuite>
