<?xml version="1.0" encoding="UTF-8"?>
<testsuite name="alessandro.stamera.wherewolfserver.classi.TestContadinoNormale" tests="4" skipped="0" failures="0" errors="0" timestamp="2026-01-15T15:10:42" hostname="ALESSANDRO" time="0.073">
  <properties/>
  <testcase name="testAura()" classname="alessandro.stamera.wherewolfserver.classi.TestContadinoNormale" time="0.007"/>
  <testcase name="testContadinoNormale()" classname="alessandro.stamera.wherewolfserver.classi.TestContadinoNormale" time="0.005"/>
  <testcase name="testContadino()" classname="alessandro.stamera.wherewolfserver.classi.TestContadinoNormale" time="0.009"/>
  <testcase name="testContadinoMostro()" classname="alessandro.stamera.wherewolfserver.classi.TestContadinoNormale" time="0.019"/>
  <system-out><![CDATA[]]></system-out>
  <system-err><![CDATA[]]></system-err>
</testsuite>
