<?xml version="1.0" encoding="UTF-8"?>
<testsuite name="alessandro.stamera.wherewolfserver.classi.ruoli.TestGhoul" tests="24" skipped="0" failures="0" errors="0" timestamp="2026-05-28T13:00:44" hostname="ALESSANDRO" time="0.148">
  <properties/>
  <testcase name="testCategoria()" classname="alessandro.stamera.wherewolfserver.classi.ruoli.TestGhoul" time="0.011"/>
  <testcase name="[1] partita=alessandro.stamera.wherewolfserver.classi.gestione_partita.Partita@58658f63, esito=VITTORIA" classname="alessandro.stamera.wherewolfserver.classi.ruoli.TestGhoul" time="0.002"/>
  <testcase name="[2] partita=alessandro.stamera.wherewolfserver.classi.gestione_partita.Partita@54e12f4c, esito=SCONFITTA" classname="alessandro.stamera.wherewolfserver.classi.ruoli.TestGhoul" time="0.001"/>
  <testcase name="testPiccoloPopolo()" classname="alessandro.stamera.wherewolfserver.classi.ruoli.TestGhoul" time="0.001"/>
  <testcase name="testPosseduto()" classname="alessandro.stamera.wherewolfserver.classi.ruoli.TestGhoul" time="0.002"/>
  <testcase name="testFazione()" classname="alessandro.stamera.wherewolfserver.classi.ruoli.TestGhoul" time="0.001"/>
  <testcase name="testControlloMedium()" classname="alessandro.stamera.wherewolfserver.classi.ruoli.TestGhoul" time="0.0"/>
  <testcase name="testCitta()" classname="alessandro.stamera.wherewolfserver.classi.ruoli.TestGhoul" time="0.002"/>
  <testcase name="testGhoul()" classname="alessandro.stamera.wherewolfserver.classi.ruoli.TestGhoul" time="0.002"/>
  <testcase name="testPazzo()" classname="alessandro.stamera.wherewolfserver.classi.ruoli.TestGhoul" time="0.003"/>
  <testcase name="testAura()" classname="alessandro.stamera.wherewolfserver.classi.ruoli.TestGhoul" time="0.003"/>
  <testcase name="testLune()" classname="alessandro.stamera.wherewolfserver.classi.ruoli.TestGhoul" time="0.001"/>
  <testcase name="testLupo()" classname="alessandro.stamera.wherewolfserver.classi.ruoli.TestGhoul" time="0.0"/>
  <testcase name="testNome()" classname="alessandro.stamera.wherewolfserver.classi.ruoli.TestGhoul" time="0.004"/>
  <testcase name="testInquisizione()" classname="alessandro.stamera.wherewolfserver.classi.ruoli.TestGhoul" time="0.0"/>
  <testcase name="testLeprecauno()" classname="alessandro.stamera.wherewolfserver.classi.ruoli.TestGhoul" time="0.0"/>
  <testcase name="testPeccatore()" classname="alessandro.stamera.wherewolfserver.classi.ruoli.TestGhoul" time="0.0"/>
  <testcase name="testMistico()" classname="alessandro.stamera.wherewolfserver.classi.ruoli.TestGhoul" time="0.0"/>
  <testcase name="testVillaggio()" classname="alessandro.stamera.wherewolfserver.classi.ruoli.TestGhoul" time="0.007"/>
  <testcase name="testCriminale()" classname="alessandro.stamera.wherewolfserver.classi.ruoli.TestGhoul" time="0.001"/>
  <testcase name="testGoblin()" classname="alessandro.stamera.wherewolfserver.classi.ruoli.TestGhoul" time="0.002"/>
  <testcase name="testMegera()" classname="alessandro.stamera.wherewolfserver.classi.ruoli.TestGhoul" time="0.004"/>
  <testcase name="testNosferatu()" classname="alessandro.stamera.wherewolfserver.classi.ruoli.TestGhoul" time="0.008"/>
  <testcase name="testGiullare()" classname="alessandro.stamera.wherewolfserver.classi.ruoli.TestGhoul" time="0.006"/>
  <system-out><![CDATA[alessandro.stamera.wherewolfserver.classi.ruoli.Ghoul@5a8816cc
alessandro.stamera.wherewolfserver.classi.ruoli.Nosferatu@6c0905f6
alessandro.stamera.wherewolfserver.classi.ruoli.Ghoul@5a8816cc
alessandro.stamera.wherewolfserver.classi.ruoli.lupi.CapoBranco@5b275811
alessandro.stamera.wherewolfserver.classi.ruoli.Prete@1f67761b
alessandro.stamera.wherewolfserver.classi.ruoli.lupi.CapoBranco@5b275811
alessandro.stamera.wherewolfserver.classi.ruoli.Oste@7a45d714
alessandro.stamera.wherewolfserver.classi.ruoli.lupi.CapoBranco@5b275811
alessandro.stamera.wherewolfserver.classi.ruoli.Ghoul@5a8816cc
alessandro.stamera.wherewolfserver.classi.ruoli.Ghoul@5a8816cc
alessandro.stamera.wherewolfserver.classi.ruoli.Ghoul@5a8816cc
alessandro.stamera.wherewolfserver.classi.ruoli.Ghoul@5a8816cc
alessandro.stamera.wherewolfserver.classi.ruoli.Ghoul@5a8816cc
alessandro.stamera.wherewolfserver.classi.ruoli.Ghoul@5a8816cc
alessandro.stamera.wherewolfserver.classi.ruoli.Ghoul@5a8816cc
alessandro.stamera.wherewolfserver.classi.ruoli.Ghoul@5a8816cc
alessandro.stamera.wherewolfserver.classi.ruoli.Ghoul@5a8816cc
alessandro.stamera.wherewolfserver.classi.ruoli.Ghoul@5a8816cc
alessandro.stamera.wherewolfserver.classi.ruoli.Ghoul@5a8816cc
alessandro.stamera.wherewolfserver.classi.ruoli.Ghoul@5a8816cc
alessandro.stamera.wherewolfserver.classi.ruoli.Ghoul@5a8816cc
alessandro.stamera.wherewolfserver.classi.ruoli.Ghoul@5a8816cc
alessandro.stamera.wherewolfserver.classi.ruoli.Ghoul@5a8816cc
alessandro.stamera.wherewolfserver.classi.ruoli.Ghoul@5a8816cc
alessandro.stamera.wherewolfserver.classi.ruoli.Ghoul@5a8816cc
alessandro.stamera.wherewolfserver.classi.ruoli.Ghoul@5a8816cc
alessandro.stamera.wherewolfserver.classi.ruoli.Ghoul@5a8816cc
alessandro.stamera.wherewolfserver.classi.ruoli.Ghoul@5a8816cc
alessandro.stamera.wherewolfserver.classi.ruoli.Ghoul@5a8816cc
alessandro.stamera.wherewolfserver.classi.ruoli.Ghoul@5a8816cc
alessandro.stamera.wherewolfserver.classi.ruoli.Ghoul@5a8816cc
]]></system-out>
  <system-err><![CDATA[]]></system-err>
</testsuite>
