<?xml version="1.0" encoding="UTF-8"?>
<testsuite name="alessandro.stamera.wherewolfserver.classi.ruoli.TestInquisitore" tests="8" skipped="0" failures="0" errors="0" timestamp="2026-07-28T15:03:58" hostname="ALESSANDRO" time="0.347">
  <properties/>
  <testcase name="testControlloMedium()" classname="alessandro.stamera.wherewolfserver.classi.ruoli.TestInquisitore" time="0.0"/>
  <testcase name="testAura()" classname="alessandro.stamera.wherewolfserver.classi.ruoli.TestInquisitore" time="0.002"/>
  <testcase name="testBoia()" classname="alessandro.stamera.wherewolfserver.classi.ruoli.TestInquisitore" time="0.322"/>
  <testcase name="testNome()" classname="alessandro.stamera.wherewolfserver.classi.ruoli.TestInquisitore" time="0.006"/>
  <testcase name="testTemplare()" classname="alessandro.stamera.wherewolfserver.classi.ruoli.TestInquisitore" time="0.002"/>
  <testcase name="testInquisizione()" classname="alessandro.stamera.wherewolfserver.classi.ruoli.TestInquisitore" time="0.001"/>
  <testcase name="testInquisitore()" classname="alessandro.stamera.wherewolfserver.classi.ruoli.TestInquisitore" time="0.002"/>
  <testcase name="testDescrizione()" classname="alessandro.stamera.wherewolfserver.classi.ruoli.TestInquisitore" time="0.003"/>
  <system-out><![CDATA[]]></system-out>
  <system-err><![CDATA[]]></system-err>
</testsuite>
