<?xml version="1.0" encoding="UTF-8"?>
<testsuite name="alessandro.stamera.wherewolfserver.classi.ruoli.TestBoccaDiRosa" tests="11" skipped="0" failures="0" errors="0" timestamp="2026-06-22T12:58:08" hostname="ALESSANDRO" time="0.034">
  <properties/>
  <testcase name="testOratore()" classname="alessandro.stamera.wherewolfserver.classi.ruoli.TestBoccaDiRosa" time="0.001"/>
  <testcase name="testControlloMedium()" classname="alessandro.stamera.wherewolfserver.classi.ruoli.TestBoccaDiRosa" time="0.001"/>
  <testcase name="testCitta()" classname="alessandro.stamera.wherewolfserver.classi.ruoli.TestBoccaDiRosa" time="0.002"/>
  <testcase name="testAura()" classname="alessandro.stamera.wherewolfserver.classi.ruoli.TestBoccaDiRosa" time="0.001"/>
  <testcase name="testNome()" classname="alessandro.stamera.wherewolfserver.classi.ruoli.TestBoccaDiRosa" time="0.008"/>
  <testcase name="testVoti()" classname="alessandro.stamera.wherewolfserver.classi.ruoli.TestBoccaDiRosa" time="0.001"/>
  <testcase name="testBoccaDiRosa()" classname="alessandro.stamera.wherewolfserver.classi.ruoli.TestBoccaDiRosa" time="0.002"/>
  <testcase name="testMercante()" classname="alessandro.stamera.wherewolfserver.classi.ruoli.TestBoccaDiRosa" time="0.001"/>
  <testcase name="testAzzeccagarbugli()" classname="alessandro.stamera.wherewolfserver.classi.ruoli.TestBoccaDiRosa" time="0.001"/>
  <testcase name="testBorgomastro()" classname="alessandro.stamera.wherewolfserver.classi.ruoli.TestBoccaDiRosa" time="0.001"/>
  <testcase name="testDescrizione()" classname="alessandro.stamera.wherewolfserver.classi.ruoli.TestBoccaDiRosa" time="0.001"/>
  <system-out><![CDATA[]]></system-out>
  <system-err><![CDATA[]]></system-err>
</testsuite>
