<?xml version="1.0" encoding="UTF-8"?>
<testsuite name="alessandro.stamera.wherewolfserver.classi.TestBecchino" tests="9" skipped="0" failures="0" errors="0" timestamp="2026-02-02T15:24:50" hostname="ALESSANDRO" time="0.203">
  <properties/>
  <testcase name="testFazione()" classname="alessandro.stamera.wherewolfserver.classi.TestBecchino" time="0.017"/>
  <testcase name="testAura()" classname="alessandro.stamera.wherewolfserver.classi.TestBecchino" time="0.012"/>
  <testcase name="testLune()" classname="alessandro.stamera.wherewolfserver.classi.TestBecchino" time="0.006"/>
  <testcase name="testNome()" classname="alessandro.stamera.wherewolfserver.classi.TestBecchino" time="0.012"/>
  <testcase name="testMistico()" classname="alessandro.stamera.wherewolfserver.classi.TestBecchino" time="0.025"/>
  <testcase name="testAzzeccagarbugli()" classname="alessandro.stamera.wherewolfserver.classi.TestBecchino" time="0.017"/>
  <testcase name="testNegromante()" classname="alessandro.stamera.wherewolfserver.classi.TestBecchino" time="0.009"/>
  <testcase name="testDescrizione()" classname="alessandro.stamera.wherewolfserver.classi.TestBecchino" time="0.004"/>
  <testcase name="testBecchino()" classname="alessandro.stamera.wherewolfserver.classi.TestBecchino" time="0.001"/>
  <system-out><![CDATA[]]></system-out>
  <system-err><![CDATA[]]></system-err>
</testsuite>
