<?xml version="1.0" encoding="UTF-8"?>
<testsuite name="alessandro.stamera.wherewolfserver.classi.fazioni.TestCriminale" tests="25" skipped="0" failures="0" errors="0" timestamp="2026-06-01T16:27:20" hostname="ALESSANDRO" time="0.097">
  <properties/>
  <testcase name="testCategoria()" classname="alessandro.stamera.wherewolfserver.classi.fazioni.TestCriminale" time="0.005"/>
  <testcase name="testPiccoloPopolo()" classname="alessandro.stamera.wherewolfserver.classi.fazioni.TestCriminale" time="0.002"/>
  <testcase name="testPosseduto()" classname="alessandro.stamera.wherewolfserver.classi.fazioni.TestCriminale" time="0.001"/>
  <testcase name="testCitta()" classname="alessandro.stamera.wherewolfserver.classi.fazioni.TestCriminale" time="0.006"/>
  <testcase name="testGhoul()" classname="alessandro.stamera.wherewolfserver.classi.fazioni.TestCriminale" time="0.005"/>
  <testcase name="testPazzo()" classname="alessandro.stamera.wherewolfserver.classi.fazioni.TestCriminale" time="0.003"/>
  <testcase name="testBoia()" classname="alessandro.stamera.wherewolfserver.classi.fazioni.TestCriminale" time="0.001"/>
  <testcase name="testLune()" classname="alessandro.stamera.wherewolfserver.classi.fazioni.TestCriminale" time="0.003"/>
  <testcase name="testLupo()" classname="alessandro.stamera.wherewolfserver.classi.fazioni.TestCriminale" time="0.001"/>
  <testcase name="[1] partita=alessandro.stamera.wherewolfserver.classi.gestione_partita.Partita@436bd4df, esito=SCONFITTA" classname="alessandro.stamera.wherewolfserver.classi.fazioni.TestCriminale" time="0.003"/>
  <testcase name="[2] partita=alessandro.stamera.wherewolfserver.classi.gestione_partita.Partita@6848a051, esito=SCONFITTA" classname="alessandro.stamera.wherewolfserver.classi.fazioni.TestCriminale" time="0.003"/>
  <testcase name="[3] partita=alessandro.stamera.wherewolfserver.classi.gestione_partita.Partita@149b0577, esito=VITTORIA" classname="alessandro.stamera.wherewolfserver.classi.fazioni.TestCriminale" time="0.001"/>
  <testcase name="tesFazione()" classname="alessandro.stamera.wherewolfserver.classi.fazioni.TestCriminale" time="0.002"/>
  <testcase name="testInquisizione()" classname="alessandro.stamera.wherewolfserver.classi.fazioni.TestCriminale" time="0.001"/>
  <testcase name="testPeccatore()" classname="alessandro.stamera.wherewolfserver.classi.fazioni.TestCriminale" time="0.002"/>
  <testcase name="testMistico()" classname="alessandro.stamera.wherewolfserver.classi.fazioni.TestCriminale" time="0.002"/>
  <testcase name="testVillaggio()" classname="alessandro.stamera.wherewolfserver.classi.fazioni.TestCriminale" time="0.002"/>
  <testcase name="testCriminale()" classname="alessandro.stamera.wherewolfserver.classi.fazioni.TestCriminale" time="0.001"/>
  <testcase name="testAmanti()" classname="alessandro.stamera.wherewolfserver.classi.fazioni.TestCriminale" time="0.0"/>
  <testcase name="testCreaturaOmbra()" classname="alessandro.stamera.wherewolfserver.classi.fazioni.TestCriminale" time="0.002"/>
  <testcase name="testGoblin()" classname="alessandro.stamera.wherewolfserver.classi.fazioni.TestCriminale" time="0.001"/>
  <testcase name="testMegera()" classname="alessandro.stamera.wherewolfserver.classi.fazioni.TestCriminale" time="0.001"/>
  <testcase name="testNosferatu()" classname="alessandro.stamera.wherewolfserver.classi.fazioni.TestCriminale" time="0.002"/>
  <testcase name="testGiullare()" classname="alessandro.stamera.wherewolfserver.classi.fazioni.TestCriminale" time="0.0"/>
  <testcase name="testSegnalazioneAzzeccagarbugli()" classname="alessandro.stamera.wherewolfserver.classi.fazioni.TestCriminale" time="0.0"/>
  <system-out><![CDATA[alessandro.stamera.wherewolfserver.classi.ruoli.guardie.GuardiaPrincipale@280d4882
alessandro.stamera.wherewolfserver.classi.ruoli.guardie.AltraGuardia@1e1b061
alessandro.stamera.wherewolfserver.classi.ruoli.Prete@4ee25d80
alessandro.stamera.wherewolfserver.classi.ruoli.Peccatore@58fa5769
alessandro.stamera.wherewolfserver.classi.ruoli.BoccaDiRosa@5984feef
alessandro.stamera.wherewolfserver.classi.ruoli.CapoGilda@1f67761b
alessandro.stamera.wherewolfserver.classi.ruoli.Prete@4ee25d80
]]></system-out>
  <system-err><![CDATA[]]></system-err>
</testsuite>
