<?xml version="1.0" encoding="UTF-8"?>
<testsuite name="alessandro.stamera.wherewolfserver.classi.ruoli.classi_generiche.TestUomini" tests="4" skipped="0" failures="0" errors="0" timestamp="2026-05-29T13:43:43" hostname="ALESSANDRO" time="0.114">
  <properties/>
  <testcase name="testCategoria()" classname="alessandro.stamera.wherewolfserver.classi.ruoli.classi_generiche.TestUomini" time="0.097"/>
  <testcase name="[1] partita=alessandro.stamera.wherewolfserver.classi.gestione_partita.Partita@3e900e1a, esito=SCONFITTA" classname="alessandro.stamera.wherewolfserver.classi.ruoli.classi_generiche.TestUomini" time="0.005"/>
  <testcase name="[2] partita=alessandro.stamera.wherewolfserver.classi.gestione_partita.Partita@5df7e31b, esito=SCONFITTA" classname="alessandro.stamera.wherewolfserver.classi.ruoli.classi_generiche.TestUomini" time="0.005"/>
  <testcase name="[3] partita=alessandro.stamera.wherewolfserver.classi.gestione_partita.Partita@5934153e, esito=NON_FINITO" classname="alessandro.stamera.wherewolfserver.classi.ruoli.classi_generiche.TestUomini" time="0.002"/>
  <system-out><![CDATA[alessandro.stamera.wherewolfserver.classi.ruoli.lupi.CapoBranco@38830ea
alessandro.stamera.wherewolfserver.classi.ruoli.Nosferatu@280d4882
alessandro.stamera.wherewolfserver.classi.ruoli.lupi.LupoBranco@77ab22be
alessandro.stamera.wherewolfserver.classi.ruoli.Peccatore@68ed3f30
]]></system-out>
  <system-err><![CDATA[]]></system-err>
</testsuite>
