<?xml version="1.0" encoding="UTF-8"?>
<testsuite name="alessandro.stamera.wherewolfserver.classi.ruoli.contadini.TestContadinoNormale" tests="7" skipped="0" failures="0" errors="0" timestamp="2026-05-29T14:24:44" hostname="ALESSANDRO" time="0.017">
  <properties/>
  <testcase name="testFazione()" classname="alessandro.stamera.wherewolfserver.classi.ruoli.contadini.TestContadinoNormale" time="0.002"/>
  <testcase name="testNome()" classname="alessandro.stamera.wherewolfserver.classi.ruoli.contadini.TestContadinoNormale" time="0.001"/>
  <testcase name="testContadinoEroe()" classname="alessandro.stamera.wherewolfserver.classi.ruoli.contadini.TestContadinoNormale" time="0.0"/>
  <testcase name="testContadinoLupo()" classname="alessandro.stamera.wherewolfserver.classi.ruoli.contadini.TestContadinoNormale" time="0.001"/>
  <testcase name="testContadinoNormale()" classname="alessandro.stamera.wherewolfserver.classi.ruoli.contadini.TestContadinoNormale" time="0.003"/>
  <testcase name="testContadino()" classname="alessandro.stamera.wherewolfserver.classi.ruoli.contadini.TestContadinoNormale" time="0.001"/>
  <testcase name="testContadinoMostro()" classname="alessandro.stamera.wherewolfserver.classi.ruoli.contadini.TestContadinoNormale" time="0.001"/>
  <system-out><![CDATA[alessandro.stamera.wherewolfserver.classi.ruoli.contadini.ContadinoNormale@2b4b96a4
alessandro.stamera.wherewolfserver.classi.ruoli.contadini.ContadinoNormale@2b4b96a4
alessandro.stamera.wherewolfserver.classi.ruoli.contadini.ContadinoNormale@2b4b96a4
alessandro.stamera.wherewolfserver.classi.ruoli.contadini.ContadinoNormale@2b4b96a4
alessandro.stamera.wherewolfserver.classi.ruoli.contadini.ContadinoNormale@2b4b96a4
alessandro.stamera.wherewolfserver.classi.ruoli.contadini.ContadinoNormale@2b4b96a4
alessandro.stamera.wherewolfserver.classi.ruoli.contadini.ContadinoNormale@2b4b96a4
]]></system-out>
  <system-err><![CDATA[]]></system-err>
</testsuite>
