<?xml version="1.0" encoding="UTF-8"?>
<testsuite name="alessandro.stamera.wherewolfserver.classi.ruoli.TestBorgomastro" tests="10" skipped="0" failures="0" errors="0" timestamp="2026-07-07T09:25:40" hostname="ALESSANDRO" time="0.263">
  <properties/>
  <testcase name="testOratore()" classname="alessandro.stamera.wherewolfserver.classi.ruoli.TestBorgomastro" time="0.003"/>
  <testcase name="testControlloMedium()" classname="alessandro.stamera.wherewolfserver.classi.ruoli.TestBorgomastro" time="0.041"/>
  <testcase name="testCitta()" classname="alessandro.stamera.wherewolfserver.classi.ruoli.TestBorgomastro" time="0.003"/>
  <testcase name="testAura()" classname="alessandro.stamera.wherewolfserver.classi.ruoli.TestBorgomastro" time="0.062"/>
  <testcase name="testNome()" classname="alessandro.stamera.wherewolfserver.classi.ruoli.TestBorgomastro" time="0.05"/>
  <testcase name="testBoccaDiRosa()" classname="alessandro.stamera.wherewolfserver.classi.ruoli.TestBorgomastro" time="0.003"/>
  <testcase name="testMercante()" classname="alessandro.stamera.wherewolfserver.classi.ruoli.TestBorgomastro" time="0.001"/>
  <testcase name="testAzzeccagarbugli()" classname="alessandro.stamera.wherewolfserver.classi.ruoli.TestBorgomastro" time="0.001"/>
  <testcase name="testBorgomastro()" classname="alessandro.stamera.wherewolfserver.classi.ruoli.TestBorgomastro" time="0.001"/>
  <testcase name="testDescrizione()" classname="alessandro.stamera.wherewolfserver.classi.ruoli.TestBorgomastro" time="0.004"/>
  <system-out><![CDATA[]]></system-out>
  <system-err><![CDATA[]]></system-err>
</testsuite>
