<?xml version="1.0" encoding="UTF-8"?>
<testsuite name="alessandro.stamera.wherewolfserver.classi.TestGiulietta" tests="5" skipped="0" failures="0" errors="0" timestamp="2026-02-23T14:29:28" hostname="ALESSANDRO" time="0.013">
  <properties/>
  <testcase name="testCategoria()" classname="alessandro.stamera.wherewolfserver.classi.TestGiulietta" time="0.002"/>
  <testcase name="testAura()" classname="alessandro.stamera.wherewolfserver.classi.TestGiulietta" time="0.001"/>
  <testcase name="testLune()" classname="alessandro.stamera.wherewolfserver.classi.TestGiulietta" time="0.001"/>
  <testcase name="testNome()" classname="alessandro.stamera.wherewolfserver.classi.TestGiulietta" time="0.003"/>
  <testcase name="testMistico()" classname="alessandro.stamera.wherewolfserver.classi.TestGiulietta" time="0.0"/>
  <system-out><![CDATA[]]></system-out>
  <system-err><![CDATA[]]></system-err>
</testsuite>
