<?xml version="1.0" encoding="UTF-8"?>
<testsuite name="alessandro.stamera.wherewolfserver.classi.TestAltraGuardia" tests="5" skipped="0" failures="0" errors="0" timestamp="2026-04-08T21:19:59" hostname="ALESSANDRO" time="0.447">
  <properties/>
  <testcase name="testGuardiaCorrotta()" classname="alessandro.stamera.wherewolfserver.classi.TestAltraGuardia" time="0.353"/>
  <testcase name="testControlloMedium()" classname="alessandro.stamera.wherewolfserver.classi.TestAltraGuardia" time="0.028"/>
  <testcase name="testAura()" classname="alessandro.stamera.wherewolfserver.classi.TestAltraGuardia" time="0.013"/>
  <testcase name="testNome()" classname="alessandro.stamera.wherewolfserver.classi.TestAltraGuardia" time="0.022"/>
  <testcase name="testDescrizione()" classname="alessandro.stamera.wherewolfserver.classi.TestAltraGuardia" time="0.01"/>
  <system-out><![CDATA[]]></system-out>
  <system-err><![CDATA[]]></system-err>
</testsuite>
