<?xml version="1.0" encoding="UTF-8"?>
<testsuite name="alessandro.stamera.wherewolfserver.classi.ruoli.TestGiullare" tests="21" skipped="0" failures="0" errors="0" timestamp="2026-05-22T16:27:35" hostname="ALESSANDRO" time="0.151">
  <properties/>
  <testcase name="testCategoria()" classname="alessandro.stamera.wherewolfserver.classi.ruoli.TestGiullare" time="0.001"/>
  <testcase name="testPiccoloPopolo()" classname="alessandro.stamera.wherewolfserver.classi.ruoli.TestGiullare" time="0.001"/>
  <testcase name="testPosseduto()" classname="alessandro.stamera.wherewolfserver.classi.ruoli.TestGiullare" time="0.001"/>
  <testcase name="testFazione()" classname="alessandro.stamera.wherewolfserver.classi.ruoli.TestGiullare" time="0.001"/>
  <testcase name="testControlloMedium()" classname="alessandro.stamera.wherewolfserver.classi.ruoli.TestGiullare" time="0.001"/>
  <testcase name="testCitta()" classname="alessandro.stamera.wherewolfserver.classi.ruoli.TestGiullare" time="0.026"/>
  <testcase name="testGhoul()" classname="alessandro.stamera.wherewolfserver.classi.ruoli.TestGiullare" time="0.006"/>
  <testcase name="testPazzo()" classname="alessandro.stamera.wherewolfserver.classi.ruoli.TestGiullare" time="0.004"/>
  <testcase name="testAura()" classname="alessandro.stamera.wherewolfserver.classi.ruoli.TestGiullare" time="0.005"/>
  <testcase name="testLune()" classname="alessandro.stamera.wherewolfserver.classi.ruoli.TestGiullare" time="0.005"/>
  <testcase name="testLupo()" classname="alessandro.stamera.wherewolfserver.classi.ruoli.TestGiullare" time="0.006"/>
  <testcase name="testNome()" classname="alessandro.stamera.wherewolfserver.classi.ruoli.TestGiullare" time="0.006"/>
  <testcase name="testInquisizione()" classname="alessandro.stamera.wherewolfserver.classi.ruoli.TestGiullare" time="0.009"/>
  <testcase name="testLeprecauno()" classname="alessandro.stamera.wherewolfserver.classi.ruoli.TestGiullare" time="0.006"/>
  <testcase name="testMistico()" classname="alessandro.stamera.wherewolfserver.classi.ruoli.TestGiullare" time="0.007"/>
  <testcase name="testVillaggio()" classname="alessandro.stamera.wherewolfserver.classi.ruoli.TestGiullare" time="0.006"/>
  <testcase name="testCriminale()" classname="alessandro.stamera.wherewolfserver.classi.ruoli.TestGiullare" time="0.006"/>
  <testcase name="testMegera()" classname="alessandro.stamera.wherewolfserver.classi.ruoli.TestGiullare" time="0.004"/>
  <testcase name="testNosferatu()" classname="alessandro.stamera.wherewolfserver.classi.ruoli.TestGiullare" time="0.004"/>
  <testcase name="testDescrizione()" classname="alessandro.stamera.wherewolfserver.classi.ruoli.TestGiullare" time="0.005"/>
  <testcase name="testGiullare()" classname="alessandro.stamera.wherewolfserver.classi.ruoli.TestGiullare" time="0.006"/>
  <system-out><![CDATA[alessandro.stamera.wherewolfserver.classi.ruoli.Giullare@31500940
alessandro.stamera.wherewolfserver.classi.ruoli.Giullare@31500940
alessandro.stamera.wherewolfserver.classi.ruoli.Giullare@31500940
alessandro.stamera.wherewolfserver.classi.ruoli.Giullare@31500940
alessandro.stamera.wherewolfserver.classi.ruoli.Giullare@31500940
alessandro.stamera.wherewolfserver.classi.ruoli.Giullare@31500940
alessandro.stamera.wherewolfserver.classi.ruoli.Giullare@31500940
alessandro.stamera.wherewolfserver.classi.ruoli.Giullare@31500940
alessandro.stamera.wherewolfserver.classi.ruoli.Giullare@31500940
alessandro.stamera.wherewolfserver.classi.ruoli.Giullare@31500940
alessandro.stamera.wherewolfserver.classi.ruoli.Giullare@31500940
alessandro.stamera.wherewolfserver.classi.ruoli.Giullare@31500940
alessandro.stamera.wherewolfserver.classi.ruoli.Giullare@31500940
alessandro.stamera.wherewolfserver.classi.ruoli.Giullare@31500940
alessandro.stamera.wherewolfserver.classi.ruoli.Giullare@31500940
alessandro.stamera.wherewolfserver.classi.ruoli.Giullare@31500940
alessandro.stamera.wherewolfserver.classi.ruoli.Giullare@31500940
alessandro.stamera.wherewolfserver.classi.ruoli.Giullare@31500940
alessandro.stamera.wherewolfserver.classi.ruoli.Giullare@31500940
alessandro.stamera.wherewolfserver.classi.ruoli.Giullare@31500940
alessandro.stamera.wherewolfserver.classi.ruoli.Giullare@31500940
]]></system-out>
  <system-err><![CDATA[]]></system-err>
</testsuite>
