<?xml version="1.0" encoding="UTF-8"?>
<testsuite name="alessandro.stamera.wherewolfserver.classi.ruoli.TestLadra" tests="12" skipped="0" failures="0" errors="0" timestamp="2026-05-23T08:43:54" hostname="ALESSANDRO" time="0.051">
  <properties/>
  <testcase name="testControlloMedium()" classname="alessandro.stamera.wherewolfserver.classi.ruoli.TestLadra" time="0.002"/>
  <testcase name="testLadra()" classname="alessandro.stamera.wherewolfserver.classi.ruoli.TestLadra" time="0.002"/>
  <testcase name="testAura()" classname="alessandro.stamera.wherewolfserver.classi.ruoli.TestLadra" time="0.002"/>
  <testcase name="testNome()" classname="alessandro.stamera.wherewolfserver.classi.ruoli.TestLadra" time="0.003"/>
  <testcase name="testSpia()" classname="alessandro.stamera.wherewolfserver.classi.ruoli.TestLadra" time="0.001"/>
  <testcase name="testCapoGilda()" classname="alessandro.stamera.wherewolfserver.classi.ruoli.TestLadra" time="0.001"/>
  <testcase name="testAttaccoNosferatu()" classname="alessandro.stamera.wherewolfserver.classi.ruoli.TestLadra" time="0.001"/>
  <testcase name="testCriminale()" classname="alessandro.stamera.wherewolfserver.classi.ruoli.TestLadra" time="0.002"/>
  <testcase name="[1] nome=Capo branco" classname="alessandro.stamera.wherewolfserver.classi.ruoli.TestLadra" time="0.005"/>
  <testcase name="testAttaccoNegromante()" classname="alessandro.stamera.wherewolfserver.classi.ruoli.TestLadra" time="0.004"/>
  <testcase name="testAssassino()" classname="alessandro.stamera.wherewolfserver.classi.ruoli.TestLadra" time="0.003"/>
  <testcase name="testDescrizione()" classname="alessandro.stamera.wherewolfserver.classi.ruoli.TestLadra" time="0.002"/>
  <system-out><![CDATA[alessandro.stamera.wherewolfserver.classi.ruoli.Ladra@43982337
alessandro.stamera.wherewolfserver.classi.ruoli.Ladra@43982337
alessandro.stamera.wherewolfserver.classi.ruoli.Ladra@43982337
alessandro.stamera.wherewolfserver.classi.ruoli.Ladra@43982337
alessandro.stamera.wherewolfserver.classi.ruoli.Ladra@43982337
alessandro.stamera.wherewolfserver.classi.ruoli.Ladra@43982337
alessandro.stamera.wherewolfserver.classi.ruoli.Ladra@43982337
alessandro.stamera.wherewolfserver.classi.ruoli.Ladra@43982337
alessandro.stamera.wherewolfserver.classi.ruoli.Ladra@43982337
alessandro.stamera.wherewolfserver.classi.ruoli.lupi.CapoBranco@41200e0c
alessandro.stamera.wherewolfserver.classi.ruoli.lupi.CapoBranco@41200e0c
alessandro.stamera.wherewolfserver.classi.ruoli.Ladra@43982337
alessandro.stamera.wherewolfserver.classi.ruoli.Ladra@43982337
alessandro.stamera.wherewolfserver.classi.ruoli.Ladra@43982337
]]></system-out>
  <system-err><![CDATA[]]></system-err>
</testsuite>
