<?xml version="1.0" encoding="UTF-8"?>
<testsuite name="alessandro.stamera.wherewolfserver.classi.TestLupoBranco" tests="8" skipped="0" failures="0" errors="0" timestamp="2026-02-17T15:54:23" hostname="ALESSANDRO" time="0.111">
  <properties/>
  <testcase name="testLupoBranco()" classname="alessandro.stamera.wherewolfserver.classi.TestLupoBranco" time="0.002"/>
  <testcase name="testLune()" classname="alessandro.stamera.wherewolfserver.classi.TestLupoBranco" time="0.001"/>
  <testcase name="testLupo()" classname="alessandro.stamera.wherewolfserver.classi.TestLupoBranco" time="0.002"/>
  <testcase name="testNome()" classname="alessandro.stamera.wherewolfserver.classi.TestLupoBranco" time="0.004"/>
  <testcase name="testLupoReietto()" classname="alessandro.stamera.wherewolfserver.classi.TestLupoBranco" time="0.003"/>
  <testcase name="testGiovaneLupo()" classname="alessandro.stamera.wherewolfserver.classi.TestLupoBranco" time="0.001"/>
  <testcase name="testCapoBranco()" classname="alessandro.stamera.wherewolfserver.classi.TestLupoBranco" time="0.016"/>
  <testcase name="testDescrizione()" classname="alessandro.stamera.wherewolfserver.classi.TestLupoBranco" time="0.004"/>
  <system-out><![CDATA[]]></system-out>
  <system-err><![CDATA[]]></system-err>
</testsuite>
