<?xml version="1.0" encoding="UTF-8"?>
<testsuite name="alessandro.stamera.wherewolfserver.classi.TestPeccatore" tests="33" skipped="0" failures="0" errors="0" timestamp="2026-04-16T13:45:41" hostname="ALESSANDRO" time="0.151">
  <properties/>
  <testcase name="testEremita()" classname="alessandro.stamera.wherewolfserver.classi.TestPeccatore" time="0.001"/>
  <testcase name="testPosseduto()" classname="alessandro.stamera.wherewolfserver.classi.TestPeccatore" time="0.0"/>
  <testcase name="testControlloMedium()" classname="alessandro.stamera.wherewolfserver.classi.TestPeccatore" time="0.0"/>
  <testcase name="testBardo()" classname="alessandro.stamera.wherewolfserver.classi.TestPeccatore" time="0.0"/>
  <testcase name="testCitta()" classname="alessandro.stamera.wherewolfserver.classi.TestPeccatore" time="0.001"/>
  <testcase name="testGhoul()" classname="alessandro.stamera.wherewolfserver.classi.TestPeccatore" time="0.001"/>
  <testcase name="testNonna()" classname="alessandro.stamera.wherewolfserver.classi.TestPeccatore" time="0.001"/>
  <testcase name="testPazzo()" classname="alessandro.stamera.wherewolfserver.classi.TestPeccatore" time="0.058"/>
  <testcase name="testAura()" classname="alessandro.stamera.wherewolfserver.classi.TestPeccatore" time="0.001"/>
  <testcase name="testLune()" classname="alessandro.stamera.wherewolfserver.classi.TestPeccatore" time="0.0"/>
  <testcase name="testMago()" classname="alessandro.stamera.wherewolfserver.classi.TestPeccatore" time="0.007"/>
  <testcase name="testNome()" classname="alessandro.stamera.wherewolfserver.classi.TestPeccatore" time="0.001"/>
  <testcase name="testOste()" classname="alessandro.stamera.wherewolfserver.classi.TestPeccatore" time="0.001"/>
  <testcase name="testCacciatore()" classname="alessandro.stamera.wherewolfserver.classi.TestPeccatore" time="0.001"/>
  <testcase name="testGuardia()" classname="alessandro.stamera.wherewolfserver.classi.TestPeccatore" time="0.001"/>
  <testcase name="testCacciatoreDiVampiri()" classname="alessandro.stamera.wherewolfserver.classi.TestPeccatore" time="0.001"/>
  <testcase name="testContadino()" classname="alessandro.stamera.wherewolfserver.classi.TestPeccatore" time="0.0"/>
  <testcase name="testInquisizione()" classname="alessandro.stamera.wherewolfserver.classi.TestPeccatore" time="0.0"/>
  <testcase name="testCappuccettoRosso()" classname="alessandro.stamera.wherewolfserver.classi.TestPeccatore" time="0.001"/>
  <testcase name="testLeprecauno()" classname="alessandro.stamera.wherewolfserver.classi.TestPeccatore" time="0.004"/>
  <testcase name="testGuaritore()" classname="alessandro.stamera.wherewolfserver.classi.TestPeccatore" time="0.001"/>
  <testcase name="testPeccatore()" classname="alessandro.stamera.wherewolfserver.classi.TestPeccatore" time="0.011"/>
  <testcase name="testMistico()" classname="alessandro.stamera.wherewolfserver.classi.TestPeccatore" time="0.001"/>
  <testcase name="testVillaggio()" classname="alessandro.stamera.wherewolfserver.classi.TestPeccatore" time="0.002"/>
  <testcase name="testCriminale()" classname="alessandro.stamera.wherewolfserver.classi.TestPeccatore" time="0.001"/>
  <testcase name="testBracconiere()" classname="alessandro.stamera.wherewolfserver.classi.TestPeccatore" time="0.002"/>
  <testcase name="testSensitiva()" classname="alessandro.stamera.wherewolfserver.classi.TestPeccatore" time="0.005"/>
  <testcase name="testMedium()" classname="alessandro.stamera.wherewolfserver.classi.TestPeccatore" time="0.001"/>
  <testcase name="testMegera()" classname="alessandro.stamera.wherewolfserver.classi.TestPeccatore" time="0.0"/>
  <testcase name="testMonaco()" classname="alessandro.stamera.wherewolfserver.classi.TestPeccatore" time="0.0"/>
  <testcase name="testNosferatu()" classname="alessandro.stamera.wherewolfserver.classi.TestPeccatore" time="0.001"/>
  <testcase name="testDescrizione()" classname="alessandro.stamera.wherewolfserver.classi.TestPeccatore" time="0.001"/>
  <testcase name="testBecchino()" classname="alessandro.stamera.wherewolfserver.classi.TestPeccatore" time="0.002"/>
  <system-out><![CDATA[]]></system-out>
  <system-err><![CDATA[]]></system-err>
</testsuite>
