<?xml version="1.0" encoding="UTF-8"?>
<testsuite name="alessandro.stamera.wherewolfserver.classi.attributi_ruolo.TestProtezioni" tests="3" skipped="0" failures="0" errors="0" timestamp="2026-04-28T20:31:09" hostname="ALESSANDRO" time="0.176">
  <properties/>
  <testcase name="testPerdiProtezioni()" classname="alessandro.stamera.wherewolfserver.classi.attributi_ruolo.TestProtezioni" time="0.151"/>
  <testcase name="testCappuccettoRosso()" classname="alessandro.stamera.wherewolfserver.classi.attributi_ruolo.TestProtezioni" time="0.008"/>
  <testcase name="testCreatureOmbra()" classname="alessandro.stamera.wherewolfserver.classi.attributi_ruolo.TestProtezioni" time="0.009"/>
  <system-out><![CDATA[]]></system-out>
  <system-err><![CDATA[]]></system-err>
</testsuite>
