<?xml version="1.0" encoding="UTF-8"?>
<testsuite name="alessandro.stamera.wherewolfserver.classi.TestProtezioni" tests="4" skipped="0" failures="0" errors="0" timestamp="2026-03-18T16:36:14" hostname="ALESSANDRO" time="0.05">
  <properties/>
  <testcase name="[1] nome=Guaritore" classname="alessandro.stamera.wherewolfserver.classi.TestProtezioni" time="0.008"/>
  <testcase name="testPerdiProtezioni()" classname="alessandro.stamera.wherewolfserver.classi.TestProtezioni" time="0.004"/>
  <testcase name="[1] nome=Capo branco" classname="alessandro.stamera.wherewolfserver.classi.TestProtezioni" time="0.003"/>
  <testcase name="[1] nome=Capo branco" classname="alessandro.stamera.wherewolfserver.classi.TestProtezioni" time="0.004"/>
  <system-out><![CDATA[]]></system-out>
  <system-err><![CDATA[]]></system-err>
</testsuite>
