<?xml version="1.0" encoding="UTF-8"?>
<testsuite name="alessandro.stamera.wherewolfserver.classi.ruoli.TestNosferatu" tests="28" skipped="0" failures="0" errors="0" timestamp="2026-06-29T20:43:36" hostname="ALESSANDRO" time="0.197">
  <properties/>
  <testcase name="testCategoria()" classname="alessandro.stamera.wherewolfserver.classi.ruoli.TestNosferatu" time="0.002"/>
  <testcase name="testPiccoloPopolo()" classname="alessandro.stamera.wherewolfserver.classi.ruoli.TestNosferatu" time="0.0"/>
  <testcase name="testPosseduto()" classname="alessandro.stamera.wherewolfserver.classi.ruoli.TestNosferatu" time="0.001"/>
  <testcase name="testFazione()" classname="alessandro.stamera.wherewolfserver.classi.ruoli.TestNosferatu" time="0.002"/>
  <testcase name="testControlloMedium()" classname="alessandro.stamera.wherewolfserver.classi.ruoli.TestNosferatu" time="0.003"/>
  <testcase name="testCitta()" classname="alessandro.stamera.wherewolfserver.classi.ruoli.TestNosferatu" time="0.0"/>
  <testcase name="testGhoul()" classname="alessandro.stamera.wherewolfserver.classi.ruoli.TestNosferatu" time="0.009"/>
  <testcase name="testPazzo()" classname="alessandro.stamera.wherewolfserver.classi.ruoli.TestNosferatu" time="0.001"/>
  <testcase name="testAura()" classname="alessandro.stamera.wherewolfserver.classi.ruoli.TestNosferatu" time="0.002"/>
  <testcase name="testLune()" classname="alessandro.stamera.wherewolfserver.classi.ruoli.TestNosferatu" time="0.001"/>
  <testcase name="testLupo()" classname="alessandro.stamera.wherewolfserver.classi.ruoli.TestNosferatu" time="0.002"/>
  <testcase name="testNome()" classname="alessandro.stamera.wherewolfserver.classi.ruoli.TestNosferatu" time="0.001"/>
  <testcase name="testVampiro()" classname="alessandro.stamera.wherewolfserver.classi.ruoli.TestNosferatu" time="0.0"/>
  <testcase name="testInquisizione()" classname="alessandro.stamera.wherewolfserver.classi.ruoli.TestNosferatu" time="0.0"/>
  <testcase name="testPeccatore()" classname="alessandro.stamera.wherewolfserver.classi.ruoli.TestNosferatu" time="0.002"/>
  <testcase name="testSegnalazioneBoia()" classname="alessandro.stamera.wherewolfserver.classi.ruoli.TestNosferatu" time="0.002"/>
  <testcase name="testMistico()" classname="alessandro.stamera.wherewolfserver.classi.ruoli.TestNosferatu" time="0.002"/>
  <testcase name="testVillaggio()" classname="alessandro.stamera.wherewolfserver.classi.ruoli.TestNosferatu" time="0.003"/>
  <testcase name="testCriminale()" classname="alessandro.stamera.wherewolfserver.classi.ruoli.TestNosferatu" time="0.001"/>
  <testcase name="testAmanti()" classname="alessandro.stamera.wherewolfserver.classi.ruoli.TestNosferatu" time="0.001"/>
  <testcase name="testCreatureOmbra()" classname="alessandro.stamera.wherewolfserver.classi.ruoli.TestNosferatu" time="0.005"/>
  <testcase name="testGoblin()" classname="alessandro.stamera.wherewolfserver.classi.ruoli.TestNosferatu" time="0.006"/>
  <testcase name="testNosferatu()" classname="alessandro.stamera.wherewolfserver.classi.ruoli.TestNosferatu" time="0.011"/>
  <testcase name="[1] partita=alessandro.stamera.wherewolfserver.classi.gestione_partita.Partita@4b432e53" classname="alessandro.stamera.wherewolfserver.classi.ruoli.TestNosferatu" time="0.003"/>
  <testcase name="[2] partita=alessandro.stamera.wherewolfserver.classi.gestione_partita.Partita@2b916808" classname="alessandro.stamera.wherewolfserver.classi.ruoli.TestNosferatu" time="0.002"/>
  <testcase name="[3] partita=alessandro.stamera.wherewolfserver.classi.gestione_partita.Partita@62f11ebb" classname="alessandro.stamera.wherewolfserver.classi.ruoli.TestNosferatu" time="0.006"/>
  <testcase name="testDescrizione()" classname="alessandro.stamera.wherewolfserver.classi.ruoli.TestNosferatu" time="0.017"/>
  <testcase name="testGiullare()" classname="alessandro.stamera.wherewolfserver.classi.ruoli.TestNosferatu" time="0.004"/>
  <system-out><![CDATA[RIUSCITO
RIUSCITO
RIUSCITO
RIUSCITO
]]></system-out>
  <system-err><![CDATA[]]></system-err>
</testsuite>
