<?xml version="1.0" encoding="UTF-8"?>
<testsuite name="alessandro.stamera.wherewolfserver.entity.TestGiocatoriRicorrenti" tests="4" skipped="0" failures="0" errors="0" timestamp="2026-03-17T10:44:56" hostname="ALESSANDRO" time="0.123">
  <properties/>
  <testcase name="ordineAlfabetico()" classname="alessandro.stamera.wherewolfserver.entity.TestGiocatoriRicorrenti" time="0.086"/>
  <testcase name="inserimentoGiocatoreNonRiuscito()" classname="alessandro.stamera.wherewolfserver.entity.TestGiocatoriRicorrenti" time="0.008"/>
  <testcase name="inserimentoGiocatoreRiuscito()" classname="alessandro.stamera.wherewolfserver.entity.TestGiocatoriRicorrenti" time="0.006"/>
  <testcase name="eliminazioneGiocatore()" classname="alessandro.stamera.wherewolfserver.entity.TestGiocatoriRicorrenti" time="0.009"/>
  <system-out><![CDATA[]]></system-out>
  <system-err><![CDATA[]]></system-err>
</testsuite>
