<?xml version="1.0" encoding="UTF-8"?>
<testsuite name="alessandro.stamera.wherewolfserver.classi.TestAngeloCustode" tests="15" skipped="0" failures="0" errors="0" timestamp="2026-02-21T11:32:42" hostname="ALESSANDRO" time="0.356">
  <properties/>
  <testcase name="testCategoria()" classname="alessandro.stamera.wherewolfserver.classi.TestAngeloCustode" time="0.231"/>
  <testcase name="testAngeloCustode()" classname="alessandro.stamera.wherewolfserver.classi.TestAngeloCustode" time="0.01"/>
  <testcase name="testFazione()" classname="alessandro.stamera.wherewolfserver.classi.TestAngeloCustode" time="0.003"/>
  <testcase name="testSceltaAngeloCustode()" classname="alessandro.stamera.wherewolfserver.classi.TestAngeloCustode" time="0.004"/>
  <testcase name="testAmato()" classname="alessandro.stamera.wherewolfserver.classi.TestAngeloCustode" time="0.003"/>
  <testcase name="testCitta()" classname="alessandro.stamera.wherewolfserver.classi.TestAngeloCustode" time="0.004"/>
  <testcase name="testAura()" classname="alessandro.stamera.wherewolfserver.classi.TestAngeloCustode" time="0.005"/>
  <testcase name="testBoia()" classname="alessandro.stamera.wherewolfserver.classi.TestAngeloCustode" time="0.006"/>
  <testcase name="testLune()" classname="alessandro.stamera.wherewolfserver.classi.TestAngeloCustode" time="0.012"/>
  <testcase name="testLupo()" classname="alessandro.stamera.wherewolfserver.classi.TestAngeloCustode" time="0.003"/>
  <testcase name="testNome()" classname="alessandro.stamera.wherewolfserver.classi.TestAngeloCustode" time="0.01"/>
  <testcase name="testMistico()" classname="alessandro.stamera.wherewolfserver.classi.TestAngeloCustode" time="0.003"/>
  <testcase name="testVillaggio()" classname="alessandro.stamera.wherewolfserver.classi.TestAngeloCustode" time="0.002"/>
  <testcase name="testCriminale()" classname="alessandro.stamera.wherewolfserver.classi.TestAngeloCustode" time="0.002"/>
  <testcase name="testDescrizione()" classname="alessandro.stamera.wherewolfserver.classi.TestAngeloCustode" time="0.001"/>
  <system-out><![CDATA[]]></system-out>
  <system-err><![CDATA[]]></system-err>
</testsuite>
