<?xml version="1.0" encoding="UTF-8"?>
<testsuite name="alessandro.stamera.wherewolfserver.classi.TestContadinoEroe" tests="8" skipped="0" failures="0" errors="0" timestamp="2026-02-02T14:59:57" hostname="ALESSANDRO" time="0.181">
  <properties/>
  <testcase name="testFazione()" classname="alessandro.stamera.wherewolfserver.classi.TestContadinoEroe" time="0.017"/>
  <testcase name="testAura()" classname="alessandro.stamera.wherewolfserver.classi.TestContadinoEroe" time="0.005"/>
  <testcase name="testNome()" classname="alessandro.stamera.wherewolfserver.classi.TestContadinoEroe" time="0.006"/>
  <testcase name="testContadinoEroe()" classname="alessandro.stamera.wherewolfserver.classi.TestContadinoEroe" time="0.001"/>
  <testcase name="testContadinoLupo()" classname="alessandro.stamera.wherewolfserver.classi.TestContadinoEroe" time="0.003"/>
  <testcase name="testContadinoNormale()" classname="alessandro.stamera.wherewolfserver.classi.TestContadinoEroe" time="0.001"/>
  <testcase name="testContadino()" classname="alessandro.stamera.wherewolfserver.classi.TestContadinoEroe" time="0.014"/>
  <testcase name="testContadinoMostro()" classname="alessandro.stamera.wherewolfserver.classi.TestContadinoEroe" time="0.009"/>
  <system-out><![CDATA[]]></system-out>
  <system-err><![CDATA[]]></system-err>
</testsuite>
