<?xml version="1.0" encoding="UTF-8"?>
<testsuite name="alessandro.stamera.wherewolfserver.classi.TestContadinoMostro" tests="9" skipped="0" failures="0" errors="0" timestamp="2026-02-12T09:41:43" hostname="ALESSANDRO" time="0.442">
  <properties/>
  <testcase name="testFazione()" classname="alessandro.stamera.wherewolfserver.classi.TestContadinoMostro" time="0.006"/>
  <testcase name="testAura()" classname="alessandro.stamera.wherewolfserver.classi.TestContadinoMostro" time="0.023"/>
  <testcase name="testNome()" classname="alessandro.stamera.wherewolfserver.classi.TestContadinoMostro" time="0.012"/>
  <testcase name="testContadinoEroe()" classname="alessandro.stamera.wherewolfserver.classi.TestContadinoMostro" time="0.03"/>
  <testcase name="testContadinoLupo()" classname="alessandro.stamera.wherewolfserver.classi.TestContadinoMostro" time="0.012"/>
  <testcase name="testGildata()" classname="alessandro.stamera.wherewolfserver.classi.TestContadinoMostro" time="0.089"/>
  <testcase name="testContadinoNormale()" classname="alessandro.stamera.wherewolfserver.classi.TestContadinoMostro" time="0.037"/>
  <testcase name="testContadino()" classname="alessandro.stamera.wherewolfserver.classi.TestContadinoMostro" time="0.015"/>
  <testcase name="testContadinoMostro()" classname="alessandro.stamera.wherewolfserver.classi.TestContadinoMostro" time="0.01"/>
  <system-out><![CDATA[]]></system-out>
  <system-err><![CDATA[]]></system-err>
</testsuite>
