<?xml version="1.0" encoding="UTF-8"?>
<testsuite name="alessandro.stamera.wherewolfserver.classi.TestAmanti" tests="7" skipped="0" failures="0" errors="0" timestamp="2026-02-24T15:26:51" hostname="ALESSANDRO" time="0.306">
  <properties/>
  <testcase name="testCategoria()" classname="alessandro.stamera.wherewolfserver.classi.TestAmanti" time="0.208"/>
  <testcase name="testFazione()" classname="alessandro.stamera.wherewolfserver.classi.TestAmanti" time="0.005"/>
  <testcase name="testAura()" classname="alessandro.stamera.wherewolfserver.classi.TestAmanti" time="0.002"/>
  <testcase name="testBoia()" classname="alessandro.stamera.wherewolfserver.classi.TestAmanti" time="0.014"/>
  <testcase name="testLune()" classname="alessandro.stamera.wherewolfserver.classi.TestAmanti" time="0.011"/>
  <testcase name="testMistico()" classname="alessandro.stamera.wherewolfserver.classi.TestAmanti" time="0.002"/>
  <testcase name="testAmanti()" classname="alessandro.stamera.wherewolfserver.classi.TestAmanti" time="0.037"/>
  <system-out><![CDATA[]]></system-out>
  <system-err><![CDATA[]]></system-err>
</testsuite>
