<?xml version="1.0" encoding="UTF-8"?>
<testsuite name="alessandro.stamera.wherewolfserver.classi.fazioni.TestCitta" tests="25" skipped="0" failures="0" errors="0" timestamp="2026-06-16T15:55:01" hostname="ALESSANDRO" time="0.154">
  <properties/>
  <testcase name="testCategoria()" classname="alessandro.stamera.wherewolfserver.classi.fazioni.TestCitta" time="0.003"/>
  <testcase name="testVittoria()" classname="alessandro.stamera.wherewolfserver.classi.fazioni.TestCitta" time="0.022"/>
  <testcase name="testPiccoloPopolo()" classname="alessandro.stamera.wherewolfserver.classi.fazioni.TestCitta" time="0.003"/>
  <testcase name="testPosseduto()" classname="alessandro.stamera.wherewolfserver.classi.fazioni.TestCitta" time="0.003"/>
  <testcase name="testFazione()" classname="alessandro.stamera.wherewolfserver.classi.fazioni.TestCitta" time="0.013"/>
  <testcase name="testCitta()" classname="alessandro.stamera.wherewolfserver.classi.fazioni.TestCitta" time="0.005"/>
  <testcase name="testGhoul()" classname="alessandro.stamera.wherewolfserver.classi.fazioni.TestCitta" time="0.0"/>
  <testcase name="testPazzo()" classname="alessandro.stamera.wherewolfserver.classi.fazioni.TestCitta" time="0.001"/>
  <testcase name="testBoia()" classname="alessandro.stamera.wherewolfserver.classi.fazioni.TestCitta" time="0.002"/>
  <testcase name="testLune()" classname="alessandro.stamera.wherewolfserver.classi.fazioni.TestCitta" time="0.003"/>
  <testcase name="testLupo()" classname="alessandro.stamera.wherewolfserver.classi.fazioni.TestCitta" time="0.001"/>
  <testcase name="testVampiro()" classname="alessandro.stamera.wherewolfserver.classi.fazioni.TestCitta" time="0.002"/>
  <testcase name="testInquisizione()" classname="alessandro.stamera.wherewolfserver.classi.fazioni.TestCitta" time="0.001"/>
  <testcase name="testPeccatore()" classname="alessandro.stamera.wherewolfserver.classi.fazioni.TestCitta" time="0.002"/>
  <testcase name="testMistico()" classname="alessandro.stamera.wherewolfserver.classi.fazioni.TestCitta" time="0.004"/>
  <testcase name="testVillaggio()" classname="alessandro.stamera.wherewolfserver.classi.fazioni.TestCitta" time="0.001"/>
  <testcase name="testCriminale()" classname="alessandro.stamera.wherewolfserver.classi.fazioni.TestCitta" time="0.003"/>
  <testcase name="testAmanti()" classname="alessandro.stamera.wherewolfserver.classi.fazioni.TestCitta" time="0.002"/>
  <testcase name="[1] partita=alessandro.stamera.wherewolfserver.classi.gestione_partita.Partita@4d6ccc97, esito=SCONFITTA" classname="alessandro.stamera.wherewolfserver.classi.fazioni.TestCitta" time="0.005"/>
  <testcase name="[2] partita=alessandro.stamera.wherewolfserver.classi.gestione_partita.Partita@6a12c7a8, esito=SCONFITTA" classname="alessandro.stamera.wherewolfserver.classi.fazioni.TestCitta" time="0.004"/>
  <testcase name="[3] partita=alessandro.stamera.wherewolfserver.classi.gestione_partita.Partita@161aa04a, esito=VITTORIA" classname="alessandro.stamera.wherewolfserver.classi.fazioni.TestCitta" time="0.004"/>
  <testcase name="testGoblin()" classname="alessandro.stamera.wherewolfserver.classi.fazioni.TestCitta" time="0.001"/>
  <testcase name="testMegera()" classname="alessandro.stamera.wherewolfserver.classi.fazioni.TestCitta" time="0.002"/>
  <testcase name="testNosferatu()" classname="alessandro.stamera.wherewolfserver.classi.fazioni.TestCitta" time="0.002"/>
  <testcase name="testGiullare()" classname="alessandro.stamera.wherewolfserver.classi.fazioni.TestCitta" time="0.002"/>
  <system-out><![CDATA[]]></system-out>
  <system-err><![CDATA[]]></system-err>
</testsuite>
