<?xml version="1.0" encoding="UTF-8"?>
<testsuite name="alessandro.stamera.wherewolfserver.classi.ruoli.TestBallottaggio" tests="3" skipped="0" failures="0" errors="0" timestamp="2026-04-29T13:07:54" hostname="ALESSANDRO" time="0.048">
  <properties/>
  <testcase name="testAmatoAssente()" classname="alessandro.stamera.wherewolfserver.classi.ruoli.TestBallottaggio" time="0.017"/>
  <testcase name="testNessunaSegnalazione()" classname="alessandro.stamera.wherewolfserver.classi.ruoli.TestBallottaggio" time="0.007"/>
  <testcase name="testAmatoPresente()" classname="alessandro.stamera.wherewolfserver.classi.ruoli.TestBallottaggio" time="0.009"/>
  <system-out><![CDATA[]]></system-out>
  <system-err><![CDATA[]]></system-err>
</testsuite>
