<?xml version="1.0" encoding="UTF-8"?>
<testsuite name="alessandro.stamera.wherewolfserver.classi.eccezioni.TestEccezioneNonnaBeccata" tests="1" skipped="0" failures="0" errors="0" timestamp="2026-08-05T12:33:08" hostname="ALESSANDRO" time="0.001">
  <properties/>
  <testcase name="testMessaggioErrore()" classname="alessandro.stamera.wherewolfserver.classi.eccezioni.TestEccezioneNonnaBeccata" time="0.001"/>
  <system-out><![CDATA[]]></system-out>
  <system-err><![CDATA[]]></system-err>
</testsuite>
