<?xml version="1.0" encoding="UTF-8"?>
<testsuite name="alessandro.stamera.wherewolfserver.classi.TestSensitiva" tests="3" skipped="0" failures="0" errors="0" timestamp="2026-04-15T08:48:59" hostname="ALESSANDRO" time="0.342">
  <properties/>
  <testcase name="testAura()" classname="alessandro.stamera.wherewolfserver.classi.TestSensitiva" time="0.314"/>
  <testcase name="testNome()" classname="alessandro.stamera.wherewolfserver.classi.TestSensitiva" time="0.013"/>
  <testcase name="testDescrizione()" classname="alessandro.stamera.wherewolfserver.classi.TestSensitiva" time="0.004"/>
  <system-out><![CDATA[]]></system-out>
  <system-err><![CDATA[]]></system-err>
</testsuite>
