<?xml version="1.0" encoding="UTF-8"?>
<testsuite name="alessandro.stamera.wherewolfserver.classi.TestInquisizione" tests="16" skipped="0" failures="0" errors="0" timestamp="2026-04-11T08:57:47" hostname="ALESSANDRO" time="0.031">
  <properties/>
  <testcase name="testCategoria()" classname="alessandro.stamera.wherewolfserver.classi.TestInquisizione" time="0.001"/>
  <testcase name="testFazione()" classname="alessandro.stamera.wherewolfserver.classi.TestInquisizione" time="0.001"/>
  <testcase name="testCitta()" classname="alessandro.stamera.wherewolfserver.classi.TestInquisizione" time="0.001"/>
  <testcase name="testGhoul()" classname="alessandro.stamera.wherewolfserver.classi.TestInquisizione" time="0.0"/>
  <testcase name="testPazzo()" classname="alessandro.stamera.wherewolfserver.classi.TestInquisizione" time="0.0"/>
  <testcase name="testLune()" classname="alessandro.stamera.wherewolfserver.classi.TestInquisizione" time="0.0"/>
  <testcase name="testLupo()" classname="alessandro.stamera.wherewolfserver.classi.TestInquisizione" time="0.001"/>
  <testcase name="testInquisizione()" classname="alessandro.stamera.wherewolfserver.classi.TestInquisizione" time="0.001"/>
  <testcase name="testMistico()" classname="alessandro.stamera.wherewolfserver.classi.TestInquisizione" time="0.001"/>
  <testcase name="testVillaggio()" classname="alessandro.stamera.wherewolfserver.classi.TestInquisizione" time="0.001"/>
  <testcase name="testCriminale()" classname="alessandro.stamera.wherewolfserver.classi.TestInquisizione" time="0.001"/>
  <testcase name="testAmanti()" classname="alessandro.stamera.wherewolfserver.classi.TestInquisizione" time="0.001"/>
  <testcase name="testGoblin()" classname="alessandro.stamera.wherewolfserver.classi.TestInquisizione" time="0.007"/>
  <testcase name="testMegera()" classname="alessandro.stamera.wherewolfserver.classi.TestInquisizione" time="0.001"/>
  <testcase name="testNosferatu()" classname="alessandro.stamera.wherewolfserver.classi.TestInquisizione" time="0.001"/>
  <testcase name="testGiullare()" classname="alessandro.stamera.wherewolfserver.classi.TestInquisizione" time="0.002"/>
  <system-out><![CDATA[]]></system-out>
  <system-err><![CDATA[]]></system-err>
</testsuite>
