<?xml version="1.0" encoding="UTF-8"?>
<testsuite name="alessandro.stamera.wherewolfserver.classi.ruoli.lupi.TestLupoBranco" tests="9" skipped="0" failures="0" errors="0" timestamp="2026-05-06T08:49:32" hostname="ALESSANDRO" time="0.008">
  <properties/>
  <testcase name="testLupoBranco()" classname="alessandro.stamera.wherewolfserver.classi.ruoli.lupi.TestLupoBranco" time="0.0"/>
  <testcase name="testLune()" classname="alessandro.stamera.wherewolfserver.classi.ruoli.lupi.TestLupoBranco" time="0.0"/>
  <testcase name="testLupo()" classname="alessandro.stamera.wherewolfserver.classi.ruoli.lupi.TestLupoBranco" time="0.001"/>
  <testcase name="testNome()" classname="alessandro.stamera.wherewolfserver.classi.ruoli.lupi.TestLupoBranco" time="0.0"/>
  <testcase name="testLupoReietto()" classname="alessandro.stamera.wherewolfserver.classi.ruoli.lupi.TestLupoBranco" time="0.0"/>
  <testcase name="testGiovaneLupo()" classname="alessandro.stamera.wherewolfserver.classi.ruoli.lupi.TestLupoBranco" time="0.0"/>
  <testcase name="testCapoBranco()" classname="alessandro.stamera.wherewolfserver.classi.ruoli.lupi.TestLupoBranco" time="0.0"/>
  <testcase name="[1] tratto=CREATURA_OMBRA" classname="alessandro.stamera.wherewolfserver.classi.ruoli.lupi.TestLupoBranco" time="0.0"/>
  <testcase name="testDescrizione()" classname="alessandro.stamera.wherewolfserver.classi.ruoli.lupi.TestLupoBranco" time="0.0"/>
  <system-out><![CDATA[]]></system-out>
  <system-err><![CDATA[]]></system-err>
</testsuite>
