<?xml version="1.0" encoding="UTF-8"?>
<testsuite name="alessandro.stamera.wherewolfserver.classi.ruoli.guardie.TestGuardiaPrincipale" tests="5" skipped="0" failures="0" errors="0" timestamp="2026-06-02T11:54:01" hostname="ALESSANDRO" time="0.021">
  <properties/>
  <testcase name="testGuardiaCorrotta()" classname="alessandro.stamera.wherewolfserver.classi.ruoli.guardie.TestGuardiaPrincipale" time="0.002"/>
  <testcase name="testControlloMedium()" classname="alessandro.stamera.wherewolfserver.classi.ruoli.guardie.TestGuardiaPrincipale" time="0.002"/>
  <testcase name="testAura()" classname="alessandro.stamera.wherewolfserver.classi.ruoli.guardie.TestGuardiaPrincipale" time="0.002"/>
  <testcase name="testNome()" classname="alessandro.stamera.wherewolfserver.classi.ruoli.guardie.TestGuardiaPrincipale" time="0.003"/>
  <testcase name="testDescrizione()" classname="alessandro.stamera.wherewolfserver.classi.ruoli.guardie.TestGuardiaPrincipale" time="0.002"/>
  <system-out><![CDATA[alessandro.stamera.wherewolfserver.classi.ruoli.guardie.GuardiaPrincipale@135a8c6f
alessandro.stamera.wherewolfserver.classi.ruoli.guardie.GuardiaPrincipale@135a8c6f
alessandro.stamera.wherewolfserver.classi.ruoli.guardie.GuardiaPrincipale@135a8c6f
alessandro.stamera.wherewolfserver.classi.ruoli.guardie.GuardiaPrincipale@135a8c6f
alessandro.stamera.wherewolfserver.classi.ruoli.guardie.GuardiaPrincipale@135a8c6f
]]></system-out>
  <system-err><![CDATA[]]></system-err>
</testsuite>
