<?xml version="1.0" encoding="UTF-8"?>
<testsuite name="alessandro.stamera.wherewolfserver.classi.TestAltraGuardia" tests="4" skipped="0" failures="0" errors="0" timestamp="2026-03-17T00:29:33" hostname="ALESSANDRO" time="0.393">
  <properties/>
  <testcase name="testGuardiaCorrotta()" classname="alessandro.stamera.wherewolfserver.classi.TestAltraGuardia" time="0.314"/>
  <testcase name="testAura()" classname="alessandro.stamera.wherewolfserver.classi.TestAltraGuardia" time="0.029"/>
  <testcase name="testNome()" classname="alessandro.stamera.wherewolfserver.classi.TestAltraGuardia" time="0.02"/>
  <testcase name="testDescrizione()" classname="alessandro.stamera.wherewolfserver.classi.TestAltraGuardia" time="0.007"/>
  <system-out><![CDATA[Altra guardia
Angelo custode
Assassino
Azzeccagarbugli
Bardo
Becchino
Bocca di rosa
Boia
Borgomastro
Bracconiere
Cacciatore
Cacciatore di vampiri
Capo gilda
Giovane lupo
Lupo del branco
Lupo reietto
Lupo solitario
Cappuccetto rosso
Capo branco
Contadino
Contadino
Contadino
Contadino
Eremita
Ghoul
Giulietta
Giullare
Guaritore
Goblin
Leprecauno
Guardia corrotta
Guardia
Inquisitore
Ladra
]]></system-out>
  <system-err><![CDATA[]]></system-err>
</testsuite>
