<?xml version="1.0" encoding="UTF-8"?>
<testsuite name="alessandro.stamera.wherewolfserver.classi.ruoli.TestGiulietta" tests="4" skipped="0" failures="0" errors="0" timestamp="2026-05-28T13:13:46" hostname="ALESSANDRO" time="0.016">
  <properties/>
  <testcase name="testAngeloCustode()" classname="alessandro.stamera.wherewolfserver.classi.ruoli.TestGiulietta" time="0.003"/>
  <testcase name="testNome()" classname="alessandro.stamera.wherewolfserver.classi.ruoli.TestGiulietta" time="0.006"/>
  <testcase name="testGiulietta()" classname="alessandro.stamera.wherewolfserver.classi.ruoli.TestGiulietta" time="0.0"/>
  <testcase name="testDescrizione()" classname="alessandro.stamera.wherewolfserver.classi.ruoli.TestGiulietta" time="0.002"/>
  <system-out><![CDATA[alessandro.stamera.wherewolfserver.classi.ruoli.Giulietta@485e13d7
alessandro.stamera.wherewolfserver.classi.ruoli.Giulietta@485e13d7
alessandro.stamera.wherewolfserver.classi.ruoli.Giulietta@485e13d7
alessandro.stamera.wherewolfserver.classi.ruoli.Giulietta@485e13d7
]]></system-out>
  <system-err><![CDATA[]]></system-err>
</testsuite>
