<?xml version="1.0" encoding="UTF-8"?>
<testsuite name="alessandro.stamera.wherewolfserver.classi.ruoli.lupi.TestLupoBranco" tests="9" skipped="0" failures="0" errors="0" timestamp="2026-05-30T16:20:01" hostname="ALESSANDRO" time="0.01">
  <properties/>
  <testcase name="testLupoBranco()" classname="alessandro.stamera.wherewolfserver.classi.ruoli.lupi.TestLupoBranco" time="0.0"/>
  <testcase name="testLune()" classname="alessandro.stamera.wherewolfserver.classi.ruoli.lupi.TestLupoBranco" time="0.0"/>
  <testcase name="testLupo()" classname="alessandro.stamera.wherewolfserver.classi.ruoli.lupi.TestLupoBranco" time="0.0"/>
  <testcase name="testNome()" classname="alessandro.stamera.wherewolfserver.classi.ruoli.lupi.TestLupoBranco" time="0.002"/>
  <testcase name="testLupoReietto()" classname="alessandro.stamera.wherewolfserver.classi.ruoli.lupi.TestLupoBranco" time="0.0"/>
  <testcase name="testGiovaneLupo()" classname="alessandro.stamera.wherewolfserver.classi.ruoli.lupi.TestLupoBranco" time="0.0"/>
  <testcase name="testCapoBranco()" classname="alessandro.stamera.wherewolfserver.classi.ruoli.lupi.TestLupoBranco" time="0.0"/>
  <testcase name="[1] tratto=CREATURA_OMBRA" classname="alessandro.stamera.wherewolfserver.classi.ruoli.lupi.TestLupoBranco" time="0.001"/>
  <testcase name="testDescrizione()" classname="alessandro.stamera.wherewolfserver.classi.ruoli.lupi.TestLupoBranco" time="0.0"/>
  <system-out><![CDATA[alessandro.stamera.wherewolfserver.classi.ruoli.lupi.LupoBranco@1b6924cb
alessandro.stamera.wherewolfserver.classi.ruoli.lupi.LupoBranco@1b6924cb
alessandro.stamera.wherewolfserver.classi.ruoli.lupi.LupoBranco@1b6924cb
alessandro.stamera.wherewolfserver.classi.ruoli.lupi.LupoBranco@1b6924cb
alessandro.stamera.wherewolfserver.classi.ruoli.lupi.LupoBranco@1b6924cb
alessandro.stamera.wherewolfserver.classi.ruoli.lupi.LupoBranco@1b6924cb
alessandro.stamera.wherewolfserver.classi.ruoli.lupi.LupoBranco@1b6924cb
alessandro.stamera.wherewolfserver.classi.ruoli.lupi.LupoBranco@1b6924cb
alessandro.stamera.wherewolfserver.classi.ruoli.lupi.LupoBranco@1b6924cb
]]></system-out>
  <system-err><![CDATA[]]></system-err>
</testsuite>
