<?xml version="1.0" encoding="UTF-8"?>
<testsuite name="alessandro.stamera.wherewolfserver.classi.ruoli.TestAzzeccagarbugli" tests="14" skipped="0" failures="0" errors="0" timestamp="2026-04-28T16:05:29" hostname="ALESSANDRO" time="0.083">
  <properties/>
  <testcase name="testOratore()" classname="alessandro.stamera.wherewolfserver.classi.ruoli.TestAzzeccagarbugli" time="0.007"/>
  <testcase name="testControlloMedium()" classname="alessandro.stamera.wherewolfserver.classi.ruoli.TestAzzeccagarbugli" time="0.006"/>
  <testcase name="testCitta()" classname="alessandro.stamera.wherewolfserver.classi.ruoli.TestAzzeccagarbugli" time="0.006"/>
  <testcase name="testAura()" classname="alessandro.stamera.wherewolfserver.classi.ruoli.TestAzzeccagarbugli" time="0.005"/>
  <testcase name="testNome()" classname="alessandro.stamera.wherewolfserver.classi.ruoli.TestAzzeccagarbugli" time="0.004"/>
  <testcase name="[1] partita=alessandro.stamera.wherewolfserver.classi.gestione_partita.Partita@45e9b12d, esito=SCONFITTA" classname="alessandro.stamera.wherewolfserver.classi.ruoli.TestAzzeccagarbugli" time="0.001"/>
  <testcase name="[2] partita=alessandro.stamera.wherewolfserver.classi.gestione_partita.Partita@3dc95b8b, esito=SCONFITTA" classname="alessandro.stamera.wherewolfserver.classi.ruoli.TestAzzeccagarbugli" time="0.001"/>
  <testcase name="[3] partita=alessandro.stamera.wherewolfserver.classi.gestione_partita.Partita@2d55e826, esito=VITTORIA" classname="alessandro.stamera.wherewolfserver.classi.ruoli.TestAzzeccagarbugli" time="0.001"/>
  <testcase name="[4] partita=alessandro.stamera.wherewolfserver.classi.gestione_partita.Partita@4d1ff6b1, esito=NON_FINITO" classname="alessandro.stamera.wherewolfserver.classi.ruoli.TestAzzeccagarbugli" time="0.001"/>
  <testcase name="testBoccaDiRosa()" classname="alessandro.stamera.wherewolfserver.classi.ruoli.TestAzzeccagarbugli" time="0.001"/>
  <testcase name="testMercante()" classname="alessandro.stamera.wherewolfserver.classi.ruoli.TestAzzeccagarbugli" time="0.001"/>
  <testcase name="testAzzeccagarbugli()" classname="alessandro.stamera.wherewolfserver.classi.ruoli.TestAzzeccagarbugli" time="0.001"/>
  <testcase name="testBorgomastro()" classname="alessandro.stamera.wherewolfserver.classi.ruoli.TestAzzeccagarbugli" time="0.0"/>
  <testcase name="testDescrizione()" classname="alessandro.stamera.wherewolfserver.classi.ruoli.TestAzzeccagarbugli" time="0.001"/>
  <system-out><![CDATA[]]></system-out>
  <system-err><![CDATA[]]></system-err>
</testsuite>
