<?xml version="1.0" encoding="UTF-8"?>
<testsuite name="alessandro.stamera.wherewolfserver.classi.TestGiovaneLupo" tests="10" skipped="0" failures="0" errors="0" timestamp="2026-02-16T16:56:41" hostname="ALESSANDRO" time="0.139">
  <properties/>
  <testcase name="testLupoBranco()" classname="alessandro.stamera.wherewolfserver.classi.TestGiovaneLupo" time="0.018"/>
  <testcase name="testCategoria()" classname="alessandro.stamera.wherewolfserver.classi.TestGiovaneLupo" time="0.014"/>
  <testcase name="testFazione()" classname="alessandro.stamera.wherewolfserver.classi.TestGiovaneLupo" time="0.002"/>
  <testcase name="testAura()" classname="alessandro.stamera.wherewolfserver.classi.TestGiovaneLupo" time="0.002"/>
  <testcase name="testLune()" classname="alessandro.stamera.wherewolfserver.classi.TestGiovaneLupo" time="0.004"/>
  <testcase name="testNome()" classname="alessandro.stamera.wherewolfserver.classi.TestGiovaneLupo" time="0.005"/>
  <testcase name="testLupoReietto()" classname="alessandro.stamera.wherewolfserver.classi.TestGiovaneLupo" time="0.002"/>
  <testcase name="testGiovaneLupo()" classname="alessandro.stamera.wherewolfserver.classi.TestGiovaneLupo" time="0.042"/>
  <testcase name="testCapoBranco()" classname="alessandro.stamera.wherewolfserver.classi.TestGiovaneLupo" time="0.004"/>
  <testcase name="testDescrizione()" classname="alessandro.stamera.wherewolfserver.classi.TestGiovaneLupo" time="0.003"/>
  <system-out><![CDATA[]]></system-out>
  <system-err><![CDATA[]]></system-err>
</testsuite>
