<?xml version="1.0" encoding="UTF-8"?>
<testsuite name="alessandro.stamera.wherewolfserver.classi.TestCappuccettoRosso" tests="17" skipped="0" failures="0" errors="0" timestamp="2026-03-16T14:50:45" hostname="ALESSANDRO" time="0.236">
  <properties/>
  <testcase name="testBardo()" classname="alessandro.stamera.wherewolfserver.classi.TestCappuccettoRosso" time="0.032"/>
  <testcase name="testAura()" classname="alessandro.stamera.wherewolfserver.classi.TestCappuccettoRosso" time="0.006"/>
  <testcase name="testLune()" classname="alessandro.stamera.wherewolfserver.classi.TestCappuccettoRosso" time="0.006"/>
  <testcase name="testNome()" classname="alessandro.stamera.wherewolfserver.classi.TestCappuccettoRosso" time="0.006"/>
  <testcase name="testPerditaProtezioni()" classname="alessandro.stamera.wherewolfserver.classi.TestCappuccettoRosso" time="0.045"/>
  <testcase name="testCacciatore()" classname="alessandro.stamera.wherewolfserver.classi.TestCappuccettoRosso" time="0.001"/>
  <testcase name="testGuardia()" classname="alessandro.stamera.wherewolfserver.classi.TestCappuccettoRosso" time="0.001"/>
  <testcase name="testCacciatoreDiVampiri()" classname="alessandro.stamera.wherewolfserver.classi.TestCappuccettoRosso" time="0.024"/>
  <testcase name="testContadino()" classname="alessandro.stamera.wherewolfserver.classi.TestCappuccettoRosso" time="0.004"/>
  <testcase name="testCappuccettoRosso()" classname="alessandro.stamera.wherewolfserver.classi.TestCappuccettoRosso" time="0.006"/>
  <testcase name="testGuaritore()" classname="alessandro.stamera.wherewolfserver.classi.TestCappuccettoRosso" time="0.002"/>
  <testcase name="testMistico()" classname="alessandro.stamera.wherewolfserver.classi.TestCappuccettoRosso" time="0.005"/>
  <testcase name="testVillaggio()" classname="alessandro.stamera.wherewolfserver.classi.TestCappuccettoRosso" time="0.003"/>
  <testcase name="testBracconiere()" classname="alessandro.stamera.wherewolfserver.classi.TestCappuccettoRosso" time="0.003"/>
  <testcase name="[1] istanza=CAPO_BRANCO" classname="alessandro.stamera.wherewolfserver.classi.TestCappuccettoRosso" time="0.011"/>
  <testcase name="testDescrizione()" classname="alessandro.stamera.wherewolfserver.classi.TestCappuccettoRosso" time="0.005"/>
  <testcase name="testBecchino()" classname="alessandro.stamera.wherewolfserver.classi.TestCappuccettoRosso" time="0.005"/>
  <system-out><![CDATA[[]
[]
[]
[]
[]
[]
[]
[]
[]
[]
[]
[]
[]
[]
[]
[]
[]
[]
[]
[]
[]
[]
[]
[]
[]
[]
[]
[]
[]
[]
[]
[]
[]
[]
[alessandro.stamera.wherewolfserver.classi.GiovaneLupo@2eced48b, alessandro.stamera.wherewolfserver.classi.LupoBranco@47c4ecdc, alessandro.stamera.wherewolfserver.classi.LupoReietto@42f33b5d, alessandro.stamera.wherewolfserver.classi.LupoSolitario@5c8504fd, alessandro.stamera.wherewolfserver.classi.CapoBranco@4b7e96a]
]]></system-out>
  <system-err><![CDATA[]]></system-err>
</testsuite>
