<?xml version="1.0" encoding="UTF-8"?>
<testsuite name="alessandro.stamera.wherewolfserver.classi.ruoli.classi_generiche.TestUomini" tests="2" skipped="0" failures="0" errors="0" timestamp="2026-08-07T12:51:38" hostname="ALESSANDRO" time="0.165">
  <properties/>
  <testcase name="[1] partita=alessandro.stamera.wherewolfserver.classi.gestione_partita.Partita@5b02a984, esito=SCONFITTA" classname="alessandro.stamera.wherewolfserver.classi.ruoli.classi_generiche.TestUomini" time="0.155"/>
  <testcase name="[2] partita=alessandro.stamera.wherewolfserver.classi.gestione_partita.Partita@615efd1c, esito=NON_FINITO" classname="alessandro.stamera.wherewolfserver.classi.ruoli.classi_generiche.TestUomini" time="0.009"/>
  <system-out><![CDATA[]]></system-out>
  <system-err><![CDATA[]]></system-err>
</testsuite>
