<?xml version="1.0" encoding="UTF-8"?>
<testsuite name="alessandro.stamera.wherewolfserver.classi.TestAngeloCustode" tests="2" skipped="0" failures="0" errors="0" timestamp="2026-01-17T15:04:50" hostname="ALESSANDRO" time="0.289">
  <properties/>
  <testcase name="testFazione()" classname="alessandro.stamera.wherewolfserver.classi.TestAngeloCustode" time="0.272"/>
  <testcase name="testNome()" classname="alessandro.stamera.wherewolfserver.classi.TestAngeloCustode" time="0.011"/>
  <system-out><![CDATA[]]></system-out>
  <system-err><![CDATA[]]></system-err>
</testsuite>
