<?xml version="1.0" encoding="UTF-8"?>
<testsuite name="alessandro.stamera.wherewolfserver.classi.ruoli.lupi.TestCapoBranco" tests="15" skipped="0" failures="0" errors="0" timestamp="2026-09-01T13:21:51" hostname="ALESSANDRO" time="0.051">
  <properties/>
  <testcase name="testLupoBranco()" classname="alessandro.stamera.wherewolfserver.classi.ruoli.lupi.TestCapoBranco" time="0.002"/>
  <testcase name="testSuicidio()" classname="alessandro.stamera.wherewolfserver.classi.ruoli.lupi.TestCapoBranco" time="0.001"/>
  <testcase name="testLune()" classname="alessandro.stamera.wherewolfserver.classi.ruoli.lupi.TestCapoBranco" time="0.001"/>
  <testcase name="testLupo()" classname="alessandro.stamera.wherewolfserver.classi.ruoli.lupi.TestCapoBranco" time="0.001"/>
  <testcase name="testNome()" classname="alessandro.stamera.wherewolfserver.classi.ruoli.lupi.TestCapoBranco" time="0.003"/>
  <testcase name="[1] partita=alessandro.stamera.wherewolfserver.classi.gestione_partita.Partita@5460edd3, esito=VITTORIA" classname="alessandro.stamera.wherewolfserver.classi.ruoli.lupi.TestCapoBranco" time="0.003"/>
  <testcase name="[2] partita=alessandro.stamera.wherewolfserver.classi.gestione_partita.Partita@5dbbb292, esito=VITTORIA" classname="alessandro.stamera.wherewolfserver.classi.ruoli.lupi.TestCapoBranco" time="0.002"/>
  <testcase name="[3] partita=alessandro.stamera.wherewolfserver.classi.gestione_partita.Partita@613f7eb7, esito=SCONFITTA" classname="alessandro.stamera.wherewolfserver.classi.ruoli.lupi.TestCapoBranco" time="0.001"/>
  <testcase name="[4] partita=alessandro.stamera.wherewolfserver.classi.gestione_partita.Partita@565aa4ac, esito=SCONFITTA" classname="alessandro.stamera.wherewolfserver.classi.ruoli.lupi.TestCapoBranco" time="0.0"/>
  <testcase name="[5] partita=alessandro.stamera.wherewolfserver.classi.gestione_partita.Partita@587c5c1, esito=VITTORIA" classname="alessandro.stamera.wherewolfserver.classi.ruoli.lupi.TestCapoBranco" time="0.0"/>
  <testcase name="testLupoReietto()" classname="alessandro.stamera.wherewolfserver.classi.ruoli.lupi.TestCapoBranco" time="0.002"/>
  <testcase name="testGiovaneLupo()" classname="alessandro.stamera.wherewolfserver.classi.ruoli.lupi.TestCapoBranco" time="0.002"/>
  <testcase name="testCapoBranco()" classname="alessandro.stamera.wherewolfserver.classi.ruoli.lupi.TestCapoBranco" time="0.001"/>
  <testcase name="[1] tratto=CREATURA_OMBRA" classname="alessandro.stamera.wherewolfserver.classi.ruoli.lupi.TestCapoBranco" time="0.001"/>
  <testcase name="testDescrizione()" classname="alessandro.stamera.wherewolfserver.classi.ruoli.lupi.TestCapoBranco" time="0.0"/>
  <system-out><![CDATA[]]></system-out>
  <system-err><![CDATA[]]></system-err>
</testsuite>
