<?xml version="1.0" encoding="UTF-8"?>
<testsuite name="alessandro.stamera.wherewolfserver.classi.ruoli.lupi.TestLupoSolitario" tests="11" skipped="0" failures="0" errors="0" timestamp="2026-05-26T16:02:51" hostname="ALESSANDRO" time="0.059">
  <properties/>
  <testcase name="testLupoBranco()" classname="alessandro.stamera.wherewolfserver.classi.ruoli.lupi.TestLupoSolitario" time="0.006"/>
  <testcase name="[1] nome=Capo branco" classname="alessandro.stamera.wherewolfserver.classi.ruoli.lupi.TestLupoSolitario" time="0.002"/>
  <testcase name="testFazione()" classname="alessandro.stamera.wherewolfserver.classi.ruoli.lupi.TestLupoSolitario" time="0.003"/>
  <testcase name="testLune()" classname="alessandro.stamera.wherewolfserver.classi.ruoli.lupi.TestLupoSolitario" time="0.002"/>
  <testcase name="testLupo()" classname="alessandro.stamera.wherewolfserver.classi.ruoli.lupi.TestLupoSolitario" time="0.004"/>
  <testcase name="testNome()" classname="alessandro.stamera.wherewolfserver.classi.ruoli.lupi.TestLupoSolitario" time="0.002"/>
  <testcase name="testLupoSolitario()" classname="alessandro.stamera.wherewolfserver.classi.ruoli.lupi.TestLupoSolitario" time="0.003"/>
  <testcase name="testLupoReietto()" classname="alessandro.stamera.wherewolfserver.classi.ruoli.lupi.TestLupoSolitario" time="0.001"/>
  <testcase name="testGiovaneLupo()" classname="alessandro.stamera.wherewolfserver.classi.ruoli.lupi.TestLupoSolitario" time="0.003"/>
  <testcase name="testCapoBranco()" classname="alessandro.stamera.wherewolfserver.classi.ruoli.lupi.TestLupoSolitario" time="0.002"/>
  <testcase name="[1] tratto=CREATURA_OMBRA" classname="alessandro.stamera.wherewolfserver.classi.ruoli.lupi.TestLupoSolitario" time="0.003"/>
  <system-out><![CDATA[alessandro.stamera.wherewolfserver.classi.ruoli.lupi.LupoSolitario@6f044c58
alessandro.stamera.wherewolfserver.classi.ruoli.lupi.LupoSolitario@6f044c58
alessandro.stamera.wherewolfserver.classi.ruoli.lupi.CapoBranco@107bfcb2
alessandro.stamera.wherewolfserver.classi.ruoli.lupi.LupoSolitario@6f044c58
alessandro.stamera.wherewolfserver.classi.ruoli.lupi.LupoSolitario@6f044c58
alessandro.stamera.wherewolfserver.classi.ruoli.lupi.LupoSolitario@6f044c58
alessandro.stamera.wherewolfserver.classi.ruoli.lupi.LupoSolitario@6f044c58
alessandro.stamera.wherewolfserver.classi.ruoli.lupi.LupoSolitario@6f044c58
alessandro.stamera.wherewolfserver.classi.ruoli.lupi.LupoSolitario@6f044c58
alessandro.stamera.wherewolfserver.classi.ruoli.lupi.LupoSolitario@6f044c58
alessandro.stamera.wherewolfserver.classi.ruoli.lupi.LupoSolitario@6f044c58
alessandro.stamera.wherewolfserver.classi.ruoli.lupi.LupoSolitario@6f044c58
]]></system-out>
  <system-err><![CDATA[]]></system-err>
</testsuite>
