<?xml version="1.0" encoding="UTF-8"?>
<testsuite name="alessandro.stamera.wherewolfserver.classi.TestCapoBranco" tests="4" skipped="0" failures="0" errors="0" timestamp="2026-01-26T11:06:10" hostname="ALESSANDRO" time="0.032">
  <properties/>
  <testcase name="testLune()" classname="alessandro.stamera.wherewolfserver.classi.TestCapoBranco" time="0.009"/>
  <testcase name="testNome()" classname="alessandro.stamera.wherewolfserver.classi.TestCapoBranco" time="0.004"/>
  <testcase name="testCapoBranco()" classname="alessandro.stamera.wherewolfserver.classi.TestCapoBranco" time="0.003"/>
  <testcase name="testDescrizione()" classname="alessandro.stamera.wherewolfserver.classi.TestCapoBranco" time="0.004"/>
  <system-out><![CDATA[]]></system-out>
  <system-err><![CDATA[]]></system-err>
</testsuite>
