<?xml version="1.0" encoding="UTF-8"?>
<testsuite name="alessandro.stamera.wherewolfserver.classi.TestRuolo" tests="2" skipped="0" failures="0" errors="0" timestamp="2026-02-11T14:58:38" hostname="ALESSANDRO" time="0.162">
  <properties/>
  <testcase name="testAccusato()" classname="alessandro.stamera.wherewolfserver.classi.TestRuolo" time="0.15"/>
  <testcase name="testInizializzazione()" classname="alessandro.stamera.wherewolfserver.classi.TestRuolo" time="0.008"/>
  <system-out><![CDATA[]]></system-out>
  <system-err><![CDATA[]]></system-err>
</testsuite>
