<?xml version="1.0" encoding="UTF-8"?>
<testsuite name="alessandro.stamera.wherewolfserver.classi.ruoli.TestAzzeccagarbugli" tests="14" skipped="0" failures="0" errors="0" timestamp="2026-05-23T08:43:52" hostname="ALESSANDRO" time="0.435">
  <properties/>
  <testcase name="testOratore()" classname="alessandro.stamera.wherewolfserver.classi.ruoli.TestAzzeccagarbugli" time="0.003"/>
  <testcase name="testControlloMedium()" classname="alessandro.stamera.wherewolfserver.classi.ruoli.TestAzzeccagarbugli" time="0.005"/>
  <testcase name="testCitta()" classname="alessandro.stamera.wherewolfserver.classi.ruoli.TestAzzeccagarbugli" time="0.015"/>
  <testcase name="testAura()" classname="alessandro.stamera.wherewolfserver.classi.ruoli.TestAzzeccagarbugli" time="0.029"/>
  <testcase name="testNome()" classname="alessandro.stamera.wherewolfserver.classi.ruoli.TestAzzeccagarbugli" time="0.232"/>
  <testcase name="[1] partita=alessandro.stamera.wherewolfserver.classi.gestione_partita.Partita@6a9344f5, esito=SCONFITTA" classname="alessandro.stamera.wherewolfserver.classi.ruoli.TestAzzeccagarbugli" time="0.006"/>
  <testcase name="[2] partita=alessandro.stamera.wherewolfserver.classi.gestione_partita.Partita@3c9c6245, esito=SCONFITTA" classname="alessandro.stamera.wherewolfserver.classi.ruoli.TestAzzeccagarbugli" time="0.001"/>
  <testcase name="[3] partita=alessandro.stamera.wherewolfserver.classi.gestione_partita.Partita@6d0be7ab, esito=VITTORIA" classname="alessandro.stamera.wherewolfserver.classi.ruoli.TestAzzeccagarbugli" time="0.005"/>
  <testcase name="[4] partita=alessandro.stamera.wherewolfserver.classi.gestione_partita.Partita@1d4fb213, esito=NON_FINITO" classname="alessandro.stamera.wherewolfserver.classi.ruoli.TestAzzeccagarbugli" time="0.002"/>
  <testcase name="testBoccaDiRosa()" classname="alessandro.stamera.wherewolfserver.classi.ruoli.TestAzzeccagarbugli" time="0.002"/>
  <testcase name="testMercante()" classname="alessandro.stamera.wherewolfserver.classi.ruoli.TestAzzeccagarbugli" time="0.002"/>
  <testcase name="testAzzeccagarbugli()" classname="alessandro.stamera.wherewolfserver.classi.ruoli.TestAzzeccagarbugli" time="0.005"/>
  <testcase name="testBorgomastro()" classname="alessandro.stamera.wherewolfserver.classi.ruoli.TestAzzeccagarbugli" time="0.005"/>
  <testcase name="testDescrizione()" classname="alessandro.stamera.wherewolfserver.classi.ruoli.TestAzzeccagarbugli" time="0.005"/>
  <system-out><![CDATA[alessandro.stamera.wherewolfserver.classi.ruoli.Azzeccagarbugli@15efda6c
alessandro.stamera.wherewolfserver.classi.ruoli.Azzeccagarbugli@15efda6c
alessandro.stamera.wherewolfserver.classi.ruoli.Azzeccagarbugli@15efda6c
alessandro.stamera.wherewolfserver.classi.ruoli.Azzeccagarbugli@15efda6c
alessandro.stamera.wherewolfserver.classi.ruoli.Azzeccagarbugli@15efda6c
alessandro.stamera.wherewolfserver.classi.ruoli.lupi.CapoBranco@41200e0c
alessandro.stamera.wherewolfserver.classi.ruoli.Nosferatu@68565bc7
alessandro.stamera.wherewolfserver.classi.ruoli.contadini.ContadinoEroe@2121d1f9
alessandro.stamera.wherewolfserver.classi.ruoli.Mercante@4f3faa70
alessandro.stamera.wherewolfserver.classi.ruoli.Nosferatu@68565bc7
alessandro.stamera.wherewolfserver.classi.ruoli.contadini.ContadinoNormale@1806bc4c
alessandro.stamera.wherewolfserver.classi.ruoli.Azzeccagarbugli@15efda6c
alessandro.stamera.wherewolfserver.classi.ruoli.Azzeccagarbugli@15efda6c
alessandro.stamera.wherewolfserver.classi.ruoli.Azzeccagarbugli@15efda6c
alessandro.stamera.wherewolfserver.classi.ruoli.Azzeccagarbugli@15efda6c
alessandro.stamera.wherewolfserver.classi.ruoli.Azzeccagarbugli@15efda6c
alessandro.stamera.wherewolfserver.classi.ruoli.Azzeccagarbugli@15efda6c
alessandro.stamera.wherewolfserver.classi.ruoli.Azzeccagarbugli@15efda6c
alessandro.stamera.wherewolfserver.classi.ruoli.Azzeccagarbugli@15efda6c
alessandro.stamera.wherewolfserver.classi.ruoli.Azzeccagarbugli@15efda6c
]]></system-out>
  <system-err><![CDATA[]]></system-err>
</testsuite>
