<?xml version="1.0" encoding="UTF-8"?>
<testsuite name="alessandro.stamera.wherewolfserver.classi.TestGiulietta" tests="4" skipped="0" failures="0" errors="0" timestamp="2026-04-14T11:57:17" hostname="ALESSANDRO" time="0.025">
  <properties/>
  <testcase name="testAngeloCustode()" classname="alessandro.stamera.wherewolfserver.classi.TestGiulietta" time="0.003"/>
  <testcase name="testNome()" classname="alessandro.stamera.wherewolfserver.classi.TestGiulietta" time="0.007"/>
  <testcase name="testGiulietta()" classname="alessandro.stamera.wherewolfserver.classi.TestGiulietta" time="0.005"/>
  <testcase name="testDescrizione()" classname="alessandro.stamera.wherewolfserver.classi.TestGiulietta" time="0.004"/>
  <system-out><![CDATA[]]></system-out>
  <system-err><![CDATA[]]></system-err>
</testsuite>
