<?xml version="1.0" encoding="UTF-8"?>
<testsuite name="alessandro.stamera.wherewolfserver.classi.TestGiocatori" tests="4" skipped="0" failures="0" errors="0" timestamp="2026-04-22T09:25:22" hostname="ALESSANDRO" time="0.015">
  <properties/>
  <testcase name="testInserimentoGiocatori()" classname="alessandro.stamera.wherewolfserver.classi.TestGiocatori" time="0.003"/>
  <testcase name="testAngeloCustodePresente()" classname="alessandro.stamera.wherewolfserver.classi.TestGiocatori" time="0.002"/>
  <testcase name="testVotazione()" classname="alessandro.stamera.wherewolfserver.classi.TestGiocatori" time="0.004"/>
  <testcase name="testEliminazioneGiocatori()" classname="alessandro.stamera.wherewolfserver.classi.TestGiocatori" time="0.002"/>
  <system-out><![CDATA[]]></system-out>
  <system-err><![CDATA[]]></system-err>
</testsuite>
