<?xml version="1.0" encoding="UTF-8"?>
<testsuite name="alessandro.stamera.wherewolfserver.classi.TestCriminale" tests="14" skipped="0" failures="0" errors="0" timestamp="2026-03-26T10:37:41" hostname="ALESSANDRO" time="0.068">
  <properties/>
  <testcase name="testCategoria()" classname="alessandro.stamera.wherewolfserver.classi.TestCriminale" time="0.001"/>
  <testcase name="testCitta()" classname="alessandro.stamera.wherewolfserver.classi.TestCriminale" time="0.0"/>
  <testcase name="testGhoul()" classname="alessandro.stamera.wherewolfserver.classi.TestCriminale" time="0.001"/>
  <testcase name="testBoia()" classname="alessandro.stamera.wherewolfserver.classi.TestCriminale" time="0.001"/>
  <testcase name="testLune()" classname="alessandro.stamera.wherewolfserver.classi.TestCriminale" time="0.009"/>
  <testcase name="testLupo()" classname="alessandro.stamera.wherewolfserver.classi.TestCriminale" time="0.001"/>
  <testcase name="tesFazione()" classname="alessandro.stamera.wherewolfserver.classi.TestCriminale" time="0.003"/>
  <testcase name="testInquisizione()" classname="alessandro.stamera.wherewolfserver.classi.TestCriminale" time="0.012"/>
  <testcase name="testMistico()" classname="alessandro.stamera.wherewolfserver.classi.TestCriminale" time="0.003"/>
  <testcase name="testCriminale()" classname="alessandro.stamera.wherewolfserver.classi.TestCriminale" time="0.003"/>
  <testcase name="testAmanti()" classname="alessandro.stamera.wherewolfserver.classi.TestCriminale" time="0.003"/>
  <testcase name="testGoblin()" classname="alessandro.stamera.wherewolfserver.classi.TestCriminale" time="0.004"/>
  <testcase name="testGiullare()" classname="alessandro.stamera.wherewolfserver.classi.TestCriminale" time="0.003"/>
  <testcase name="testSegnalazioneAzzeccagarbugli()" classname="alessandro.stamera.wherewolfserver.classi.TestCriminale" time="0.001"/>
  <system-out><![CDATA[]]></system-out>
  <system-err><![CDATA[]]></system-err>
</testsuite>
