<?xml version="1.0" encoding="UTF-8"?>
<testsuite name="alessandro.stamera.wherewolfserver.classi.ruoli.contadini.TestContadinoLupo" tests="19" skipped="0" failures="0" errors="0" timestamp="2026-08-04T13:23:13" hostname="ALESSANDRO" time="0.058">
  <properties/>
  <testcase name="[1] nome=Capo branco, fazione=LUPO_BRANCO" classname="alessandro.stamera.wherewolfserver.classi.ruoli.contadini.TestContadinoLupo" time="0.011"/>
  <testcase name="[2] nome=Lupo del branco, fazione=LUPO_BRANCO" classname="alessandro.stamera.wherewolfserver.classi.ruoli.contadini.TestContadinoLupo" time="0.002"/>
  <testcase name="[3] nome=Lupo reietto, fazione=LUPO_BRANCO" classname="alessandro.stamera.wherewolfserver.classi.ruoli.contadini.TestContadinoLupo" time="0.002"/>
  <testcase name="[4] nome=Lupo solitario, fazione=LUPO_SOLITARIO" classname="alessandro.stamera.wherewolfserver.classi.ruoli.contadini.TestContadinoLupo" time="0.003"/>
  <testcase name="testNome()" classname="alessandro.stamera.wherewolfserver.classi.ruoli.contadini.TestContadinoLupo" time="0.0"/>
  <testcase name="testContadinoEroe()" classname="alessandro.stamera.wherewolfserver.classi.ruoli.contadini.TestContadinoLupo" time="0.0"/>
  <testcase name="testContadinoLupo()" classname="alessandro.stamera.wherewolfserver.classi.ruoli.contadini.TestContadinoLupo" time="0.0"/>
  <testcase name="testContadinoNormale()" classname="alessandro.stamera.wherewolfserver.classi.ruoli.contadini.TestContadinoLupo" time="0.001"/>
  <testcase name="testContadino()" classname="alessandro.stamera.wherewolfserver.classi.ruoli.contadini.TestContadinoLupo" time="0.0"/>
  <testcase name="testTipoContadino()" classname="alessandro.stamera.wherewolfserver.classi.ruoli.contadini.TestContadinoLupo" time="0.001"/>
  <testcase name="testRipristino()" classname="alessandro.stamera.wherewolfserver.classi.ruoli.contadini.TestContadinoLupo" time="0.001"/>
  <testcase name="testContadinoMostro()" classname="alessandro.stamera.wherewolfserver.classi.ruoli.contadini.TestContadinoLupo" time="0.0"/>
  <testcase name="[1] partita=alessandro.stamera.wherewolfserver.classi.gestione_partita.Partita@14b4340c, esito=SCONFITTA" classname="alessandro.stamera.wherewolfserver.classi.ruoli.contadini.TestContadinoLupo" time="0.001"/>
  <testcase name="[2] partita=alessandro.stamera.wherewolfserver.classi.gestione_partita.Partita@2fd9fb34, esito=NON_FINITO" classname="alessandro.stamera.wherewolfserver.classi.ruoli.contadini.TestContadinoLupo" time="0.001"/>
  <testcase name="[3] partita=alessandro.stamera.wherewolfserver.classi.gestione_partita.Partita@20349058, esito=VITTORIA" classname="alessandro.stamera.wherewolfserver.classi.ruoli.contadini.TestContadinoLupo" time="0.001"/>
  <testcase name="[1] nome=Capo branco, fazione=LUPO_BRANCO" classname="alessandro.stamera.wherewolfserver.classi.ruoli.contadini.TestContadinoLupo" time="0.002"/>
  <testcase name="[2] nome=Lupo del branco, fazione=LUPO_BRANCO" classname="alessandro.stamera.wherewolfserver.classi.ruoli.contadini.TestContadinoLupo" time="0.002"/>
  <testcase name="[3] nome=Lupo reietto, fazione=LUPO_BRANCO" classname="alessandro.stamera.wherewolfserver.classi.ruoli.contadini.TestContadinoLupo" time="0.001"/>
  <testcase name="[4] nome=Lupo solitario, fazione=LUPO_SOLITARIO" classname="alessandro.stamera.wherewolfserver.classi.ruoli.contadini.TestContadinoLupo" time="0.0"/>
  <system-out><![CDATA[]]></system-out>
  <system-err><![CDATA[]]></system-err>
</testsuite>
