<?xml version="1.0" encoding="UTF-8"?>
<testsuite name="alessandro.stamera.wherewolfserver.controller.TestUtenteController" tests="15" skipped="0" failures="0" errors="0" timestamp="2026-01-14T17:28:25" hostname="ALESSANDRO" time="1.05">
  <properties/>
  <testcase name="[1] username=marco, vecchiaPassword=passwordsecret, nuovaPassword=newpwd, risultato=Password cambiata correttamente" classname="alessandro.stamera.wherewolfserver.controller.TestUtenteController" time="0.422"/>
  <testcase name="[2] username=bruce, vecchiaPassword=batmanbeyond, nuovaPassword=batmanbeyond, risultato=ERRORE!!! Password uguale alla precedente" classname="alessandro.stamera.wherewolfserver.controller.TestUtenteController" time="0.029"/>
  <testcase name="[3] username=andrea, vecchiaPassword=skibidiboppi, nuovaPassword=ped32312231, risultato=ERRORE!!! Inserire la password attuale corretta" classname="alessandro.stamera.wherewolfserver.controller.TestUtenteController" time="0.02"/>
  <testcase name="[1] username=andrea, password=andrea1998, risultato=Login eseguito correttamente" classname="alessandro.stamera.wherewolfserver.controller.TestUtenteController" time="0.071"/>
  <testcase name="[2] username=marco, password=passwordsecret, risultato=Login eseguito correttamente" classname="alessandro.stamera.wherewolfserver.controller.TestUtenteController" time="0.015"/>
  <testcase name="[3] username=bruce, password=batmanbeyond, risultato=Login eseguito correttamente" classname="alessandro.stamera.wherewolfserver.controller.TestUtenteController" time="0.028"/>
  <testcase name="[4] username=andrea, password=pwdsbagliata, risultato=ERRORE!!! Username o password errate" classname="alessandro.stamera.wherewolfserver.controller.TestUtenteController" time="0.019"/>
  <testcase name="[5] username=gino, password=batmanbeyond, risultato=ERRORE!!! Username o password errate" classname="alessandro.stamera.wherewolfserver.controller.TestUtenteController" time="0.016"/>
  <testcase name="[6] username=utentefinto, password=pwdfinta, risultato=ERRORE!!! Username o password errate" classname="alessandro.stamera.wherewolfserver.controller.TestUtenteController" time="0.018"/>
  <testcase name="[1] username=marco, password=passworddimarco, risultato=ERRORE!!! Nome utente già inserito" classname="alessandro.stamera.wherewolfserver.controller.TestUtenteController" time="0.088"/>
  <testcase name="[2] username=pinuccio, password=pwdpinuccio, risultato=Registrazione avvenuta correttamente" classname="alessandro.stamera.wherewolfserver.controller.TestUtenteController" time="0.015"/>
  <testcase name="[1] username=andrea, password=andrea1998, risultato=Disiscrizione avvenuta correttamente" classname="alessandro.stamera.wherewolfserver.controller.TestUtenteController" time="0.018"/>
  <testcase name="[2] username=marco, password=passwordcasual, risultato=ERRORE!!! Inserire la password corretta" classname="alessandro.stamera.wherewolfserver.controller.TestUtenteController" time="0.018"/>
  <testcase name="[3] username=sulpicio, password=batmanbeyond, risultato=ERRORE!!! Utente non esistente" classname="alessandro.stamera.wherewolfserver.controller.TestUtenteController" time="0.022"/>
  <testcase name="[4] username=sigismondo, password=pwdfantasiosa, risultato=ERRORE!!! Utente non esistente" classname="alessandro.stamera.wherewolfserver.controller.TestUtenteController" time="0.016"/>
  <system-out><![CDATA[18:28:20.111 [Test worker] INFO org.springframework.test.context.support.AnnotationConfigContextLoaderUtils -- Could not detect default configuration classes for test class [alessandro.stamera.wherewolfserver.controller.TestUtenteController]: TestUtenteController does not declare any static, non-private, non-final, nested classes annotated with @Configuration.
18:28:21.004 [Test worker] INFO org.springframework.boot.test.context.SpringBootTestContextBootstrapper -- Found @SpringBootConfiguration alessandro.stamera.wherewolfserver.WherewolfServerApplication for test class alessandro.stamera.wherewolfserver.controller.TestUtenteController

  .   ____          _            __ _ _
 /\\ / ___'_ __ _ _(_)_ __  __ _ \ \ \ \
( ( )\___ | '_ | '_| | '_ \/ _` | \ \ \ \
 \\/  ___)| |_)| | | | | || (_| |  ) ) ) )
  '  |____| .__|_| |_|_| |_\__, | / / / /
 =========|_|==============|___/=/_/_/_/

 :: Spring Boot ::                (v3.3.1)

2026-01-14T18:28:22.271+01:00  INFO 5464 --- [    Test worker] a.s.w.controller.TestUtenteController    : Starting TestUtenteController using Java 21.0.3 with PID 5464 (started by SandrettoFX in C:\Users\SandrettoFX\IdeaProjects\wherewolf.server)
2026-01-14T18:28:22.275+01:00  INFO 5464 --- [    Test worker] a.s.w.controller.TestUtenteController    : No active profile set, falling back to 1 default profile: "default"
2026-01-14T18:28:25.459+01:00  INFO 5464 --- [    Test worker] o.s.b.t.m.w.SpringBootMockServletContext : Initializing Spring TestDispatcherServlet ''
2026-01-14T18:28:25.460+01:00  INFO 5464 --- [    Test worker] o.s.t.web.servlet.TestDispatcherServlet  : Initializing Servlet ''
2026-01-14T18:28:25.469+01:00  INFO 5464 --- [    Test worker] o.s.t.web.servlet.TestDispatcherServlet  : Completed initialization in 5 ms
2026-01-14T18:28:25.549+01:00  INFO 5464 --- [    Test worker] a.s.w.controller.TestUtenteController    : Started TestUtenteController in 4.265 seconds (process running for 16.477)
]]></system-out>
  <system-err><![CDATA[]]></system-err>
</testsuite>
