<?xml version="1.0" encoding="UTF-8"?>
<testsuite name="alessandro.stamera.wherewolfserver.classi.ruoli.contadini.TestContadinoMostro" tests="21" skipped="0" failures="0" errors="0" timestamp="2026-05-27T15:27:17" hostname="ALESSANDRO" time="0.11">
  <properties/>
  <testcase name="[1] nome=Capo branco" classname="alessandro.stamera.wherewolfserver.classi.ruoli.contadini.TestContadinoMostro" time="0.005"/>
  <testcase name="testMaledetto()" classname="alessandro.stamera.wherewolfserver.classi.ruoli.contadini.TestContadinoMostro" time="0.002"/>
  <testcase name="testFazione()" classname="alessandro.stamera.wherewolfserver.classi.ruoli.contadini.TestContadinoMostro" time="0.003"/>
  <testcase name="testNome()" classname="alessandro.stamera.wherewolfserver.classi.ruoli.contadini.TestContadinoMostro" time="0.001"/>
  <testcase name="testVoti()" classname="alessandro.stamera.wherewolfserver.classi.ruoli.contadini.TestContadinoMostro" time="0.0"/>
  <testcase name="testAttaccoNosferatu()" classname="alessandro.stamera.wherewolfserver.classi.ruoli.contadini.TestContadinoMostro" time="0.002"/>
  <testcase name="testAttaccoNegromanteRomeizzato()" classname="alessandro.stamera.wherewolfserver.classi.ruoli.contadini.TestContadinoMostro" time="0.003"/>
  <testcase name="testAttaccoAssassino()" classname="alessandro.stamera.wherewolfserver.classi.ruoli.contadini.TestContadinoMostro" time="0.001"/>
  <testcase name="testContadinoEroe()" classname="alessandro.stamera.wherewolfserver.classi.ruoli.contadini.TestContadinoMostro" time="0.0"/>
  <testcase name="testContadinoLupo()" classname="alessandro.stamera.wherewolfserver.classi.ruoli.contadini.TestContadinoMostro" time="0.0"/>
  <testcase name="testGildata()" classname="alessandro.stamera.wherewolfserver.classi.ruoli.contadini.TestContadinoMostro" time="0.001"/>
  <testcase name="testContadinoNormale()" classname="alessandro.stamera.wherewolfserver.classi.ruoli.contadini.TestContadinoMostro" time="0.0"/>
  <testcase name="testContadino()" classname="alessandro.stamera.wherewolfserver.classi.ruoli.contadini.TestContadinoMostro" time="0.003"/>
  <testcase name="testAttaccoNegromante()" classname="alessandro.stamera.wherewolfserver.classi.ruoli.contadini.TestContadinoMostro" time="0.0"/>
  <testcase name="testContadinoMostro()" classname="alessandro.stamera.wherewolfserver.classi.ruoli.contadini.TestContadinoMostro" time="0.001"/>
  <testcase name="testNonMorto()" classname="alessandro.stamera.wherewolfserver.classi.ruoli.contadini.TestContadinoMostro" time="0.0"/>
  <testcase name="[1] nome=Capo branco" classname="alessandro.stamera.wherewolfserver.classi.ruoli.contadini.TestContadinoMostro" time="0.001"/>
  <testcase name="[2] nome=Lupo del branco" classname="alessandro.stamera.wherewolfserver.classi.ruoli.contadini.TestContadinoMostro" time="0.006"/>
  <testcase name="[3] nome=Lupo reietto" classname="alessandro.stamera.wherewolfserver.classi.ruoli.contadini.TestContadinoMostro" time="0.002"/>
  <testcase name="[4] nome=Lupo solitario" classname="alessandro.stamera.wherewolfserver.classi.ruoli.contadini.TestContadinoMostro" time="0.041"/>
  <testcase name="[5] nome=Contadino discendente dei lupi" classname="alessandro.stamera.wherewolfserver.classi.ruoli.contadini.TestContadinoMostro" time="0.003"/>
  <system-out><![CDATA[alessandro.stamera.wherewolfserver.classi.ruoli.contadini.ContadinoMostro@52d6d273
alessandro.stamera.wherewolfserver.classi.ruoli.lupi.CapoBranco@31e2232f
alessandro.stamera.wherewolfserver.classi.ruoli.contadini.ContadinoMostro@52d6d273
alessandro.stamera.wherewolfserver.classi.ruoli.contadini.ContadinoMostro@52d6d273
alessandro.stamera.wherewolfserver.classi.ruoli.contadini.ContadinoMostro@52d6d273
alessandro.stamera.wherewolfserver.classi.ruoli.contadini.ContadinoMostro@52d6d273
alessandro.stamera.wherewolfserver.classi.ruoli.contadini.ContadinoMostro@52d6d273
alessandro.stamera.wherewolfserver.classi.ruoli.contadini.ContadinoMostro@52d6d273
alessandro.stamera.wherewolfserver.classi.ruoli.contadini.ContadinoLupo@643d2dae
alessandro.stamera.wherewolfserver.classi.ruoli.contadini.ContadinoMostro@52d6d273
alessandro.stamera.wherewolfserver.classi.ruoli.contadini.ContadinoMostro@52d6d273
alessandro.stamera.wherewolfserver.classi.ruoli.contadini.ContadinoMostro@52d6d273
alessandro.stamera.wherewolfserver.classi.ruoli.contadini.ContadinoMostro@52d6d273
alessandro.stamera.wherewolfserver.classi.ruoli.contadini.ContadinoMostro@52d6d273
alessandro.stamera.wherewolfserver.classi.ruoli.contadini.ContadinoMostro@52d6d273
alessandro.stamera.wherewolfserver.classi.ruoli.contadini.ContadinoMostro@52d6d273
alessandro.stamera.wherewolfserver.classi.ruoli.contadini.ContadinoMostro@52d6d273
alessandro.stamera.wherewolfserver.classi.ruoli.contadini.ContadinoMostro@52d6d273
alessandro.stamera.wherewolfserver.classi.ruoli.contadini.ContadinoMostro@52d6d273
alessandro.stamera.wherewolfserver.classi.ruoli.contadini.ContadinoLupo@643d2dae
alessandro.stamera.wherewolfserver.classi.ruoli.lupi.CapoBranco@31e2232f
alessandro.stamera.wherewolfserver.classi.ruoli.contadini.ContadinoMostro@52d6d273
alessandro.stamera.wherewolfserver.classi.ruoli.contadini.ContadinoLupo@643d2dae
alessandro.stamera.wherewolfserver.classi.ruoli.lupi.LupoBranco@7af3874e
alessandro.stamera.wherewolfserver.classi.ruoli.contadini.ContadinoMostro@52d6d273
alessandro.stamera.wherewolfserver.classi.ruoli.contadini.ContadinoLupo@643d2dae
alessandro.stamera.wherewolfserver.classi.ruoli.lupi.LupoReietto@5a8816cc
alessandro.stamera.wherewolfserver.classi.ruoli.contadini.ContadinoMostro@52d6d273
alessandro.stamera.wherewolfserver.classi.ruoli.contadini.ContadinoLupo@643d2dae
alessandro.stamera.wherewolfserver.classi.ruoli.lupi.LupoSolitario@68565bc7
alessandro.stamera.wherewolfserver.classi.ruoli.contadini.ContadinoMostro@52d6d273
alessandro.stamera.wherewolfserver.classi.ruoli.contadini.ContadinoLupo@643d2dae
alessandro.stamera.wherewolfserver.classi.ruoli.contadini.ContadinoLupo@643d2dae
]]></system-out>
  <system-err><![CDATA[]]></system-err>
</testsuite>
