<?xml version="1.0" encoding="UTF-8"?>
<testsuite name="alessandro.stamera.wherewolfserver.classi.TestGuardiaPrincipale" tests="3" skipped="0" failures="0" errors="0" timestamp="2026-03-04T10:30:05" hostname="ALESSANDRO" time="0.006">
  <properties/>
  <testcase name="testNome()" classname="alessandro.stamera.wherewolfserver.classi.TestGuardiaPrincipale" time="0.001"/>
  <testcase name="testGuardia()" classname="alessandro.stamera.wherewolfserver.classi.TestGuardiaPrincipale" time="0.002"/>
  <testcase name="testVillaggio()" classname="alessandro.stamera.wherewolfserver.classi.TestGuardiaPrincipale" time="0.001"/>
  <system-out><![CDATA[]]></system-out>
  <system-err><![CDATA[]]></system-err>
</testsuite>
