<?xml version="1.0" encoding="UTF-8"?>
<testsuite name="alessandro.stamera.wherewolfserver.classi.ruoli.guardie.TestAltraGuardia" tests="5" skipped="0" failures="0" errors="0" timestamp="2026-05-29T14:24:44" hostname="ALESSANDRO" time="0.011">
  <properties/>
  <testcase name="testGuardiaCorrotta()" classname="alessandro.stamera.wherewolfserver.classi.ruoli.guardie.TestAltraGuardia" time="0.002"/>
  <testcase name="testControlloMedium()" classname="alessandro.stamera.wherewolfserver.classi.ruoli.guardie.TestAltraGuardia" time="0.001"/>
  <testcase name="testAura()" classname="alessandro.stamera.wherewolfserver.classi.ruoli.guardie.TestAltraGuardia" time="0.0"/>
  <testcase name="testNome()" classname="alessandro.stamera.wherewolfserver.classi.ruoli.guardie.TestAltraGuardia" time="0.001"/>
  <testcase name="testDescrizione()" classname="alessandro.stamera.wherewolfserver.classi.ruoli.guardie.TestAltraGuardia" time="0.004"/>
  <system-out><![CDATA[alessandro.stamera.wherewolfserver.classi.ruoli.guardie.AltraGuardia@76fe6cdc
alessandro.stamera.wherewolfserver.classi.ruoli.guardie.AltraGuardia@76fe6cdc
alessandro.stamera.wherewolfserver.classi.ruoli.guardie.AltraGuardia@76fe6cdc
alessandro.stamera.wherewolfserver.classi.ruoli.guardie.AltraGuardia@76fe6cdc
alessandro.stamera.wherewolfserver.classi.ruoli.guardie.AltraGuardia@76fe6cdc
]]></system-out>
  <system-err><![CDATA[]]></system-err>
</testsuite>
