<?xml version="1.0" encoding="UTF-8"?>
<testsuite name="alessandro.stamera.wherewolfserver.classi.TestAssassino" tests="8" skipped="0" failures="0" errors="0" timestamp="2026-01-26T16:49:41" hostname="ALESSANDRO" time="0.056">
  <properties/>
  <testcase name="testAssassinio()" classname="alessandro.stamera.wherewolfserver.classi.TestAssassino" time="0.005"/>
  <testcase name="testFazione()" classname="alessandro.stamera.wherewolfserver.classi.TestAssassino" time="0.005"/>
  <testcase name="testAura()" classname="alessandro.stamera.wherewolfserver.classi.TestAssassino" time="0.003"/>
  <testcase name="testLune()" classname="alessandro.stamera.wherewolfserver.classi.TestAssassino" time="0.004"/>
  <testcase name="testNome()" classname="alessandro.stamera.wherewolfserver.classi.TestAssassino" time="0.004"/>
  <testcase name="tesDescrizione()" classname="alessandro.stamera.wherewolfserver.classi.TestAssassino" time="0.003"/>
  <testcase name="testInizializzazione()" classname="alessandro.stamera.wherewolfserver.classi.TestAssassino" time="0.003"/>
  <testcase name="testAssassino()" classname="alessandro.stamera.wherewolfserver.classi.TestAssassino" time="0.003"/>
  <system-out><![CDATA[]]></system-out>
  <system-err><![CDATA[]]></system-err>
</testsuite>
