<?xml version="1.0" encoding="UTF-8"?>
<testsuite name="alessandro.stamera.wherewolfserver.classi.fazioni.TestLupo" tests="26" skipped="0" failures="0" errors="0" timestamp="2026-05-05T14:47:20" hostname="ALESSANDRO" time="0.216">
  <properties/>
  <testcase name="testCategoria()" classname="alessandro.stamera.wherewolfserver.classi.fazioni.TestLupo" time="0.011"/>
  <testcase name="testPiccoloPopolo()" classname="alessandro.stamera.wherewolfserver.classi.fazioni.TestLupo" time="0.004"/>
  <testcase name="testPosseduto()" classname="alessandro.stamera.wherewolfserver.classi.fazioni.TestLupo" time="0.003"/>
  <testcase name="[1] nome=Capo branco" classname="alessandro.stamera.wherewolfserver.classi.fazioni.TestLupo" time="0.005"/>
  <testcase name="testAngeloCustode()" classname="alessandro.stamera.wherewolfserver.classi.fazioni.TestLupo" time="0.002"/>
  <testcase name="testFazione()" classname="alessandro.stamera.wherewolfserver.classi.fazioni.TestLupo" time="0.002"/>
  <testcase name="testControlloMedium()" classname="alessandro.stamera.wherewolfserver.classi.fazioni.TestLupo" time="0.004"/>
  <testcase name="testAmato()" classname="alessandro.stamera.wherewolfserver.classi.fazioni.TestLupo" time="0.005"/>
  <testcase name="testCitta()" classname="alessandro.stamera.wherewolfserver.classi.fazioni.TestLupo" time="0.005"/>
  <testcase name="testGhoul()" classname="alessandro.stamera.wherewolfserver.classi.fazioni.TestLupo" time="0.003"/>
  <testcase name="testPazzo()" classname="alessandro.stamera.wherewolfserver.classi.fazioni.TestLupo" time="0.003"/>
  <testcase name="testAura()" classname="alessandro.stamera.wherewolfserver.classi.fazioni.TestLupo" time="0.006"/>
  <testcase name="testLupo()" classname="alessandro.stamera.wherewolfserver.classi.fazioni.TestLupo" time="0.005"/>
  <testcase name="testAttaccoNosferatu()" classname="alessandro.stamera.wherewolfserver.classi.fazioni.TestLupo" time="0.007"/>
  <testcase name="[1] nome=Capo branco" classname="alessandro.stamera.wherewolfserver.classi.fazioni.TestLupo" time="0.002"/>
  <testcase name="[1] nome=Capo branco" classname="alessandro.stamera.wherewolfserver.classi.fazioni.TestLupo" time="0.007"/>
  <testcase name="testInquisizione()" classname="alessandro.stamera.wherewolfserver.classi.fazioni.TestLupo" time="0.008"/>
  <testcase name="testSegnalazioneBoia()" classname="alessandro.stamera.wherewolfserver.classi.fazioni.TestLupo" time="0.008"/>
  <testcase name="testMistico()" classname="alessandro.stamera.wherewolfserver.classi.fazioni.TestLupo" time="0.003"/>
  <testcase name="testVillaggio()" classname="alessandro.stamera.wherewolfserver.classi.fazioni.TestLupo" time="0.004"/>
  <testcase name="testCriminale()" classname="alessandro.stamera.wherewolfserver.classi.fazioni.TestLupo" time="0.009"/>
  <testcase name="testAmanti()" classname="alessandro.stamera.wherewolfserver.classi.fazioni.TestLupo" time="0.003"/>
  <testcase name="testGoblin()" classname="alessandro.stamera.wherewolfserver.classi.fazioni.TestLupo" time="0.003"/>
  <testcase name="testMegera()" classname="alessandro.stamera.wherewolfserver.classi.fazioni.TestLupo" time="0.002"/>
  <testcase name="testNosferatu()" classname="alessandro.stamera.wherewolfserver.classi.fazioni.TestLupo" time="0.003"/>
  <testcase name="testGiullare()" classname="alessandro.stamera.wherewolfserver.classi.fazioni.TestLupo" time="0.004"/>
  <system-out><![CDATA[]]></system-out>
  <system-err><![CDATA[]]></system-err>
</testsuite>
