<?xml version="1.0" encoding="UTF-8"?>
<testsuite name="alessandro.stamera.wherewolfserver.classi.ruoli.contadini.TestContadinoNormale" tests="6" skipped="0" failures="0" errors="0" timestamp="2026-06-10T16:32:23" hostname="ALESSANDRO" time="0.029">
  <properties/>
  <testcase name="testNome()" classname="alessandro.stamera.wherewolfserver.classi.ruoli.contadini.TestContadinoNormale" time="0.001"/>
  <testcase name="testContadinoEroe()" classname="alessandro.stamera.wherewolfserver.classi.ruoli.contadini.TestContadinoNormale" time="0.002"/>
  <testcase name="testContadinoLupo()" classname="alessandro.stamera.wherewolfserver.classi.ruoli.contadini.TestContadinoNormale" time="0.004"/>
  <testcase name="testContadinoNormale()" classname="alessandro.stamera.wherewolfserver.classi.ruoli.contadini.TestContadinoNormale" time="0.007"/>
  <testcase name="testContadino()" classname="alessandro.stamera.wherewolfserver.classi.ruoli.contadini.TestContadinoNormale" time="0.002"/>
  <testcase name="testContadinoMostro()" classname="alessandro.stamera.wherewolfserver.classi.ruoli.contadini.TestContadinoNormale" time="0.002"/>
  <system-out><![CDATA[]]></system-out>
  <system-err><![CDATA[]]></system-err>
</testsuite>
