<?xml version="1.0" encoding="UTF-8"?>
<testsuite name="alessandro.stamera.wherewolfserver.classi.ruoli.classi_generiche.TestCreatureOmbra" tests="2" skipped="0" failures="0" errors="0" timestamp="2026-06-14T19:32:01" hostname="ALESSANDRO" time="0.902">
  <properties/>
  <testcase name="[1] partita=alessandro.stamera.wherewolfserver.classi.gestione_partita.Partita@26ca61bf, esito=SCONFITTA" classname="alessandro.stamera.wherewolfserver.classi.ruoli.classi_generiche.TestCreatureOmbra" time="0.893"/>
  <testcase name="[2] partita=alessandro.stamera.wherewolfserver.classi.gestione_partita.Partita@1ad9b8d3, esito=NON_FINITO" classname="alessandro.stamera.wherewolfserver.classi.ruoli.classi_generiche.TestCreatureOmbra" time="0.007"/>
  <system-out><![CDATA[]]></system-out>
  <system-err><![CDATA[]]></system-err>
</testsuite>
