<?xml version="1.0" encoding="UTF-8"?>
<testsuite name="alessandro.stamera.wherewolfserver.classi.ruoli.TestAssassino" tests="9" skipped="0" failures="0" errors="0" timestamp="2026-06-24T21:50:19" hostname="ALESSANDRO" time="0.05">
  <properties/>
  <testcase name="testControlloMedium()" classname="alessandro.stamera.wherewolfserver.classi.ruoli.TestAssassino" time="0.002"/>
  <testcase name="testLadra()" classname="alessandro.stamera.wherewolfserver.classi.ruoli.TestAssassino" time="0.003"/>
  <testcase name="testAura()" classname="alessandro.stamera.wherewolfserver.classi.ruoli.TestAssassino" time="0.002"/>
  <testcase name="testNome()" classname="alessandro.stamera.wherewolfserver.classi.ruoli.TestAssassino" time="0.001"/>
  <testcase name="testSpia()" classname="alessandro.stamera.wherewolfserver.classi.ruoli.TestAssassino" time="0.005"/>
  <testcase name="testCapoGilda()" classname="alessandro.stamera.wherewolfserver.classi.ruoli.TestAssassino" time="0.001"/>
  <testcase name="tesDescrizione()" classname="alessandro.stamera.wherewolfserver.classi.ruoli.TestAssassino" time="0.008"/>
  <testcase name="testCriminale()" classname="alessandro.stamera.wherewolfserver.classi.ruoli.TestAssassino" time="0.001"/>
  <testcase name="testAssassino()" classname="alessandro.stamera.wherewolfserver.classi.ruoli.TestAssassino" time="0.003"/>
  <system-out><![CDATA[]]></system-out>
  <system-err><![CDATA[]]></system-err>
</testsuite>
