<?xml version="1.0" encoding="UTF-8"?>
<testsuite name="alessandro.stamera.wherewolfserver.classi.TestLupo" tests="4" skipped="0" failures="0" errors="0" timestamp="2026-02-09T16:31:29" hostname="ALESSANDRO" time="0.033">
  <properties/>
  <testcase name="testCategoria()" classname="alessandro.stamera.wherewolfserver.classi.TestLupo" time="0.007"/>
  <testcase name="testAngeloCustode()" classname="alessandro.stamera.wherewolfserver.classi.TestLupo" time="0.006"/>
  <testcase name="testFazione()" classname="alessandro.stamera.wherewolfserver.classi.TestLupo" time="0.006"/>
  <testcase name="testAura()" classname="alessandro.stamera.wherewolfserver.classi.TestLupo" time="0.006"/>
  <system-out><![CDATA[]]></system-out>
  <system-err><![CDATA[]]></system-err>
</testsuite>
