<?xml version="1.0" encoding="UTF-8"?>
<testsuite name="alessandro.stamera.wherewolfserver.classi.TestAssassino" tests="11" skipped="0" failures="0" errors="0" timestamp="2026-04-25T09:17:20" hostname="ALESSANDRO" time="0.562">
  <properties/>
  <testcase name="testControlloMedium()" classname="alessandro.stamera.wherewolfserver.classi.TestAssassino" time="0.008"/>
  <testcase name="testControllaVittoriaRomeo()" classname="alessandro.stamera.wherewolfserver.classi.TestAssassino" time="0.035"/>
  <testcase name="testLadra()" classname="alessandro.stamera.wherewolfserver.classi.TestAssassino" time="0.027"/>
  <testcase name="testAura()" classname="alessandro.stamera.wherewolfserver.classi.TestAssassino" time="0.015"/>
  <testcase name="testNome()" classname="alessandro.stamera.wherewolfserver.classi.TestAssassino" time="0.011"/>
  <testcase name="testSpia()" classname="alessandro.stamera.wherewolfserver.classi.TestAssassino" time="0.054"/>
  <testcase name="testCapoGilda()" classname="alessandro.stamera.wherewolfserver.classi.TestAssassino" time="0.013"/>
  <testcase name="tesDescrizione()" classname="alessandro.stamera.wherewolfserver.classi.TestAssassino" time="0.009"/>
  <testcase name="testSconfittaCreatureOmbra()" classname="alessandro.stamera.wherewolfserver.classi.TestAssassino" time="0.004"/>
  <testcase name="testCriminale()" classname="alessandro.stamera.wherewolfserver.classi.TestAssassino" time="0.022"/>
  <testcase name="testAssassino()" classname="alessandro.stamera.wherewolfserver.classi.TestAssassino" time="0.01"/>
  <system-out><![CDATA[]]></system-out>
  <system-err><![CDATA[]]></system-err>
</testsuite>
