<?xml version="1.0" encoding="UTF-8"?>
<testsuite name="alessandro.stamera.wherewolfserver.classi.ruoli.TestTemplare" tests="7" skipped="0" failures="0" errors="0" timestamp="2026-06-01T14:28:51" hostname="ALESSANDRO" time="0.035">
  <properties/>
  <testcase name="testControlloMedium()" classname="alessandro.stamera.wherewolfserver.classi.ruoli.TestTemplare" time="0.004"/>
  <testcase name="testAura()" classname="alessandro.stamera.wherewolfserver.classi.ruoli.TestTemplare" time="0.007"/>
  <testcase name="testBoia()" classname="alessandro.stamera.wherewolfserver.classi.ruoli.TestTemplare" time="0.003"/>
  <testcase name="testNome()" classname="alessandro.stamera.wherewolfserver.classi.ruoli.TestTemplare" time="0.001"/>
  <testcase name="testTemplare()" classname="alessandro.stamera.wherewolfserver.classi.ruoli.TestTemplare" time="0.006"/>
  <testcase name="testInquisizione()" classname="alessandro.stamera.wherewolfserver.classi.ruoli.TestTemplare" time="0.003"/>
  <testcase name="testInquisitore()" classname="alessandro.stamera.wherewolfserver.classi.ruoli.TestTemplare" time="0.001"/>
  <system-out><![CDATA[alessandro.stamera.wherewolfserver.classi.ruoli.Templare@50b8ae8d
alessandro.stamera.wherewolfserver.classi.ruoli.Templare@50b8ae8d
alessandro.stamera.wherewolfserver.classi.ruoli.Templare@50b8ae8d
alessandro.stamera.wherewolfserver.classi.ruoli.Templare@50b8ae8d
alessandro.stamera.wherewolfserver.classi.ruoli.Templare@50b8ae8d
alessandro.stamera.wherewolfserver.classi.ruoli.Templare@50b8ae8d
alessandro.stamera.wherewolfserver.classi.ruoli.Templare@50b8ae8d
]]></system-out>
  <system-err><![CDATA[]]></system-err>
</testsuite>
