<?xml version="1.0" encoding="UTF-8"?>
<testsuite name="alessandro.stamera.wherewolfserver.classi.ruoli.TestPosseduto" tests="22" skipped="0" failures="0" errors="0" timestamp="2026-05-29T14:24:42" hostname="ALESSANDRO" time="0.053">
  <properties/>
  <testcase name="testCategoria()" classname="alessandro.stamera.wherewolfserver.classi.ruoli.TestPosseduto" time="0.002"/>
  <testcase name="testPosseduto()" classname="alessandro.stamera.wherewolfserver.classi.ruoli.TestPosseduto" time="0.001"/>
  <testcase name="testFazione()" classname="alessandro.stamera.wherewolfserver.classi.ruoli.TestPosseduto" time="0.001"/>
  <testcase name="testControlloMedium()" classname="alessandro.stamera.wherewolfserver.classi.ruoli.TestPosseduto" time="0.002"/>
  <testcase name="testCitta()" classname="alessandro.stamera.wherewolfserver.classi.ruoli.TestPosseduto" time="0.002"/>
  <testcase name="testGhoul()" classname="alessandro.stamera.wherewolfserver.classi.ruoli.TestPosseduto" time="0.001"/>
  <testcase name="testPazzo()" classname="alessandro.stamera.wherewolfserver.classi.ruoli.TestPosseduto" time="0.0"/>
  <testcase name="testAura()" classname="alessandro.stamera.wherewolfserver.classi.ruoli.TestPosseduto" time="0.0"/>
  <testcase name="testLune()" classname="alessandro.stamera.wherewolfserver.classi.ruoli.TestPosseduto" time="0.003"/>
  <testcase name="testLupo()" classname="alessandro.stamera.wherewolfserver.classi.ruoli.TestPosseduto" time="0.001"/>
  <testcase name="testNome()" classname="alessandro.stamera.wherewolfserver.classi.ruoli.TestPosseduto" time="0.001"/>
  <testcase name="testInquisizione()" classname="alessandro.stamera.wherewolfserver.classi.ruoli.TestPosseduto" time="0.002"/>
  <testcase name="testPeccatore()" classname="alessandro.stamera.wherewolfserver.classi.ruoli.TestPosseduto" time="0.005"/>
  <testcase name="testSegnalazioneBoia()" classname="alessandro.stamera.wherewolfserver.classi.ruoli.TestPosseduto" time="0.001"/>
  <testcase name="testMistico()" classname="alessandro.stamera.wherewolfserver.classi.ruoli.TestPosseduto" time="0.005"/>
  <testcase name="testVillaggio()" classname="alessandro.stamera.wherewolfserver.classi.ruoli.TestPosseduto" time="0.001"/>
  <testcase name="testCriminale()" classname="alessandro.stamera.wherewolfserver.classi.ruoli.TestPosseduto" time="0.001"/>
  <testcase name="testAmanti()" classname="alessandro.stamera.wherewolfserver.classi.ruoli.TestPosseduto" time="0.001"/>
  <testcase name="testCreaturaOmbra()" classname="alessandro.stamera.wherewolfserver.classi.ruoli.TestPosseduto" time="0.001"/>
  <testcase name="testNosferatu()" classname="alessandro.stamera.wherewolfserver.classi.ruoli.TestPosseduto" time="0.0"/>
  <testcase name="testDescrizione()" classname="alessandro.stamera.wherewolfserver.classi.ruoli.TestPosseduto" time="0.002"/>
  <testcase name="testGiullare()" classname="alessandro.stamera.wherewolfserver.classi.ruoli.TestPosseduto" time="0.002"/>
  <system-out><![CDATA[alessandro.stamera.wherewolfserver.classi.ruoli.Posseduto@36b9cb99
alessandro.stamera.wherewolfserver.classi.ruoli.Posseduto@36b9cb99
alessandro.stamera.wherewolfserver.classi.ruoli.Posseduto@36b9cb99
alessandro.stamera.wherewolfserver.classi.ruoli.Posseduto@36b9cb99
alessandro.stamera.wherewolfserver.classi.ruoli.Posseduto@36b9cb99
alessandro.stamera.wherewolfserver.classi.ruoli.Posseduto@36b9cb99
alessandro.stamera.wherewolfserver.classi.ruoli.Posseduto@36b9cb99
alessandro.stamera.wherewolfserver.classi.ruoli.Posseduto@36b9cb99
alessandro.stamera.wherewolfserver.classi.ruoli.Posseduto@36b9cb99
alessandro.stamera.wherewolfserver.classi.ruoli.Posseduto@36b9cb99
alessandro.stamera.wherewolfserver.classi.ruoli.Posseduto@36b9cb99
alessandro.stamera.wherewolfserver.classi.ruoli.Posseduto@36b9cb99
alessandro.stamera.wherewolfserver.classi.ruoli.Posseduto@36b9cb99
alessandro.stamera.wherewolfserver.classi.ruoli.Posseduto@36b9cb99
alessandro.stamera.wherewolfserver.classi.ruoli.Posseduto@36b9cb99
alessandro.stamera.wherewolfserver.classi.ruoli.Posseduto@36b9cb99
alessandro.stamera.wherewolfserver.classi.ruoli.Posseduto@36b9cb99
alessandro.stamera.wherewolfserver.classi.ruoli.Posseduto@36b9cb99
alessandro.stamera.wherewolfserver.classi.ruoli.Posseduto@36b9cb99
alessandro.stamera.wherewolfserver.classi.ruoli.Posseduto@36b9cb99
alessandro.stamera.wherewolfserver.classi.ruoli.Posseduto@36b9cb99
alessandro.stamera.wherewolfserver.classi.ruoli.Posseduto@36b9cb99
]]></system-out>
  <system-err><![CDATA[]]></system-err>
</testsuite>
