<?xml version="1.0" encoding="UTF-8"?>
<testsuite name="alessandro.stamera.wherewolfserver.classi.ruoli.contadini.TestContadinoLupo" tests="23" skipped="0" failures="0" errors="0" timestamp="2026-07-28T16:19:06" hostname="ALESSANDRO" time="0.13">
  <properties/>
  <testcase name="[1] nome=Capo branco, fazione=LUPO_BRANCO" classname="alessandro.stamera.wherewolfserver.classi.ruoli.contadini.TestContadinoLupo" time="0.006"/>
  <testcase name="[2] nome=Lupo del branco, fazione=LUPO_BRANCO" classname="alessandro.stamera.wherewolfserver.classi.ruoli.contadini.TestContadinoLupo" time="0.007"/>
  <testcase name="[3] nome=Lupo reietto, fazione=LUPO_BRANCO" classname="alessandro.stamera.wherewolfserver.classi.ruoli.contadini.TestContadinoLupo" time="0.001"/>
  <testcase name="[4] nome=Lupo solitario, fazione=LUPO_SOLITARIO" classname="alessandro.stamera.wherewolfserver.classi.ruoli.contadini.TestContadinoLupo" time="0.006"/>
  <testcase name="[1] nome=Capo branco, fazione=LUPO_BRANCO" classname="alessandro.stamera.wherewolfserver.classi.ruoli.contadini.TestContadinoLupo" time="0.007"/>
  <testcase name="[2] nome=Lupo del branco, fazione=LUPO_BRANCO" classname="alessandro.stamera.wherewolfserver.classi.ruoli.contadini.TestContadinoLupo" time="0.001"/>
  <testcase name="[3] nome=Lupo reietto, fazione=LUPO_BRANCO" classname="alessandro.stamera.wherewolfserver.classi.ruoli.contadini.TestContadinoLupo" time="0.0"/>
  <testcase name="[4] nome=Lupo solitario, fazione=LUPO_SOLITARIO" classname="alessandro.stamera.wherewolfserver.classi.ruoli.contadini.TestContadinoLupo" time="0.001"/>
  <testcase name="testNome()" classname="alessandro.stamera.wherewolfserver.classi.ruoli.contadini.TestContadinoLupo" time="0.001"/>
  <testcase name="testContadinoEroe()" classname="alessandro.stamera.wherewolfserver.classi.ruoli.contadini.TestContadinoLupo" time="0.002"/>
  <testcase name="testContadinoLupo()" classname="alessandro.stamera.wherewolfserver.classi.ruoli.contadini.TestContadinoLupo" time="0.001"/>
  <testcase name="testContadinoNormale()" classname="alessandro.stamera.wherewolfserver.classi.ruoli.contadini.TestContadinoLupo" time="0.0"/>
  <testcase name="testContadino()" classname="alessandro.stamera.wherewolfserver.classi.ruoli.contadini.TestContadinoLupo" time="0.0"/>
  <testcase name="testTipoContadino()" classname="alessandro.stamera.wherewolfserver.classi.ruoli.contadini.TestContadinoLupo" time="0.0"/>
  <testcase name="testRipristino()" classname="alessandro.stamera.wherewolfserver.classi.ruoli.contadini.TestContadinoLupo" time="0.001"/>
  <testcase name="testContadinoMostro()" classname="alessandro.stamera.wherewolfserver.classi.ruoli.contadini.TestContadinoLupo" time="0.0"/>
  <testcase name="[1] partita=alessandro.stamera.wherewolfserver.classi.gestione_partita.Partita@149274cb, esito=SCONFITTA" classname="alessandro.stamera.wherewolfserver.classi.ruoli.contadini.TestContadinoLupo" time="0.001"/>
  <testcase name="[2] partita=alessandro.stamera.wherewolfserver.classi.gestione_partita.Partita@72557746, esito=NON_FINITO" classname="alessandro.stamera.wherewolfserver.classi.ruoli.contadini.TestContadinoLupo" time="0.009"/>
  <testcase name="[3] partita=alessandro.stamera.wherewolfserver.classi.gestione_partita.Partita@f723cdb, esito=VITTORIA" classname="alessandro.stamera.wherewolfserver.classi.ruoli.contadini.TestContadinoLupo" time="0.002"/>
  <testcase name="[1] nome=Capo branco, fazione=LUPO_BRANCO" classname="alessandro.stamera.wherewolfserver.classi.ruoli.contadini.TestContadinoLupo" time="0.002"/>
  <testcase name="[2] nome=Lupo del branco, fazione=LUPO_BRANCO" classname="alessandro.stamera.wherewolfserver.classi.ruoli.contadini.TestContadinoLupo" time="0.001"/>
  <testcase name="[3] nome=Lupo reietto, fazione=LUPO_BRANCO" classname="alessandro.stamera.wherewolfserver.classi.ruoli.contadini.TestContadinoLupo" time="0.001"/>
  <testcase name="[4] nome=Lupo solitario, fazione=LUPO_SOLITARIO" classname="alessandro.stamera.wherewolfserver.classi.ruoli.contadini.TestContadinoLupo" time="0.003"/>
  <system-out><![CDATA[]]></system-out>
  <system-err><![CDATA[]]></system-err>
</testsuite>
