<?xml version="1.0" encoding="UTF-8"?>
<testsuite name="alessandro.stamera.wherewolfserver.classi.gestione_partita.TestGiocatoriMortiNotte" tests="3" skipped="0" failures="0" errors="0" timestamp="2026-05-19T20:08:03" hostname="ALESSANDRO" time="0.169">
  <properties/>
  <testcase name="testProgenieNosferatu()" classname="alessandro.stamera.wherewolfserver.classi.gestione_partita.TestGiocatoriMortiNotte" time="0.125"/>
  <testcase name="testPazzo()" classname="alessandro.stamera.wherewolfserver.classi.gestione_partita.TestGiocatoriMortiNotte" time="0.033"/>
  <testcase name="testLupo()" classname="alessandro.stamera.wherewolfserver.classi.gestione_partita.TestGiocatoriMortiNotte" time="0.001"/>
  <system-out><![CDATA[]]></system-out>
  <system-err><![CDATA[]]></system-err>
</testsuite>
