<?xml version="1.0" encoding="UTF-8"?>
<testsuite name="alessandro.stamera.wherewolfserver.classi.TestContadinoNormale" tests="7" skipped="0" failures="0" errors="0" timestamp="2026-01-16T10:29:04" hostname="ALESSANDRO" time="0.114">
  <properties/>
  <testcase name="testFazione()" classname="alessandro.stamera.wherewolfserver.classi.TestContadinoNormale" time="0.003"/>
  <testcase name="testAura()" classname="alessandro.stamera.wherewolfserver.classi.TestContadinoNormale" time="0.007"/>
  <testcase name="testNome()" classname="alessandro.stamera.wherewolfserver.classi.TestContadinoNormale" time="0.015"/>
  <testcase name="testContadinoEroe()" classname="alessandro.stamera.wherewolfserver.classi.TestContadinoNormale" time="0.008"/>
  <testcase name="testContadinoNormale()" classname="alessandro.stamera.wherewolfserver.classi.TestContadinoNormale" time="0.008"/>
  <testcase name="testContadino()" classname="alessandro.stamera.wherewolfserver.classi.TestContadinoNormale" time="0.007"/>
  <testcase name="testContadinoMostro()" classname="alessandro.stamera.wherewolfserver.classi.TestContadinoNormale" time="0.012"/>
  <system-out><![CDATA[]]></system-out>
  <system-err><![CDATA[]]></system-err>
</testsuite>
