<?xml version="1.0" encoding="UTF-8"?>
<testsuite name="alessandro.stamera.wherewolfserver.classi.ruoli.TestSidhe" tests="10" skipped="0" failures="0" errors="0" timestamp="2026-05-28T14:26:13" hostname="ALESSANDRO" time="0.025">
  <properties/>
  <testcase name="testPiccoloPopolo()" classname="alessandro.stamera.wherewolfserver.classi.ruoli.TestSidhe" time="0.004"/>
  <testcase name="[1] nome=Guaritore" classname="alessandro.stamera.wherewolfserver.classi.ruoli.TestSidhe" time="0.001"/>
  <testcase name="testControlloMedium()" classname="alessandro.stamera.wherewolfserver.classi.ruoli.TestSidhe" time="0.0"/>
  <testcase name="testSidhe()" classname="alessandro.stamera.wherewolfserver.classi.ruoli.TestSidhe" time="0.001"/>
  <testcase name="testAura()" classname="alessandro.stamera.wherewolfserver.classi.ruoli.TestSidhe" time="0.0"/>
  <testcase name="testNome()" classname="alessandro.stamera.wherewolfserver.classi.ruoli.TestSidhe" time="0.001"/>
  <testcase name="testLeprecauno()" classname="alessandro.stamera.wherewolfserver.classi.ruoli.TestSidhe" time="0.0"/>
  <testcase name="testGoblin()" classname="alessandro.stamera.wherewolfserver.classi.ruoli.TestSidhe" time="0.001"/>
  <testcase name="testAttaccoNegromante()" classname="alessandro.stamera.wherewolfserver.classi.ruoli.TestSidhe" time="0.003"/>
  <testcase name="testDescrizione()" classname="alessandro.stamera.wherewolfserver.classi.ruoli.TestSidhe" time="0.001"/>
  <system-out><![CDATA[alessandro.stamera.wherewolfserver.classi.ruoli.Sidhe@ecf9fb3
alessandro.stamera.wherewolfserver.classi.ruoli.Sidhe@ecf9fb3
alessandro.stamera.wherewolfserver.classi.ruoli.Guaritore@324dcd31
alessandro.stamera.wherewolfserver.classi.ruoli.Sidhe@ecf9fb3
alessandro.stamera.wherewolfserver.classi.ruoli.Sidhe@ecf9fb3
alessandro.stamera.wherewolfserver.classi.ruoli.Sidhe@ecf9fb3
alessandro.stamera.wherewolfserver.classi.ruoli.Sidhe@ecf9fb3
alessandro.stamera.wherewolfserver.classi.ruoli.Sidhe@ecf9fb3
alessandro.stamera.wherewolfserver.classi.ruoli.Sidhe@ecf9fb3
alessandro.stamera.wherewolfserver.classi.ruoli.Sidhe@ecf9fb3
alessandro.stamera.wherewolfserver.classi.ruoli.Sidhe@ecf9fb3
]]></system-out>
  <system-err><![CDATA[]]></system-err>
</testsuite>
