<?xml version="1.0" encoding="UTF-8"?>
<testsuite name="alessandro.stamera.wherewolfserver.classi.TestGoblin" tests="13" skipped="0" failures="0" errors="0" timestamp="2026-02-27T16:57:52" hostname="ALESSANDRO" time="0.378">
  <properties/>
  <testcase name="testCategoria()" classname="alessandro.stamera.wherewolfserver.classi.TestGoblin" time="0.192"/>
  <testcase name="testFazione()" classname="alessandro.stamera.wherewolfserver.classi.TestGoblin" time="0.002"/>
  <testcase name="testCitta()" classname="alessandro.stamera.wherewolfserver.classi.TestGoblin" time="0.016"/>
  <testcase name="testGhoul()" classname="alessandro.stamera.wherewolfserver.classi.TestGoblin" time="0.008"/>
  <testcase name="testAura()" classname="alessandro.stamera.wherewolfserver.classi.TestGoblin" time="0.009"/>
  <testcase name="testBoia()" classname="alessandro.stamera.wherewolfserver.classi.TestGoblin" time="0.005"/>
  <testcase name="testLupo()" classname="alessandro.stamera.wherewolfserver.classi.TestGoblin" time="0.014"/>
  <testcase name="testNome()" classname="alessandro.stamera.wherewolfserver.classi.TestGoblin" time="0.014"/>
  <testcase name="testMistico()" classname="alessandro.stamera.wherewolfserver.classi.TestGoblin" time="0.006"/>
  <testcase name="testVillaggio()" classname="alessandro.stamera.wherewolfserver.classi.TestGoblin" time="0.006"/>
  <testcase name="testCriminale()" classname="alessandro.stamera.wherewolfserver.classi.TestGoblin" time="0.006"/>
  <testcase name="testGoblin()" classname="alessandro.stamera.wherewolfserver.classi.TestGoblin" time="0.012"/>
  <testcase name="testGiullare()" classname="alessandro.stamera.wherewolfserver.classi.TestGoblin" time="0.012"/>
  <system-out><![CDATA[]]></system-out>
  <system-err><![CDATA[]]></system-err>
</testsuite>
