<?xml version="1.0" encoding="UTF-8"?>
<testsuite name="alessandro.stamera.wherewolfserver.classi.ruoli.TestLeprecauno" tests="10" skipped="0" failures="0" errors="0" timestamp="2026-04-28T13:11:35" hostname="ALESSANDRO" time="0.064">
  <properties/>
  <testcase name="testPiccoloPopolo()" classname="alessandro.stamera.wherewolfserver.classi.ruoli.TestLeprecauno" time="0.002"/>
  <testcase name="[1] nome=Guaritore" classname="alessandro.stamera.wherewolfserver.classi.ruoli.TestLeprecauno" time="0.006"/>
  <testcase name="testControlloMedium()" classname="alessandro.stamera.wherewolfserver.classi.ruoli.TestLeprecauno" time="0.001"/>
  <testcase name="testSidhe()" classname="alessandro.stamera.wherewolfserver.classi.ruoli.TestLeprecauno" time="0.002"/>
  <testcase name="testAura()" classname="alessandro.stamera.wherewolfserver.classi.ruoli.TestLeprecauno" time="0.002"/>
  <testcase name="testNome()" classname="alessandro.stamera.wherewolfserver.classi.ruoli.TestLeprecauno" time="0.0"/>
  <testcase name="testLeprecauno()" classname="alessandro.stamera.wherewolfserver.classi.ruoli.TestLeprecauno" time="0.002"/>
  <testcase name="testGoblin()" classname="alessandro.stamera.wherewolfserver.classi.ruoli.TestLeprecauno" time="0.021"/>
  <testcase name="testAttaccoNegromante()" classname="alessandro.stamera.wherewolfserver.classi.ruoli.TestLeprecauno" time="0.002"/>
  <testcase name="testDescrizione()" classname="alessandro.stamera.wherewolfserver.classi.ruoli.TestLeprecauno" time="0.002"/>
  <system-out><![CDATA[]]></system-out>
  <system-err><![CDATA[]]></system-err>
</testsuite>
