<?xml version="1.0" encoding="UTF-8"?>
<testsuite name="alessandro.stamera.wherewolfserver.classi.TestGuardiaCorrotta" tests="5" skipped="0" failures="0" errors="0" timestamp="2026-03-23T09:59:03" hostname="ALESSANDRO" time="0.232">
  <properties/>
  <testcase name="testGuardiaCorrotta()" classname="alessandro.stamera.wherewolfserver.classi.TestGuardiaCorrotta" time="0.007"/>
  <testcase name="testFazione()" classname="alessandro.stamera.wherewolfserver.classi.TestGuardiaCorrotta" time="0.003"/>
  <testcase name="testAura()" classname="alessandro.stamera.wherewolfserver.classi.TestGuardiaCorrotta" time="0.001"/>
  <testcase name="testNome()" classname="alessandro.stamera.wherewolfserver.classi.TestGuardiaCorrotta" time="0.076"/>
  <testcase name="testDescrizione()" classname="alessandro.stamera.wherewolfserver.classi.TestGuardiaCorrotta" time="0.086"/>
  <system-out><![CDATA[]]></system-out>
  <system-err><![CDATA[]]></system-err>
</testsuite>
