<?xml version="1.0" encoding="UTF-8"?>
<testsuite name="alessandro.stamera.wherewolfserver.controller.TestUtenteController" tests="15" skipped="0" failures="0" errors="0" timestamp="2026-03-04T21:37:24" hostname="ALESSANDRO" time="1.038">
  <properties/>
  <testcase name="[1] username=marco, vecchiaPassword=passwordsecret, nuovaPassword=newpwd, risultato=Password cambiata correttamente" classname="alessandro.stamera.wherewolfserver.controller.TestUtenteController" time="0.449"/>
  <testcase name="[2] username=bruce, vecchiaPassword=batmanbeyond, nuovaPassword=batmanbeyond, risultato=ERRORE!!! Password uguale alla precedente" classname="alessandro.stamera.wherewolfserver.controller.TestUtenteController" time="0.021"/>
  <testcase name="[3] username=andrea, vecchiaPassword=skibidiboppi, nuovaPassword=ped32312231, risultato=ERRORE!!! Inserire la password attuale corretta" classname="alessandro.stamera.wherewolfserver.controller.TestUtenteController" time="0.019"/>
  <testcase name="[1] username=andrea, password=andrea1998, risultato=Login eseguito correttamente" classname="alessandro.stamera.wherewolfserver.controller.TestUtenteController" time="0.03"/>
  <testcase name="[2] username=marco, password=passwordsecret, risultato=Login eseguito correttamente" classname="alessandro.stamera.wherewolfserver.controller.TestUtenteController" time="0.018"/>
  <testcase name="[3] username=bruce, password=batmanbeyond, risultato=Login eseguito correttamente" classname="alessandro.stamera.wherewolfserver.controller.TestUtenteController" time="0.024"/>
  <testcase name="[4] username=andrea, password=pwdsbagliata, risultato=ERRORE!!! Username o password errate" classname="alessandro.stamera.wherewolfserver.controller.TestUtenteController" time="0.016"/>
  <testcase name="[5] username=gino, password=batmanbeyond, risultato=ERRORE!!! Username o password errate" classname="alessandro.stamera.wherewolfserver.controller.TestUtenteController" time="0.022"/>
  <testcase name="[6] username=utentefinto, password=pwdfinta, risultato=ERRORE!!! Username o password errate" classname="alessandro.stamera.wherewolfserver.controller.TestUtenteController" time="0.052"/>
  <testcase name="[1] username=marco, password=passworddimarco, risultato=ERRORE!!! Nome utente già inserito" classname="alessandro.stamera.wherewolfserver.controller.TestUtenteController" time="0.022"/>
  <testcase name="[2] username=pinuccio, password=pwdpinuccio, risultato=Registrazione avvenuta correttamente" classname="alessandro.stamera.wherewolfserver.controller.TestUtenteController" time="0.016"/>
  <testcase name="[1] username=andrea, password=andrea1998, risultato=Disiscrizione avvenuta correttamente" classname="alessandro.stamera.wherewolfserver.controller.TestUtenteController" time="0.027"/>
  <testcase name="[2] username=marco, password=passwordcasual, risultato=ERRORE!!! Inserire la password corretta" classname="alessandro.stamera.wherewolfserver.controller.TestUtenteController" time="0.019"/>
  <testcase name="[3] username=sulpicio, password=batmanbeyond, risultato=ERRORE!!! Utente non esistente" classname="alessandro.stamera.wherewolfserver.controller.TestUtenteController" time="0.029"/>
  <testcase name="[4] username=sigismondo, password=pwdfantasiosa, risultato=ERRORE!!! Utente non esistente" classname="alessandro.stamera.wherewolfserver.controller.TestUtenteController" time="0.018"/>
  <system-out><![CDATA[22:37:18.833 [Test worker] INFO org.springframework.test.context.support.AnnotationConfigContextLoaderUtils -- Could not detect default configuration classes for test class [alessandro.stamera.wherewolfserver.controller.TestUtenteController]: TestUtenteController does not declare any static, non-private, non-final, nested classes annotated with @Configuration.
22:37:19.321 [Test worker] INFO org.springframework.boot.test.context.SpringBootTestContextBootstrapper -- Found @SpringBootConfiguration alessandro.stamera.wherewolfserver.WherewolfServerApplication for test class alessandro.stamera.wherewolfserver.controller.TestUtenteController

  .   ____          _            __ _ _
 /\\ / ___'_ __ _ _(_)_ __  __ _ \ \ \ \
( ( )\___ | '_ | '_| | '_ \/ _` | \ \ \ \
 \\/  ___)| |_)| | | | | || (_| |  ) ) ) )
  '  |____| .__|_| |_|_| |_\__, | / / / /
 =========|_|==============|___/=/_/_/_/

 :: Spring Boot ::                (v3.3.1)

2026-03-04T22:37:20.639+01:00  INFO 21184 --- [    Test worker] a.s.w.controller.TestUtenteController    : Starting TestUtenteController using Java 21.0.3 with PID 21184 (started by SandrettoFX in C:\Users\SandrettoFX\IdeaProjects\wherewolf.server)
2026-03-04T22:37:20.642+01:00  INFO 21184 --- [    Test worker] a.s.w.controller.TestUtenteController    : No active profile set, falling back to 1 default profile: "default"
2026-03-04T22:37:23.988+01:00  INFO 21184 --- [    Test worker] o.s.b.t.m.w.SpringBootMockServletContext : Initializing Spring TestDispatcherServlet ''
2026-03-04T22:37:23.990+01:00  INFO 21184 --- [    Test worker] o.s.t.web.servlet.TestDispatcherServlet  : Initializing Servlet ''
2026-03-04T22:37:23.999+01:00  INFO 21184 --- [    Test worker] o.s.t.web.servlet.TestDispatcherServlet  : Completed initialization in 4 ms
2026-03-04T22:37:24.120+01:00  INFO 21184 --- [    Test worker] a.s.w.controller.TestUtenteController    : Started TestUtenteController in 4.538 seconds (process running for 15.589)
]]></system-out>
  <system-err><![CDATA[]]></system-err>
</testsuite>
