<?xml version="1.0" encoding="UTF-8"?>
<testsuite name="alessandro.stamera.wherewolfserver.classi.ruoli.TestBoia" tests="12" skipped="0" failures="0" errors="0" timestamp="2026-05-15T10:41:36" hostname="ALESSANDRO" time="0.038">
  <properties/>
  <testcase name="testControlloMedium()" classname="alessandro.stamera.wherewolfserver.classi.ruoli.TestBoia" time="0.001"/>
  <testcase name="testAura()" classname="alessandro.stamera.wherewolfserver.classi.ruoli.TestBoia" time="0.0"/>
  <testcase name="testBoia()" classname="alessandro.stamera.wherewolfserver.classi.ruoli.TestBoia" time="0.001"/>
  <testcase name="testNome()" classname="alessandro.stamera.wherewolfserver.classi.ruoli.TestBoia" time="0.001"/>
  <testcase name="testTemplare()" classname="alessandro.stamera.wherewolfserver.classi.ruoli.TestBoia" time="0.001"/>
  <testcase name="testInquisizione()" classname="alessandro.stamera.wherewolfserver.classi.ruoli.TestBoia" time="0.0"/>
  <testcase name="testInquisitore()" classname="alessandro.stamera.wherewolfserver.classi.ruoli.TestBoia" time="0.001"/>
  <testcase name="[1] partita=alessandro.stamera.wherewolfserver.classi.gestione_partita.Partita@5befbac1, esito=SCONFITTA" classname="alessandro.stamera.wherewolfserver.classi.ruoli.TestBoia" time="0.001"/>
  <testcase name="[2] partita=alessandro.stamera.wherewolfserver.classi.gestione_partita.Partita@5e9f73b, esito=NON_FINITO" classname="alessandro.stamera.wherewolfserver.classi.ruoli.TestBoia" time="0.0"/>
  <testcase name="[3] partita=alessandro.stamera.wherewolfserver.classi.gestione_partita.Partita@1a565afb, esito=SCONFITTA" classname="alessandro.stamera.wherewolfserver.classi.ruoli.TestBoia" time="0.001"/>
  <testcase name="[4] partita=alessandro.stamera.wherewolfserver.classi.gestione_partita.Partita@2fd64b11, esito=VITTORIA" classname="alessandro.stamera.wherewolfserver.classi.ruoli.TestBoia" time="0.001"/>
  <testcase name="testDescrizione()" classname="alessandro.stamera.wherewolfserver.classi.ruoli.TestBoia" time="0.0"/>
  <system-out><![CDATA[]]></system-out>
  <system-err><![CDATA[]]></system-err>
</testsuite>
