<?xml version="1.0" encoding="UTF-8"?>
<testsuite name="alessandro.stamera.wherewolfserver.classi.TestCapoBranco" tests="9" skipped="0" failures="0" errors="0" timestamp="2026-04-09T13:58:23" hostname="ALESSANDRO" time="0.056">
  <properties/>
  <testcase name="testLupoBranco()" classname="alessandro.stamera.wherewolfserver.classi.TestCapoBranco" time="0.001"/>
  <testcase name="testLune()" classname="alessandro.stamera.wherewolfserver.classi.TestCapoBranco" time="0.002"/>
  <testcase name="testLupo()" classname="alessandro.stamera.wherewolfserver.classi.TestCapoBranco" time="0.002"/>
  <testcase name="testNome()" classname="alessandro.stamera.wherewolfserver.classi.TestCapoBranco" time="0.004"/>
  <testcase name="testLupoReietto()" classname="alessandro.stamera.wherewolfserver.classi.TestCapoBranco" time="0.002"/>
  <testcase name="testGiovaneLupo()" classname="alessandro.stamera.wherewolfserver.classi.TestCapoBranco" time="0.001"/>
  <testcase name="testCapoBranco()" classname="alessandro.stamera.wherewolfserver.classi.TestCapoBranco" time="0.001"/>
  <testcase name="[1] tratto=CREATURA_OMBRA" classname="alessandro.stamera.wherewolfserver.classi.TestCapoBranco" time="0.002"/>
  <testcase name="testDescrizione()" classname="alessandro.stamera.wherewolfserver.classi.TestCapoBranco" time="0.004"/>
  <system-out><![CDATA[]]></system-out>
  <system-err><![CDATA[]]></system-err>
</testsuite>
