<?xml version="1.0" encoding="UTF-8"?>
<testsuite name="alessandro.stamera.wherewolfserver.classi.TestEremita" tests="22" skipped="0" failures="0" errors="0" timestamp="2026-04-03T15:25:53" hostname="ALESSANDRO" time="0.083">
  <properties/>
  <testcase name="testEremita()" classname="alessandro.stamera.wherewolfserver.classi.TestEremita" time="0.002"/>
  <testcase name="[1] nome=Capo branco" classname="alessandro.stamera.wherewolfserver.classi.TestEremita" time="0.001"/>
  <testcase name="testControlloMedium()" classname="alessandro.stamera.wherewolfserver.classi.TestEremita" time="0.001"/>
  <testcase name="testBardo()" classname="alessandro.stamera.wherewolfserver.classi.TestEremita" time="0.003"/>
  <testcase name="testAura()" classname="alessandro.stamera.wherewolfserver.classi.TestEremita" time="0.002"/>
  <testcase name="testLune()" classname="alessandro.stamera.wherewolfserver.classi.TestEremita" time="0.001"/>
  <testcase name="testMago()" classname="alessandro.stamera.wherewolfserver.classi.TestEremita" time="0.002"/>
  <testcase name="testNome()" classname="alessandro.stamera.wherewolfserver.classi.TestEremita" time="0.002"/>
  <testcase name="testVoti()" classname="alessandro.stamera.wherewolfserver.classi.TestEremita" time="0.004"/>
  <testcase name="testAttaccoNosferatu()" classname="alessandro.stamera.wherewolfserver.classi.TestEremita" time="0.002"/>
  <testcase name="testCacciatore()" classname="alessandro.stamera.wherewolfserver.classi.TestEremita" time="0.001"/>
  <testcase name="testGuardia()" classname="alessandro.stamera.wherewolfserver.classi.TestEremita" time="0.003"/>
  <testcase name="testCacciatoreDiVampiri()" classname="alessandro.stamera.wherewolfserver.classi.TestEremita" time="0.001"/>
  <testcase name="testCappuccettoRosso()" classname="alessandro.stamera.wherewolfserver.classi.TestEremita" time="0.002"/>
  <testcase name="testGuaritore()" classname="alessandro.stamera.wherewolfserver.classi.TestEremita" time="0.002"/>
  <testcase name="testMistico()" classname="alessandro.stamera.wherewolfserver.classi.TestEremita" time="0.003"/>
  <testcase name="testVillaggio()" classname="alessandro.stamera.wherewolfserver.classi.TestEremita" time="0.004"/>
  <testcase name="testBracconiere()" classname="alessandro.stamera.wherewolfserver.classi.TestEremita" time="0.004"/>
  <testcase name="testMonaco()" classname="alessandro.stamera.wherewolfserver.classi.TestEremita" time="0.003"/>
  <testcase name="testProtezioni()" classname="alessandro.stamera.wherewolfserver.classi.TestEremita" time="0.001"/>
  <testcase name="testDescrizione()" classname="alessandro.stamera.wherewolfserver.classi.TestEremita" time="0.001"/>
  <testcase name="testBecchino()" classname="alessandro.stamera.wherewolfserver.classi.TestEremita" time="0.003"/>
  <system-out><![CDATA[]]></system-out>
  <system-err><![CDATA[]]></system-err>
</testsuite>
