<?xml version="1.0" encoding="UTF-8"?>
<testsuite name="alessandro.stamera.wherewolfserver.classi.TestInquisitore" tests="6" skipped="0" failures="0" errors="0" timestamp="2026-03-19T10:32:39" hostname="ALESSANDRO" time="0.017">
  <properties/>
  <testcase name="testAura()" classname="alessandro.stamera.wherewolfserver.classi.TestInquisitore" time="0.001"/>
  <testcase name="testBoia()" classname="alessandro.stamera.wherewolfserver.classi.TestInquisitore" time="0.001"/>
  <testcase name="testNome()" classname="alessandro.stamera.wherewolfserver.classi.TestInquisitore" time="0.002"/>
  <testcase name="testInquisizione()" classname="alessandro.stamera.wherewolfserver.classi.TestInquisitore" time="0.001"/>
  <testcase name="testInquisitore()" classname="alessandro.stamera.wherewolfserver.classi.TestInquisitore" time="0.002"/>
  <testcase name="testDescrizione()" classname="alessandro.stamera.wherewolfserver.classi.TestInquisitore" time="0.002"/>
  <system-out><![CDATA[]]></system-out>
  <system-err><![CDATA[]]></system-err>
</testsuite>
