<?xml version="1.0" encoding="UTF-8"?>
<testsuite name="alessandro.stamera.wherewolfserver.classi.TestBoccaDiRosa" tests="12" skipped="0" failures="0" errors="0" timestamp="2026-02-12T13:24:42" hostname="ALESSANDRO" time="0.113">
  <properties/>
  <testcase name="testBardo()" classname="alessandro.stamera.wherewolfserver.classi.TestBoccaDiRosa" time="0.003"/>
  <testcase name="testAura()" classname="alessandro.stamera.wherewolfserver.classi.TestBoccaDiRosa" time="0.006"/>
  <testcase name="testBoia()" classname="alessandro.stamera.wherewolfserver.classi.TestBoccaDiRosa" time="0.023"/>
  <testcase name="testLupo()" classname="alessandro.stamera.wherewolfserver.classi.TestBoccaDiRosa" time="0.007"/>
  <testcase name="testNome()" classname="alessandro.stamera.wherewolfserver.classi.TestBoccaDiRosa" time="0.006"/>
  <testcase name="testVoti()" classname="alessandro.stamera.wherewolfserver.classi.TestBoccaDiRosa" time="0.005"/>
  <testcase name="testBoccaDiRosa()" classname="alessandro.stamera.wherewolfserver.classi.TestBoccaDiRosa" time="0.005"/>
  <testcase name="testContadino()" classname="alessandro.stamera.wherewolfserver.classi.TestBoccaDiRosa" time="0.003"/>
  <testcase name="testAzzeccagarbugli()" classname="alessandro.stamera.wherewolfserver.classi.TestBoccaDiRosa" time="0.002"/>
  <testcase name="testCriminale()" classname="alessandro.stamera.wherewolfserver.classi.TestBoccaDiRosa" time="0.001"/>
  <testcase name="testDescrizione()" classname="alessandro.stamera.wherewolfserver.classi.TestBoccaDiRosa" time="0.001"/>
  <testcase name="testBecchino()" classname="alessandro.stamera.wherewolfserver.classi.TestBoccaDiRosa" time="0.001"/>
  <system-out><![CDATA[]]></system-out>
  <system-err><![CDATA[]]></system-err>
</testsuite>
