<?xml version="1.0" encoding="UTF-8"?>
<testsuite name="alessandro.stamera.wherewolfserver.classi.TestBardo" tests="10" skipped="0" failures="0" errors="0" timestamp="2026-02-04T10:09:13" hostname="ALESSANDRO" time="0.046">
  <properties/>
  <testcase name="testAngeloCustode()" classname="alessandro.stamera.wherewolfserver.classi.TestBardo" time="0.002"/>
  <testcase name="testFazione()" classname="alessandro.stamera.wherewolfserver.classi.TestBardo" time="0.001"/>
  <testcase name="testLune()" classname="alessandro.stamera.wherewolfserver.classi.TestBardo" time="0.001"/>
  <testcase name="testNome()" classname="alessandro.stamera.wherewolfserver.classi.TestBardo" time="0.001"/>
  <testcase name="testCapoGilda()" classname="alessandro.stamera.wherewolfserver.classi.TestBardo" time="0.002"/>
  <testcase name="testBoccaDiRosa()" classname="alessandro.stamera.wherewolfserver.classi.TestBardo" time="0.004"/>
  <testcase name="testMistico()" classname="alessandro.stamera.wherewolfserver.classi.TestBardo" time="0.001"/>
  <testcase name="testAzzeccagarbugli()" classname="alessandro.stamera.wherewolfserver.classi.TestBardo" time="0.002"/>
  <testcase name="testBianca()" classname="alessandro.stamera.wherewolfserver.classi.TestBardo" time="0.005"/>
  <testcase name="testBecchino()" classname="alessandro.stamera.wherewolfserver.classi.TestBardo" time="0.007"/>
  <system-out><![CDATA[]]></system-out>
  <system-err><![CDATA[]]></system-err>
</testsuite>
