<?xml version="1.0" encoding="UTF-8"?>
<testsuite name="alessandro.stamera.wherewolfserver.classi.ruoli.TestOratore" tests="10" skipped="0" failures="0" errors="0" timestamp="2026-05-28T12:45:43" hostname="ALESSANDRO" time="0.129">
  <properties/>
  <testcase name="testOratore()" classname="alessandro.stamera.wherewolfserver.classi.ruoli.TestOratore" time="0.01"/>
  <testcase name="testControlloMedium()" classname="alessandro.stamera.wherewolfserver.classi.ruoli.TestOratore" time="0.008"/>
  <testcase name="testCitta()" classname="alessandro.stamera.wherewolfserver.classi.ruoli.TestOratore" time="0.004"/>
  <testcase name="testAura()" classname="alessandro.stamera.wherewolfserver.classi.ruoli.TestOratore" time="0.005"/>
  <testcase name="testNome()" classname="alessandro.stamera.wherewolfserver.classi.ruoli.TestOratore" time="0.006"/>
  <testcase name="testBoccaDiRosa()" classname="alessandro.stamera.wherewolfserver.classi.ruoli.TestOratore" time="0.006"/>
  <testcase name="testMercante()" classname="alessandro.stamera.wherewolfserver.classi.ruoli.TestOratore" time="0.007"/>
  <testcase name="testAzzeccagarbugli()" classname="alessandro.stamera.wherewolfserver.classi.ruoli.TestOratore" time="0.003"/>
  <testcase name="testBorgomastro()" classname="alessandro.stamera.wherewolfserver.classi.ruoli.TestOratore" time="0.004"/>
  <testcase name="testDescrizione()" classname="alessandro.stamera.wherewolfserver.classi.ruoli.TestOratore" time="0.006"/>
  <system-out><![CDATA[alessandro.stamera.wherewolfserver.classi.ruoli.Oratore@3caa4757
alessandro.stamera.wherewolfserver.classi.ruoli.Oratore@3caa4757
alessandro.stamera.wherewolfserver.classi.ruoli.Oratore@3caa4757
alessandro.stamera.wherewolfserver.classi.ruoli.Oratore@3caa4757
alessandro.stamera.wherewolfserver.classi.ruoli.Oratore@3caa4757
alessandro.stamera.wherewolfserver.classi.ruoli.Oratore@3caa4757
alessandro.stamera.wherewolfserver.classi.ruoli.Oratore@3caa4757
alessandro.stamera.wherewolfserver.classi.ruoli.Oratore@3caa4757
alessandro.stamera.wherewolfserver.classi.ruoli.Oratore@3caa4757
alessandro.stamera.wherewolfserver.classi.ruoli.Oratore@3caa4757
]]></system-out>
  <system-err><![CDATA[]]></system-err>
</testsuite>
